#
# There is insufficient memory for the Java Runtime Environment to continue.
# Native memory allocation (malloc) failed to allocate 121984 bytes for Chunk::new
# Possible reasons:
#   The system is out of physical RAM or swap space
#   The process is running with CompressedOops enabled, and the Java Heap may be blocking the growth of the native heap
# Possible solutions:
#   Reduce memory load on the system
#   Increase physical memory or swap space
#   Check if swap backing store is full
#   Decrease Java heap size (-Xmx/-Xms)
#   Decrease number of Java threads
#   Decrease Java thread stack sizes (-Xss)
#   Set larger code cache with -XX:ReservedCodeCacheSize=
#   JVM is running with Unscaled Compressed Oops mode in which the Java heap is
#     placed in the first 4GB address space. The Java Heap base address is the
#     maximum limit for the native heap growth. Please use -XX:HeapBaseMinAddress
#     to set the Java Heap base and to place the Java Heap above 4GB virtual address.
# This output file may be truncated or incomplete.
#
#  Out of Memory Error (arena.cpp:189), pid=3716, tid=10212
#
# JRE version: Java(TM) SE Runtime Environment (17.0.2+8) (build 17.0.2+8-LTS-86)
# Java VM: Java HotSpot(TM) 64-Bit Server VM (17.0.2+8-LTS-86, mixed mode, sharing, tiered, compressed oops, compressed class ptrs, g1 gc, windows-amd64)
# No core dump will be written. Minidumps are not enabled by default on client versions of Windows
#

---------------  S U M M A R Y ------------

Command Line: --module-path=C:\Users\alinv\OneDrive\Desktop\javafx-sdk-17.0.2\lib --add-modules=javafx.controls,javafx.fxml --module-path=C:\Users\alinv\OneDrive\Desktop\javafx-sdk-17.0.2\lib --add-modules=javafx.controls,javafx.fxml -Dfile.encoding=windows-1252 -Duser.country=US -Duser.language=en -Duser.variant client.Main

Host: Intel(R) Core(TM) i5-8265U CPU @ 1.60GHz, 8 cores, 7G,  Windows 10 , 64 bit Build 19041 (10.0.19041.1566)
Time: Thu Mar 31 22:00:05 2022 GTB Daylight Time elapsed time: 78.816609 seconds (0d 0h 1m 18s)

---------------  T H R E A D  ---------------

Current thread (0x0000018638eaedf0):  JavaThread "C2 CompilerThread0" daemon [_thread_in_native, id=10212, stack(0x00000059bf100000,0x00000059bf200000)]


Current CompileTask:
C2:  78816 5672       4       com.sun.javafx.iio.common.ImageLoaderImpl::updateImageProgress (90 bytes)

Stack: [0x00000059bf100000,0x00000059bf200000]
Native frames: (J=compiled Java code, j=interpreted, Vv=VM code, C=native code)
V  [jvm.dll+0x670baa]
V  [jvm.dll+0x7cfcb4]
V  [jvm.dll+0x7d145e]
V  [jvm.dll+0x7d1ac3]
V  [jvm.dll+0x242bc5]
V  [jvm.dll+0xaa57b]
V  [jvm.dll+0xaab0c]
V  [jvm.dll+0x35fd07]
V  [jvm.dll+0x1b9982]
V  [jvm.dll+0x215de9]
V  [jvm.dll+0x2150b1]
V  [jvm.dll+0x1a1bbd]
V  [jvm.dll+0x224908]
V  [jvm.dll+0x222a6c]
V  [jvm.dll+0x7859bb]
V  [jvm.dll+0x77ff7a]
V  [jvm.dll+0x66fa35]
C  [ucrtbase.dll+0x21bb2]
C  [KERNEL32.DLL+0x17034]
C  [ntdll.dll+0x52651]


---------------  P R O C E S S  ---------------

Threads class SMR info:
_java_thread_list=0x00000186419bc4e0, length=31, elements={
0x000001861ae81ed0, 0x0000018638e83350, 0x0000018638e84870, 0x0000018638e99630,
0x0000018638e9a0f0, 0x0000018638e9d160, 0x0000018638e9f1d0, 0x0000018638eaedf0,
0x0000018638eb33d0, 0x0000018638eb48f0, 0x0000018638e6a3d0, 0x000001863a09d6f0,
0x000001863a3f9b20, 0x000001863a44c820, 0x0000018639c26890, 0x000001863a3d4f50,
0x000001863ace5540, 0x000001863ad11c20, 0x000001863aea6480, 0x000001863aea6950,
0x000001863aea5ae0, 0x000001863aea6e20, 0x000001863aea72f0, 0x000001863aea77c0,
0x000001863aea8fd0, 0x000001863aea7c90, 0x000001863aea8160, 0x000001863aea8630,
0x000001863aea8b00, 0x000001863aea5610, 0x0000018639d2c6c0
}

Java Threads: ( => current thread )
  0x000001861ae81ed0 JavaThread "main" [_thread_blocked, id=17592, stack(0x00000059be400000,0x00000059be500000)]
  0x0000018638e83350 JavaThread "Reference Handler" daemon [_thread_blocked, id=12700, stack(0x00000059beb00000,0x00000059bec00000)]
  0x0000018638e84870 JavaThread "Finalizer" daemon [_thread_blocked, id=17448, stack(0x00000059bec00000,0x00000059bed00000)]
  0x0000018638e99630 JavaThread "Signal Dispatcher" daemon [_thread_blocked, id=10764, stack(0x00000059bed00000,0x00000059bee00000)]
  0x0000018638e9a0f0 JavaThread "Attach Listener" daemon [_thread_blocked, id=22332, stack(0x00000059bee00000,0x00000059bef00000)]
  0x0000018638e9d160 JavaThread "Service Thread" daemon [_thread_blocked, id=16760, stack(0x00000059bef00000,0x00000059bf000000)]
  0x0000018638e9f1d0 JavaThread "Monitor Deflation Thread" daemon [_thread_blocked, id=24480, stack(0x00000059bf000000,0x00000059bf100000)]
=>0x0000018638eaedf0 JavaThread "C2 CompilerThread0" daemon [_thread_in_native, id=10212, stack(0x00000059bf100000,0x00000059bf200000)]
  0x0000018638eb33d0 JavaThread "C1 CompilerThread0" daemon [_thread_blocked, id=15588, stack(0x00000059bf200000,0x00000059bf300000)]
  0x0000018638eb48f0 JavaThread "Sweeper thread" daemon [_thread_blocked, id=12460, stack(0x00000059bf300000,0x00000059bf400000)]
  0x0000018638e6a3d0 JavaThread "Common-Cleaner" daemon [_thread_blocked, id=592, stack(0x00000059bf400000,0x00000059bf500000)]
  0x000001863a09d6f0 JavaThread "Notification Thread" daemon [_thread_blocked, id=21196, stack(0x00000059bf600000,0x00000059bf700000)]
  0x000001863a3f9b20 JavaThread "QuantumRenderer-0" daemon [_thread_blocked, id=22176, stack(0x00000059bf800000,0x00000059bf900000)]
  0x000001863a44c820 JavaThread "InvokeLaterDispatcher" daemon [_thread_blocked, id=22988, stack(0x00000059bf900000,0x00000059bfa00000)]
  0x0000018639c26890 JavaThread "JavaFX Application Thread" [_thread_in_native, id=23936, stack(0x00000059bfa00000,0x00000059bfb00000)]
  0x000001863a3d4f50 JavaThread "Thread-1" daemon [_thread_in_native, id=7144, stack(0x00000059bfe00000,0x00000059bff00000)]
  0x000001863ace5540 JavaThread "JavaFX-Launcher" [_thread_blocked, id=7160, stack(0x00000059bf500000,0x00000059bf600000)]
  0x000001863ad11c20 JavaThread "Prism Font Disposer" daemon [_thread_blocked, id=6528, stack(0x00000059c0400000,0x00000059c0500000)]
  0x000001863aea6480 JavaThread "Cleaner-0" daemon [_thread_blocked, id=20924, stack(0x00000059c0300000,0x00000059c0400000)]
  0x000001863aea6950 JavaThread "Thread-3" daemon [_thread_in_native, id=14488, stack(0x00000059c1400000,0x00000059c1500000)]
  0x000001863aea5ae0 JavaThread "WebSocketClient-AsyncIO-1" daemon [_thread_in_native, id=6084, stack(0x00000059c1500000,0x00000059c1600000)]
  0x000001863aea6e20 JavaThread "WebSocketClient-AsyncIO-2" daemon [_thread_in_native, id=13368, stack(0x00000059c1600000,0x00000059c1700000)]
  0x000001863aea72f0 JavaThread "WebSocketClient-AsyncIO-3" daemon [_thread_in_native, id=11348, stack(0x00000059c1700000,0x00000059c1800000)]
  0x000001863aea77c0 JavaThread "WebSocketClient-AsyncIO-4" daemon [_thread_in_native, id=16772, stack(0x00000059c1800000,0x00000059c1900000)]
  0x000001863aea8fd0 JavaThread "WebSocketClient-AsyncIO-5" daemon [_thread_in_native, id=8444, stack(0x00000059c1900000,0x00000059c1a00000)]
  0x000001863aea7c90 JavaThread "WebSocketClient-AsyncIO-6" daemon [_thread_in_native, id=14112, stack(0x00000059c1a00000,0x00000059c1b00000)]
  0x000001863aea8160 JavaThread "WebSocketClient-AsyncIO-7" daemon [_thread_in_native, id=21080, stack(0x00000059c1b00000,0x00000059c1c00000)]
  0x000001863aea8630 JavaThread "WebSocketClient-AsyncIO-8" daemon [_thread_in_native, id=12316, stack(0x00000059c1c00000,0x00000059c1d00000)]
  0x000001863aea8b00 JavaThread "WebSocket background processing" daemon [_thread_blocked, id=8340, stack(0x00000059c1d00000,0x00000059c1e00000)]
  0x000001863aea5610 JavaThread "Keep-Alive-Timer" daemon [_thread_blocked, id=15760, stack(0x00000059c1000000,0x00000059c1100000)]
  0x0000018639d2c6c0 JavaThread "C2 CompilerThread1" daemon [_thread_in_native, id=19876, stack(0x00000059be100000,0x00000059be200000)]

Other Threads:
  0x0000018638e7d0a0 VMThread "VM Thread" [stack: 0x00000059bea00000,0x00000059beb00000] [id=14712]
  0x0000018639beebc0 WatcherThread [stack: 0x00000059bf700000,0x00000059bf800000] [id=9124]
  0x000001861aebf6b0 GCTaskThread "GC Thread#0" [stack: 0x00000059be500000,0x00000059be600000] [id=12140]
  0x000001863a9e3190 GCTaskThread "GC Thread#1" [stack: 0x00000059bff00000,0x00000059c0000000] [id=10256]
  0x000001863a9dc920 GCTaskThread "GC Thread#2" [stack: 0x00000059c0000000,0x00000059c0100000] [id=20472]
  0x000001863ac19280 GCTaskThread "GC Thread#3" [stack: 0x00000059c0100000,0x00000059c0200000] [id=22188]
  0x000001863ac4d220 GCTaskThread "GC Thread#4" [stack: 0x00000059c0200000,0x00000059c0300000] [id=11140]
  0x000001863b1a3ab0 GCTaskThread "GC Thread#5" [stack: 0x00000059c0500000,0x00000059c0600000] [id=22588]
  0x000001864140b010 GCTaskThread "GC Thread#6" [stack: 0x00000059c0600000,0x00000059c0700000] [id=20200]
  0x000001863b19ef70 GCTaskThread "GC Thread#7" [stack: 0x00000059c0700000,0x00000059c0800000] [id=21152]
  0x000001861aed0f50 ConcurrentGCThread "G1 Main Marker" [stack: 0x00000059be600000,0x00000059be700000] [id=5804]
  0x000001861aed2010 ConcurrentGCThread "G1 Conc#0" [stack: 0x00000059be700000,0x00000059be800000] [id=20592]
  0x000001863b0bbfe0 ConcurrentGCThread "G1 Conc#1" [stack: 0x00000059c1100000,0x00000059c1200000] [id=17936]
  0x000001861af4eb60 ConcurrentGCThread "G1 Refine#0" [stack: 0x00000059be800000,0x00000059be900000] [id=16612]
  0x0000018638d36630 ConcurrentGCThread "G1 Service" [stack: 0x00000059be900000,0x00000059bea00000] [id=1000]

Threads with active compile tasks:
C2 CompilerThread0    78855 5672       4       com.sun.javafx.iio.common.ImageLoaderImpl::updateImageProgress (90 bytes)
C2 CompilerThread1    78855 5673       4       com.sun.javafx.iio.jpeg.JPEGImageLoader::updateImageProgress (16 bytes)

VM state: not at safepoint (normal execution)

VM Mutex/Monitor currently owned by a thread: None

Heap address: 0x0000000082e00000, size: 2002 MB, Compressed Oops mode: 32-bit

CDS archive(s) mapped at: [0x0000000800000000-0x0000000800bc0000-0x0000000800bc0000), size 12320768, SharedBaseAddress: 0x0000000800000000, ArchiveRelocationMode: 0.
Compressed class space mapped at: 0x0000000800c00000-0x0000000840c00000, reserved size: 1073741824
Narrow klass base: 0x0000000800000000, Narrow klass shift: 0, Narrow klass range: 0x100000000

GC Precious Log:
 CPUs: 8 total, 8 available
 Memory: 8005M
 Large Page Support: Disabled
 NUMA Support: Disabled
 Compressed Oops: Enabled (32-bit)
 Heap Region Size: 1M
 Heap Min Capacity: 8M
 Heap Initial Capacity: 126M
 Heap Max Capacity: 2002M
 Pre-touch: Disabled
 Parallel Workers: 8
 Concurrent Workers: 2
 Concurrent Refinement Workers: 8
 Periodic GC: Disabled

Heap:
 garbage-first heap   total 263168K, used 155903K [0x0000000082e00000, 0x0000000100000000)
  region size 1024K, 2 young (2048K), 1 survivors (1024K)
 Metaspace       used 33755K, committed 34112K, reserved 1081344K
  class space    used 4488K, committed 4672K, reserved 1048576K

Heap Regions: E=young(eden), S=young(survivor), O=old, HS=humongous(starts), HC=humongous(continues), CS=collection set, F=free, OA=open archive, CA=closed archive, TAMS=top-at-mark-start (previous, next)
|   0|0x0000000082e00000, 0x0000000082f00000, 0x0000000082f00000|100%| O|  |TAMS 0x0000000082f00000, 0x0000000082e00000| Untracked 
|   1|0x0000000082f00000, 0x0000000083000000, 0x0000000083000000|100%| O|  |TAMS 0x0000000083000000, 0x0000000082f00000| Untracked 
|   2|0x0000000083000000, 0x0000000083100000, 0x0000000083100000|100%| O|  |TAMS 0x0000000083100000, 0x0000000083000000| Untracked 
|   3|0x0000000083100000, 0x0000000083200000, 0x0000000083200000|100%| O|  |TAMS 0x0000000083200000, 0x0000000083100000| Untracked 
|   4|0x0000000083200000, 0x0000000083300000, 0x0000000083300000|100%| O|  |TAMS 0x0000000083300000, 0x0000000083200000| Untracked 
|   5|0x0000000083300000, 0x0000000083400000, 0x0000000083400000|100%|HS|  |TAMS 0x0000000083400000, 0x0000000083300000| Complete 
|   6|0x0000000083400000, 0x0000000083500000, 0x0000000083500000|100%|HS|  |TAMS 0x0000000083500000, 0x0000000083400000| Complete 
|   7|0x0000000083500000, 0x0000000083600000, 0x0000000083600000|100%|HS|  |TAMS 0x0000000083600000, 0x0000000083500000| Complete 
|   8|0x0000000083600000, 0x0000000083700000, 0x0000000083700000|100%|HS|  |TAMS 0x0000000083700000, 0x0000000083600000| Complete 
|   9|0x0000000083700000, 0x0000000083800000, 0x0000000083800000|100%|HS|  |TAMS 0x0000000083800000, 0x0000000083700000| Complete 
|  10|0x0000000083800000, 0x0000000083900000, 0x0000000083900000|100%|HC|  |TAMS 0x0000000083900000, 0x0000000083800000| Complete 
|  11|0x0000000083900000, 0x0000000083900000, 0x0000000083a00000|  0%| F|  |TAMS 0x0000000083900000, 0x0000000083900000| Untracked 
|  12|0x0000000083a00000, 0x0000000083b00000, 0x0000000083b00000|100%|HS|  |TAMS 0x0000000083b00000, 0x0000000083a00000| Complete 
|  13|0x0000000083b00000, 0x0000000083b00000, 0x0000000083c00000|  0%| F|  |TAMS 0x0000000083b00000, 0x0000000083b00000| Untracked 
|  14|0x0000000083c00000, 0x0000000083c00000, 0x0000000083d00000|  0%| F|  |TAMS 0x0000000083c00000, 0x0000000083c00000| Untracked 
|  15|0x0000000083d00000, 0x0000000083e00000, 0x0000000083e00000|100%| O|  |TAMS 0x0000000083e00000, 0x0000000083d00000| Untracked 
|  16|0x0000000083e00000, 0x0000000083f00000, 0x0000000083f00000|100%| O|  |TAMS 0x0000000083f00000, 0x0000000083e00000| Untracked 
|  17|0x0000000083f00000, 0x0000000084000000, 0x0000000084000000|100%| O|  |TAMS 0x0000000084000000, 0x0000000083f00000| Untracked 
|  18|0x0000000084000000, 0x0000000084100000, 0x0000000084100000|100%| O|  |TAMS 0x0000000084100000, 0x0000000084000000| Untracked 
|  19|0x0000000084100000, 0x0000000084200000, 0x0000000084200000|100%| O|  |TAMS 0x0000000084200000, 0x0000000084100000| Untracked 
|  20|0x0000000084200000, 0x0000000084300000, 0x0000000084300000|100%| O|  |TAMS 0x0000000084300000, 0x0000000084200000| Untracked 
|  21|0x0000000084300000, 0x0000000084400000, 0x0000000084400000|100%| O|  |TAMS 0x0000000084400000, 0x0000000084300000| Untracked 
|  22|0x0000000084400000, 0x0000000084500000, 0x0000000084500000|100%| O|  |TAMS 0x0000000084500000, 0x0000000084400000| Untracked 
|  23|0x0000000084500000, 0x0000000084600000, 0x0000000084600000|100%| O|  |TAMS 0x0000000084600000, 0x0000000084500000| Untracked 
|  24|0x0000000084600000, 0x0000000084700000, 0x0000000084700000|100%| O|  |TAMS 0x0000000084700000, 0x0000000084600000| Untracked 
|  25|0x0000000084700000, 0x0000000084800000, 0x0000000084800000|100%| O|  |TAMS 0x0000000084800000, 0x0000000084700000| Untracked 
|  26|0x0000000084800000, 0x0000000084800000, 0x0000000084900000|  0%| F|  |TAMS 0x0000000084800000, 0x0000000084800000| Untracked 
|  27|0x0000000084900000, 0x0000000084900000, 0x0000000084a00000|  0%| F|  |TAMS 0x0000000084900000, 0x0000000084900000| Untracked 
|  28|0x0000000084a00000, 0x0000000084a00000, 0x0000000084b00000|  0%| F|  |TAMS 0x0000000084a00000, 0x0000000084a00000| Untracked 
|  29|0x0000000084b00000, 0x0000000084b00000, 0x0000000084c00000|  0%| F|  |TAMS 0x0000000084b00000, 0x0000000084b00000| Untracked 
|  30|0x0000000084c00000, 0x0000000084c00000, 0x0000000084d00000|  0%| F|  |TAMS 0x0000000084c00000, 0x0000000084c00000| Untracked 
|  31|0x0000000084d00000, 0x0000000084e00000, 0x0000000084e00000|100%|HS|  |TAMS 0x0000000084e00000, 0x0000000084d00000| Complete 
|  32|0x0000000084e00000, 0x0000000084f00000, 0x0000000084f00000|100%|HC|  |TAMS 0x0000000084f00000, 0x0000000084e00000| Complete 
|  33|0x0000000084f00000, 0x0000000085000000, 0x0000000085000000|100%|HS|  |TAMS 0x0000000085000000, 0x0000000084f00000| Complete 
|  34|0x0000000085000000, 0x0000000085100000, 0x0000000085100000|100%|HC|  |TAMS 0x0000000085100000, 0x0000000085000000| Complete 
|  35|0x0000000085100000, 0x0000000085200000, 0x0000000085200000|100%|HS|  |TAMS 0x0000000085200000, 0x0000000085100000| Complete 
|  36|0x0000000085200000, 0x0000000085300000, 0x0000000085300000|100%|HC|  |TAMS 0x0000000085300000, 0x0000000085200000| Complete 
|  37|0x0000000085300000, 0x0000000085400000, 0x0000000085400000|100%| O|  |TAMS 0x0000000085400000, 0x0000000085300000| Untracked 
|  38|0x0000000085400000, 0x0000000085500000, 0x0000000085500000|100%| O|  |TAMS 0x0000000085500000, 0x0000000085400000| Untracked 
|  39|0x0000000085500000, 0x0000000085573e00, 0x0000000085600000| 45%| O|  |TAMS 0x0000000085573e00, 0x0000000085500000| Untracked 
|  40|0x0000000085600000, 0x0000000085600000, 0x0000000085700000|  0%| F|  |TAMS 0x0000000085600000, 0x0000000085600000| Untracked 
|  41|0x0000000085700000, 0x0000000085700000, 0x0000000085800000|  0%| F|  |TAMS 0x0000000085700000, 0x0000000085700000| Untracked 
|  42|0x0000000085800000, 0x0000000085900000, 0x0000000085900000|100%|HS|  |TAMS 0x0000000085900000, 0x0000000085800000| Complete 
|  43|0x0000000085900000, 0x0000000085a00000, 0x0000000085a00000|100%|HC|  |TAMS 0x0000000085a00000, 0x0000000085900000| Complete 
|  44|0x0000000085a00000, 0x0000000085b00000, 0x0000000085b00000|100%|HC|  |TAMS 0x0000000085b00000, 0x0000000085a00000| Complete 
|  45|0x0000000085b00000, 0x0000000085c00000, 0x0000000085c00000|100%|HC|  |TAMS 0x0000000085c00000, 0x0000000085b00000| Complete 
|  46|0x0000000085c00000, 0x0000000085d00000, 0x0000000085d00000|100%|HC|  |TAMS 0x0000000085d00000, 0x0000000085c00000| Complete 
|  47|0x0000000085d00000, 0x0000000085e00000, 0x0000000085e00000|100%|HC|  |TAMS 0x0000000085e00000, 0x0000000085d00000| Complete 
|  48|0x0000000085e00000, 0x0000000085f00000, 0x0000000085f00000|100%|HC|  |TAMS 0x0000000085f00000, 0x0000000085e00000| Complete 
|  49|0x0000000085f00000, 0x0000000086000000, 0x0000000086000000|100%|HC|  |TAMS 0x0000000086000000, 0x0000000085f00000| Complete 
|  50|0x0000000086000000, 0x0000000086000000, 0x0000000086100000|  0%| F|  |TAMS 0x0000000086000000, 0x0000000086000000| Untracked 
|  51|0x0000000086100000, 0x0000000086100000, 0x0000000086200000|  0%| F|  |TAMS 0x0000000086100000, 0x0000000086100000| Untracked 
|  52|0x0000000086200000, 0x0000000086200000, 0x0000000086300000|  0%| F|  |TAMS 0x0000000086200000, 0x0000000086200000| Untracked 
|  53|0x0000000086300000, 0x0000000086300000, 0x0000000086400000|  0%| F|  |TAMS 0x0000000086300000, 0x0000000086300000| Untracked 
|  54|0x0000000086400000, 0x0000000086400000, 0x0000000086500000|  0%| F|  |TAMS 0x0000000086400000, 0x0000000086400000| Untracked 
|  55|0x0000000086500000, 0x0000000086500000, 0x0000000086600000|  0%| F|  |TAMS 0x0000000086500000, 0x0000000086500000| Untracked 
|  56|0x0000000086600000, 0x0000000086600000, 0x0000000086700000|  0%| F|  |TAMS 0x0000000086600000, 0x0000000086600000| Untracked 
|  57|0x0000000086700000, 0x0000000086700000, 0x0000000086800000|  0%| F|  |TAMS 0x0000000086700000, 0x0000000086700000| Untracked 
|  58|0x0000000086800000, 0x0000000086800000, 0x0000000086900000|  0%| F|  |TAMS 0x0000000086800000, 0x0000000086800000| Untracked 
|  59|0x0000000086900000, 0x0000000086900000, 0x0000000086a00000|  0%| F|  |TAMS 0x0000000086900000, 0x0000000086900000| Untracked 
|  60|0x0000000086a00000, 0x0000000086a00000, 0x0000000086b00000|  0%| F|  |TAMS 0x0000000086a00000, 0x0000000086a00000| Untracked 
|  61|0x0000000086b00000, 0x0000000086b00000, 0x0000000086c00000|  0%| F|  |TAMS 0x0000000086b00000, 0x0000000086b00000| Untracked 
|  62|0x0000000086c00000, 0x0000000086c00000, 0x0000000086d00000|  0%| F|  |TAMS 0x0000000086c00000, 0x0000000086c00000| Untracked 
|  63|0x0000000086d00000, 0x0000000086d00000, 0x0000000086e00000|  0%| F|  |TAMS 0x0000000086d00000, 0x0000000086d00000| Untracked 
|  64|0x0000000086e00000, 0x0000000086e00000, 0x0000000086f00000|  0%| F|  |TAMS 0x0000000086e00000, 0x0000000086e00000| Untracked 
|  65|0x0000000086f00000, 0x0000000086f00000, 0x0000000087000000|  0%| F|  |TAMS 0x0000000086f00000, 0x0000000086f00000| Untracked 
|  66|0x0000000087000000, 0x0000000087000000, 0x0000000087100000|  0%| F|  |TAMS 0x0000000087000000, 0x0000000087000000| Untracked 
|  67|0x0000000087100000, 0x0000000087100000, 0x0000000087200000|  0%| F|  |TAMS 0x0000000087100000, 0x0000000087100000| Untracked 
|  68|0x0000000087200000, 0x0000000087200000, 0x0000000087300000|  0%| F|  |TAMS 0x0000000087200000, 0x0000000087200000| Untracked 
|  69|0x0000000087300000, 0x0000000087300000, 0x0000000087400000|  0%| F|  |TAMS 0x0000000087300000, 0x0000000087300000| Untracked 
|  70|0x0000000087400000, 0x0000000087400000, 0x0000000087500000|  0%| F|  |TAMS 0x0000000087400000, 0x0000000087400000| Untracked 
|  71|0x0000000087500000, 0x0000000087500000, 0x0000000087600000|  0%| F|  |TAMS 0x0000000087500000, 0x0000000087500000| Untracked 
|  72|0x0000000087600000, 0x0000000087675738, 0x0000000087700000| 45%| E|  |TAMS 0x0000000087600000, 0x0000000087600000| Complete 
|  73|0x0000000087700000, 0x00000000877cc0c0, 0x0000000087800000| 79%| S|CS|TAMS 0x0000000087700000, 0x0000000087700000| Complete 
|  74|0x0000000087800000, 0x0000000087900000, 0x0000000087900000|100%|HS|  |TAMS 0x0000000087800000, 0x0000000087800000| Complete 
|  75|0x0000000087900000, 0x0000000087a00000, 0x0000000087a00000|100%|HC|  |TAMS 0x0000000087900000, 0x0000000087900000| Complete 
|  76|0x0000000087a00000, 0x0000000087b00000, 0x0000000087b00000|100%|HC|  |TAMS 0x0000000087a00000, 0x0000000087a00000| Complete 
|  77|0x0000000087b00000, 0x0000000087c00000, 0x0000000087c00000|100%|HC|  |TAMS 0x0000000087b00000, 0x0000000087b00000| Complete 
|  78|0x0000000087c00000, 0x0000000087d00000, 0x0000000087d00000|100%|HC|  |TAMS 0x0000000087c00000, 0x0000000087c00000| Complete 
|  79|0x0000000087d00000, 0x0000000087e00000, 0x0000000087e00000|100%|HC|  |TAMS 0x0000000087d00000, 0x0000000087d00000| Complete 
|  80|0x0000000087e00000, 0x0000000087f00000, 0x0000000087f00000|100%|HC|  |TAMS 0x0000000087e00000, 0x0000000087e00000| Complete 
|  81|0x0000000087f00000, 0x0000000088000000, 0x0000000088000000|100%|HC|  |TAMS 0x0000000087f00000, 0x0000000087f00000| Complete 
|  82|0x0000000088000000, 0x0000000088100000, 0x0000000088100000|100%|HC|  |TAMS 0x0000000088000000, 0x0000000088000000| Complete 
|  83|0x0000000088100000, 0x0000000088200000, 0x0000000088200000|100%|HC|  |TAMS 0x0000000088100000, 0x0000000088100000| Complete 
|  84|0x0000000088200000, 0x0000000088300000, 0x0000000088300000|100%|HC|  |TAMS 0x0000000088200000, 0x0000000088200000| Complete 
|  85|0x0000000088300000, 0x0000000088400000, 0x0000000088400000|100%|HC|  |TAMS 0x0000000088300000, 0x0000000088300000| Complete 
|  86|0x0000000088400000, 0x0000000088500000, 0x0000000088500000|100%|HC|  |TAMS 0x0000000088400000, 0x0000000088400000| Complete 
|  87|0x0000000088500000, 0x0000000088600000, 0x0000000088600000|100%|HC|  |TAMS 0x0000000088500000, 0x0000000088500000| Complete 
|  88|0x0000000088600000, 0x0000000088700000, 0x0000000088700000|100%|HC|  |TAMS 0x0000000088600000, 0x0000000088600000| Complete 
|  89|0x0000000088700000, 0x0000000088800000, 0x0000000088800000|100%|HC|  |TAMS 0x0000000088700000, 0x0000000088700000| Complete 
|  90|0x0000000088800000, 0x0000000088900000, 0x0000000088900000|100%|HC|  |TAMS 0x0000000088800000, 0x0000000088800000| Complete 
|  91|0x0000000088900000, 0x0000000088a00000, 0x0000000088a00000|100%|HC|  |TAMS 0x0000000088900000, 0x0000000088900000| Complete 
|  92|0x0000000088a00000, 0x0000000088b00000, 0x0000000088b00000|100%|HC|  |TAMS 0x0000000088a00000, 0x0000000088a00000| Complete 
|  93|0x0000000088b00000, 0x0000000088c00000, 0x0000000088c00000|100%|HC|  |TAMS 0x0000000088b00000, 0x0000000088b00000| Complete 
|  94|0x0000000088c00000, 0x0000000088d00000, 0x0000000088d00000|100%|HC|  |TAMS 0x0000000088c00000, 0x0000000088c00000| Complete 
|  95|0x0000000088d00000, 0x0000000088e00000, 0x0000000088e00000|100%|HC|  |TAMS 0x0000000088d00000, 0x0000000088d00000| Complete 
|  96|0x0000000088e00000, 0x0000000088f00000, 0x0000000088f00000|100%|HC|  |TAMS 0x0000000088e00000, 0x0000000088e00000| Complete 
|  97|0x0000000088f00000, 0x0000000089000000, 0x0000000089000000|100%|HC|  |TAMS 0x0000000088f00000, 0x0000000088f00000| Complete 
|  98|0x0000000089000000, 0x0000000089100000, 0x0000000089100000|100%|HC|  |TAMS 0x0000000089000000, 0x0000000089000000| Complete 
|  99|0x0000000089100000, 0x0000000089200000, 0x0000000089200000|100%|HC|  |TAMS 0x0000000089100000, 0x0000000089100000| Complete 
| 100|0x0000000089200000, 0x0000000089300000, 0x0000000089300000|100%|HC|  |TAMS 0x0000000089200000, 0x0000000089200000| Complete 
| 101|0x0000000089300000, 0x0000000089400000, 0x0000000089400000|100%|HC|  |TAMS 0x0000000089300000, 0x0000000089300000| Complete 
| 102|0x0000000089400000, 0x0000000089500000, 0x0000000089500000|100%|HC|  |TAMS 0x0000000089400000, 0x0000000089400000| Complete 
| 103|0x0000000089500000, 0x0000000089600000, 0x0000000089600000|100%|HC|  |TAMS 0x0000000089500000, 0x0000000089500000| Complete 
| 104|0x0000000089600000, 0x0000000089700000, 0x0000000089700000|100%|HC|  |TAMS 0x0000000089600000, 0x0000000089600000| Complete 
| 105|0x0000000089700000, 0x0000000089800000, 0x0000000089800000|100%|HC|  |TAMS 0x0000000089700000, 0x0000000089700000| Complete 
| 106|0x0000000089800000, 0x0000000089900000, 0x0000000089900000|100%|HC|  |TAMS 0x0000000089800000, 0x0000000089800000| Complete 
| 107|0x0000000089900000, 0x0000000089a00000, 0x0000000089a00000|100%|HC|  |TAMS 0x0000000089900000, 0x0000000089900000| Complete 
| 108|0x0000000089a00000, 0x0000000089b00000, 0x0000000089b00000|100%|HC|  |TAMS 0x0000000089a00000, 0x0000000089a00000| Complete 
| 109|0x0000000089b00000, 0x0000000089c00000, 0x0000000089c00000|100%|HC|  |TAMS 0x0000000089b00000, 0x0000000089b00000| Complete 
| 110|0x0000000089c00000, 0x0000000089d00000, 0x0000000089d00000|100%|HC|  |TAMS 0x0000000089c00000, 0x0000000089c00000| Complete 
| 111|0x0000000089d00000, 0x0000000089e00000, 0x0000000089e00000|100%|HC|  |TAMS 0x0000000089d00000, 0x0000000089d00000| Complete 
| 112|0x0000000089e00000, 0x0000000089f00000, 0x0000000089f00000|100%|HC|  |TAMS 0x0000000089e00000, 0x0000000089e00000| Complete 
| 113|0x0000000089f00000, 0x000000008a000000, 0x000000008a000000|100%|HC|  |TAMS 0x0000000089f00000, 0x0000000089f00000| Complete 
| 114|0x000000008a000000, 0x000000008a100000, 0x000000008a100000|100%|HC|  |TAMS 0x000000008a000000, 0x000000008a000000| Complete 
| 115|0x000000008a100000, 0x000000008a200000, 0x000000008a200000|100%|HC|  |TAMS 0x000000008a100000, 0x000000008a100000| Complete 
| 116|0x000000008a200000, 0x000000008a300000, 0x000000008a300000|100%|HC|  |TAMS 0x000000008a200000, 0x000000008a200000| Complete 
| 117|0x000000008a300000, 0x000000008a400000, 0x000000008a400000|100%|HC|  |TAMS 0x000000008a300000, 0x000000008a300000| Complete 
| 118|0x000000008a400000, 0x000000008a500000, 0x000000008a500000|100%|HC|  |TAMS 0x000000008a400000, 0x000000008a400000| Complete 
| 119|0x000000008a500000, 0x000000008a600000, 0x000000008a600000|100%|HC|  |TAMS 0x000000008a500000, 0x000000008a500000| Complete 
| 120|0x000000008a600000, 0x000000008a700000, 0x000000008a700000|100%|HC|  |TAMS 0x000000008a600000, 0x000000008a600000| Complete 
| 121|0x000000008a700000, 0x000000008a800000, 0x000000008a800000|100%|HC|  |TAMS 0x000000008a700000, 0x000000008a700000| Complete 
| 122|0x000000008a800000, 0x000000008a900000, 0x000000008a900000|100%|HC|  |TAMS 0x000000008a800000, 0x000000008a800000| Complete 
| 123|0x000000008a900000, 0x000000008aa00000, 0x000000008aa00000|100%|HC|  |TAMS 0x000000008a900000, 0x000000008a900000| Complete 
| 124|0x000000008aa00000, 0x000000008ab00000, 0x000000008ab00000|100%|HC|  |TAMS 0x000000008aa00000, 0x000000008aa00000| Complete 
| 125|0x000000008ab00000, 0x000000008ac00000, 0x000000008ac00000|100%|HC|  |TAMS 0x000000008ab00000, 0x000000008ab00000| Complete 
| 126|0x000000008ac00000, 0x000000008ad00000, 0x000000008ad00000|100%|HC|  |TAMS 0x000000008ac00000, 0x000000008ac00000| Complete 
| 127|0x000000008ad00000, 0x000000008ae00000, 0x000000008ae00000|100%|HC|  |TAMS 0x000000008ad00000, 0x000000008ad00000| Complete 
| 128|0x000000008ae00000, 0x000000008af00000, 0x000000008af00000|100%|HC|  |TAMS 0x000000008ae00000, 0x000000008ae00000| Complete 
| 129|0x000000008af00000, 0x000000008b000000, 0x000000008b000000|100%|HC|  |TAMS 0x000000008af00000, 0x000000008af00000| Complete 
| 130|0x000000008b000000, 0x000000008b100000, 0x000000008b100000|100%|HC|  |TAMS 0x000000008b000000, 0x000000008b000000| Complete 
| 131|0x000000008b100000, 0x000000008b200000, 0x000000008b200000|100%|HC|  |TAMS 0x000000008b100000, 0x000000008b100000| Complete 
| 132|0x000000008b200000, 0x000000008b300000, 0x000000008b300000|100%|HC|  |TAMS 0x000000008b200000, 0x000000008b200000| Complete 
| 133|0x000000008b300000, 0x000000008b400000, 0x000000008b400000|100%|HC|  |TAMS 0x000000008b300000, 0x000000008b300000| Complete 
| 134|0x000000008b400000, 0x000000008b500000, 0x000000008b500000|100%|HC|  |TAMS 0x000000008b400000, 0x000000008b400000| Complete 
| 135|0x000000008b500000, 0x000000008b600000, 0x000000008b600000|100%|HC|  |TAMS 0x000000008b500000, 0x000000008b500000| Complete 
| 136|0x000000008b600000, 0x000000008b700000, 0x000000008b700000|100%|HC|  |TAMS 0x000000008b600000, 0x000000008b600000| Complete 
| 137|0x000000008b700000, 0x000000008b800000, 0x000000008b800000|100%|HC|  |TAMS 0x000000008b700000, 0x000000008b700000| Complete 
| 138|0x000000008b800000, 0x000000008b900000, 0x000000008b900000|100%|HC|  |TAMS 0x000000008b800000, 0x000000008b800000| Complete 
| 139|0x000000008b900000, 0x000000008ba00000, 0x000000008ba00000|100%|HC|  |TAMS 0x000000008b900000, 0x000000008b900000| Complete 
| 140|0x000000008ba00000, 0x000000008bb00000, 0x000000008bb00000|100%|HC|  |TAMS 0x000000008ba00000, 0x000000008ba00000| Complete 
| 141|0x000000008bb00000, 0x000000008bc00000, 0x000000008bc00000|100%|HC|  |TAMS 0x000000008bb00000, 0x000000008bb00000| Complete 
| 142|0x000000008bc00000, 0x000000008bd00000, 0x000000008bd00000|100%|HC|  |TAMS 0x000000008bc00000, 0x000000008bc00000| Complete 
| 143|0x000000008bd00000, 0x000000008be00000, 0x000000008be00000|100%|HC|  |TAMS 0x000000008bd00000, 0x000000008bd00000| Complete 
| 144|0x000000008be00000, 0x000000008bf00000, 0x000000008bf00000|100%|HC|  |TAMS 0x000000008be00000, 0x000000008be00000| Complete 
| 145|0x000000008bf00000, 0x000000008c000000, 0x000000008c000000|100%|HC|  |TAMS 0x000000008bf00000, 0x000000008bf00000| Complete 
| 146|0x000000008c000000, 0x000000008c100000, 0x000000008c100000|100%|HC|  |TAMS 0x000000008c000000, 0x000000008c000000| Complete 
| 147|0x000000008c100000, 0x000000008c200000, 0x000000008c200000|100%|HC|  |TAMS 0x000000008c100000, 0x000000008c100000| Complete 
| 148|0x000000008c200000, 0x000000008c300000, 0x000000008c300000|100%|HC|  |TAMS 0x000000008c200000, 0x000000008c200000| Complete 
| 149|0x000000008c300000, 0x000000008c400000, 0x000000008c400000|100%|HC|  |TAMS 0x000000008c300000, 0x000000008c300000| Complete 
| 150|0x000000008c400000, 0x000000008c500000, 0x000000008c500000|100%|HC|  |TAMS 0x000000008c400000, 0x000000008c400000| Complete 
| 151|0x000000008c500000, 0x000000008c600000, 0x000000008c600000|100%|HC|  |TAMS 0x000000008c500000, 0x000000008c500000| Complete 
| 152|0x000000008c600000, 0x000000008c700000, 0x000000008c700000|100%|HC|  |TAMS 0x000000008c600000, 0x000000008c600000| Complete 
| 153|0x000000008c700000, 0x000000008c800000, 0x000000008c800000|100%|HC|  |TAMS 0x000000008c700000, 0x000000008c700000| Complete 
| 154|0x000000008c800000, 0x000000008c900000, 0x000000008c900000|100%|HC|  |TAMS 0x000000008c800000, 0x000000008c800000| Complete 
| 155|0x000000008c900000, 0x000000008ca00000, 0x000000008ca00000|100%|HC|  |TAMS 0x000000008c900000, 0x000000008c900000| Complete 
| 156|0x000000008ca00000, 0x000000008cb00000, 0x000000008cb00000|100%|HC|  |TAMS 0x000000008ca00000, 0x000000008ca00000| Complete 
| 157|0x000000008cb00000, 0x000000008cc00000, 0x000000008cc00000|100%|HC|  |TAMS 0x000000008cb00000, 0x000000008cb00000| Complete 
| 158|0x000000008cc00000, 0x000000008cd00000, 0x000000008cd00000|100%|HC|  |TAMS 0x000000008cc00000, 0x000000008cc00000| Complete 
| 159|0x000000008cd00000, 0x000000008ce00000, 0x000000008ce00000|100%|HC|  |TAMS 0x000000008cd00000, 0x000000008cd00000| Complete 
| 160|0x000000008ce00000, 0x000000008cf00000, 0x000000008cf00000|100%|HC|  |TAMS 0x000000008ce00000, 0x000000008ce00000| Complete 
| 161|0x000000008cf00000, 0x000000008d000000, 0x000000008d000000|100%|HC|  |TAMS 0x000000008cf00000, 0x000000008cf00000| Complete 
| 162|0x000000008d000000, 0x000000008d100000, 0x000000008d100000|100%|HC|  |TAMS 0x000000008d000000, 0x000000008d000000| Complete 
| 163|0x000000008d100000, 0x000000008d200000, 0x000000008d200000|100%|HC|  |TAMS 0x000000008d100000, 0x000000008d100000| Complete 
| 164|0x000000008d200000, 0x000000008d300000, 0x000000008d300000|100%|HC|  |TAMS 0x000000008d200000, 0x000000008d200000| Complete 
| 165|0x000000008d300000, 0x000000008d400000, 0x000000008d400000|100%|HC|  |TAMS 0x000000008d300000, 0x000000008d300000| Complete 
| 166|0x000000008d400000, 0x000000008d500000, 0x000000008d500000|100%|HC|  |TAMS 0x000000008d400000, 0x000000008d400000| Complete 
| 167|0x000000008d500000, 0x000000008d600000, 0x000000008d600000|100%|HC|  |TAMS 0x000000008d500000, 0x000000008d500000| Complete 
| 168|0x000000008d600000, 0x000000008d700000, 0x000000008d700000|100%|HC|  |TAMS 0x000000008d600000, 0x000000008d600000| Complete 
| 169|0x000000008d700000, 0x000000008d800000, 0x000000008d800000|100%|HC|  |TAMS 0x000000008d700000, 0x000000008d700000| Complete 
| 170|0x000000008d800000, 0x000000008d900000, 0x000000008d900000|100%|HC|  |TAMS 0x000000008d800000, 0x000000008d800000| Complete 
| 171|0x000000008d900000, 0x000000008da00000, 0x000000008da00000|100%|HC|  |TAMS 0x000000008d900000, 0x000000008d900000| Complete 
| 172|0x000000008da00000, 0x000000008db00000, 0x000000008db00000|100%|HC|  |TAMS 0x000000008da00000, 0x000000008da00000| Complete 
| 173|0x000000008db00000, 0x000000008dc00000, 0x000000008dc00000|100%|HC|  |TAMS 0x000000008db00000, 0x000000008db00000| Complete 
| 174|0x000000008dc00000, 0x000000008dd00000, 0x000000008dd00000|100%|HC|  |TAMS 0x000000008dc00000, 0x000000008dc00000| Complete 
| 175|0x000000008dd00000, 0x000000008de00000, 0x000000008de00000|100%|HC|  |TAMS 0x000000008dd00000, 0x000000008dd00000| Complete 
| 176|0x000000008de00000, 0x000000008df00000, 0x000000008df00000|100%|HC|  |TAMS 0x000000008de00000, 0x000000008de00000| Complete 
| 177|0x000000008df00000, 0x000000008e000000, 0x000000008e000000|100%|HC|  |TAMS 0x000000008df00000, 0x000000008df00000| Complete 
| 178|0x000000008e000000, 0x000000008e100000, 0x000000008e100000|100%|HC|  |TAMS 0x000000008e000000, 0x000000008e000000| Complete 
| 179|0x000000008e100000, 0x000000008e200000, 0x000000008e200000|100%|HC|  |TAMS 0x000000008e100000, 0x000000008e100000| Complete 
| 180|0x000000008e200000, 0x000000008e300000, 0x000000008e300000|100%|HC|  |TAMS 0x000000008e200000, 0x000000008e200000| Complete 
| 181|0x000000008e300000, 0x000000008e400000, 0x000000008e400000|100%|HC|  |TAMS 0x000000008e300000, 0x000000008e300000| Complete 
| 182|0x000000008e400000, 0x000000008e500000, 0x000000008e500000|100%|HC|  |TAMS 0x000000008e400000, 0x000000008e400000| Complete 
| 183|0x000000008e500000, 0x000000008e600000, 0x000000008e600000|100%|HC|  |TAMS 0x000000008e500000, 0x000000008e500000| Complete 
| 184|0x000000008e600000, 0x000000008e700000, 0x000000008e700000|100%|HC|  |TAMS 0x000000008e600000, 0x000000008e600000| Complete 
| 185|0x000000008e700000, 0x000000008e800000, 0x000000008e800000|100%|HC|  |TAMS 0x000000008e700000, 0x000000008e700000| Complete 
| 186|0x000000008e800000, 0x000000008e800000, 0x000000008e900000|  0%| F|  |TAMS 0x000000008e800000, 0x000000008e800000| Untracked 
| 187|0x000000008e900000, 0x000000008e900000, 0x000000008ea00000|  0%| F|  |TAMS 0x000000008e900000, 0x000000008e900000| Untracked 
| 188|0x000000008ea00000, 0x000000008ea00000, 0x000000008eb00000|  0%| F|  |TAMS 0x000000008ea00000, 0x000000008ea00000| Untracked 
| 189|0x000000008eb00000, 0x000000008eb00000, 0x000000008ec00000|  0%| F|  |TAMS 0x000000008eb00000, 0x000000008eb00000| Untracked 
| 190|0x000000008ec00000, 0x000000008ec00000, 0x000000008ed00000|  0%| F|  |TAMS 0x000000008ec00000, 0x000000008ec00000| Untracked 
| 191|0x000000008ed00000, 0x000000008ed00000, 0x000000008ee00000|  0%| F|  |TAMS 0x000000008ed00000, 0x000000008ed00000| Untracked 
| 192|0x000000008ee00000, 0x000000008ee00000, 0x000000008ef00000|  0%| F|  |TAMS 0x000000008ee00000, 0x000000008ee00000| Untracked 
| 193|0x000000008ef00000, 0x000000008ef00000, 0x000000008f000000|  0%| F|  |TAMS 0x000000008ef00000, 0x000000008ef00000| Untracked 
| 194|0x000000008f000000, 0x000000008f000000, 0x000000008f100000|  0%| F|  |TAMS 0x000000008f000000, 0x000000008f000000| Untracked 
| 195|0x000000008f100000, 0x000000008f100000, 0x000000008f200000|  0%| F|  |TAMS 0x000000008f100000, 0x000000008f100000| Untracked 
| 196|0x000000008f200000, 0x000000008f200000, 0x000000008f300000|  0%| F|  |TAMS 0x000000008f200000, 0x000000008f200000| Untracked 
| 197|0x000000008f300000, 0x000000008f300000, 0x000000008f400000|  0%| F|  |TAMS 0x000000008f300000, 0x000000008f300000| Untracked 
| 198|0x000000008f400000, 0x000000008f400000, 0x000000008f500000|  0%| F|  |TAMS 0x000000008f400000, 0x000000008f400000| Untracked 
| 199|0x000000008f500000, 0x000000008f500000, 0x000000008f600000|  0%| F|  |TAMS 0x000000008f500000, 0x000000008f500000| Untracked 
| 200|0x000000008f600000, 0x000000008f600000, 0x000000008f700000|  0%| F|  |TAMS 0x000000008f600000, 0x000000008f600000| Untracked 
| 201|0x000000008f700000, 0x000000008f700000, 0x000000008f800000|  0%| F|  |TAMS 0x000000008f700000, 0x000000008f700000| Untracked 
| 202|0x000000008f800000, 0x000000008f800000, 0x000000008f900000|  0%| F|  |TAMS 0x000000008f800000, 0x000000008f800000| Untracked 
| 203|0x000000008f900000, 0x000000008f900000, 0x000000008fa00000|  0%| F|  |TAMS 0x000000008f900000, 0x000000008f900000| Untracked 
| 204|0x000000008fa00000, 0x000000008fa00000, 0x000000008fb00000|  0%| F|  |TAMS 0x000000008fa00000, 0x000000008fa00000| Untracked 
| 205|0x000000008fb00000, 0x000000008fb00000, 0x000000008fc00000|  0%| F|  |TAMS 0x000000008fb00000, 0x000000008fb00000| Untracked 
| 206|0x000000008fc00000, 0x000000008fc00000, 0x000000008fd00000|  0%| F|  |TAMS 0x000000008fc00000, 0x000000008fc00000| Untracked 
| 207|0x000000008fd00000, 0x000000008fd00000, 0x000000008fe00000|  0%| F|  |TAMS 0x000000008fd00000, 0x000000008fd00000| Untracked 
| 208|0x000000008fe00000, 0x000000008fe00000, 0x000000008ff00000|  0%| F|  |TAMS 0x000000008fe00000, 0x000000008fe00000| Untracked 
| 209|0x000000008ff00000, 0x000000008ff00000, 0x0000000090000000|  0%| F|  |TAMS 0x000000008ff00000, 0x000000008ff00000| Untracked 
| 210|0x0000000090000000, 0x0000000090000000, 0x0000000090100000|  0%| F|  |TAMS 0x0000000090000000, 0x0000000090000000| Untracked 
| 211|0x0000000090100000, 0x0000000090100000, 0x0000000090200000|  0%| F|  |TAMS 0x0000000090100000, 0x0000000090100000| Untracked 
| 212|0x0000000090200000, 0x0000000090200000, 0x0000000090300000|  0%| F|  |TAMS 0x0000000090200000, 0x0000000090200000| Untracked 
| 213|0x0000000090300000, 0x0000000090300000, 0x0000000090400000|  0%| F|  |TAMS 0x0000000090300000, 0x0000000090300000| Untracked 
| 214|0x0000000090400000, 0x0000000090400000, 0x0000000090500000|  0%| F|  |TAMS 0x0000000090400000, 0x0000000090400000| Untracked 
| 215|0x0000000090500000, 0x0000000090500000, 0x0000000090600000|  0%| F|  |TAMS 0x0000000090500000, 0x0000000090500000| Untracked 
| 216|0x0000000090600000, 0x0000000090600000, 0x0000000090700000|  0%| F|  |TAMS 0x0000000090600000, 0x0000000090600000| Untracked 
| 217|0x0000000090700000, 0x0000000090700000, 0x0000000090800000|  0%| F|  |TAMS 0x0000000090700000, 0x0000000090700000| Untracked 
| 218|0x0000000090800000, 0x0000000090800000, 0x0000000090900000|  0%| F|  |TAMS 0x0000000090800000, 0x0000000090800000| Untracked 
| 219|0x0000000090900000, 0x0000000090900000, 0x0000000090a00000|  0%| F|  |TAMS 0x0000000090900000, 0x0000000090900000| Untracked 
| 220|0x0000000090a00000, 0x0000000090a00000, 0x0000000090b00000|  0%| F|  |TAMS 0x0000000090a00000, 0x0000000090a00000| Untracked 
| 221|0x0000000090b00000, 0x0000000090b00000, 0x0000000090c00000|  0%| F|  |TAMS 0x0000000090b00000, 0x0000000090b00000| Untracked 
| 222|0x0000000090c00000, 0x0000000090c00000, 0x0000000090d00000|  0%| F|  |TAMS 0x0000000090c00000, 0x0000000090c00000| Untracked 
| 223|0x0000000090d00000, 0x0000000090d00000, 0x0000000090e00000|  0%| F|  |TAMS 0x0000000090d00000, 0x0000000090d00000| Untracked 
| 224|0x0000000090e00000, 0x0000000090e00000, 0x0000000090f00000|  0%| F|  |TAMS 0x0000000090e00000, 0x0000000090e00000| Untracked 
| 225|0x0000000090f00000, 0x0000000090f00000, 0x0000000091000000|  0%| F|  |TAMS 0x0000000090f00000, 0x0000000090f00000| Untracked 
| 226|0x0000000091000000, 0x0000000091000000, 0x0000000091100000|  0%| F|  |TAMS 0x0000000091000000, 0x0000000091000000| Untracked 
| 227|0x0000000091100000, 0x0000000091100000, 0x0000000091200000|  0%| F|  |TAMS 0x0000000091100000, 0x0000000091100000| Untracked 
| 228|0x0000000091200000, 0x0000000091200000, 0x0000000091300000|  0%| F|  |TAMS 0x0000000091200000, 0x0000000091200000| Untracked 
| 229|0x0000000091300000, 0x0000000091300000, 0x0000000091400000|  0%| F|  |TAMS 0x0000000091300000, 0x0000000091300000| Untracked 
| 230|0x0000000091400000, 0x0000000091400000, 0x0000000091500000|  0%| F|  |TAMS 0x0000000091400000, 0x0000000091400000| Untracked 
| 231|0x0000000091500000, 0x0000000091500000, 0x0000000091600000|  0%| F|  |TAMS 0x0000000091500000, 0x0000000091500000| Untracked 
| 232|0x0000000091600000, 0x0000000091600000, 0x0000000091700000|  0%| F|  |TAMS 0x0000000091600000, 0x0000000091600000| Untracked 
| 233|0x0000000091700000, 0x0000000091700000, 0x0000000091800000|  0%| F|  |TAMS 0x0000000091700000, 0x0000000091700000| Untracked 
| 234|0x0000000091800000, 0x0000000091800000, 0x0000000091900000|  0%| F|  |TAMS 0x0000000091800000, 0x0000000091800000| Untracked 
| 235|0x0000000091900000, 0x0000000091900000, 0x0000000091a00000|  0%| F|  |TAMS 0x0000000091900000, 0x0000000091900000| Untracked 
| 236|0x0000000091a00000, 0x0000000091a00000, 0x0000000091b00000|  0%| F|  |TAMS 0x0000000091a00000, 0x0000000091a00000| Untracked 
| 237|0x0000000091b00000, 0x0000000091b00000, 0x0000000091c00000|  0%| F|  |TAMS 0x0000000091b00000, 0x0000000091b00000| Untracked 
| 238|0x0000000091c00000, 0x0000000091c00000, 0x0000000091d00000|  0%| F|  |TAMS 0x0000000091c00000, 0x0000000091c00000| Untracked 
| 239|0x0000000091d00000, 0x0000000091d00000, 0x0000000091e00000|  0%| F|  |TAMS 0x0000000091d00000, 0x0000000091d00000| Untracked 
| 240|0x0000000091e00000, 0x0000000091e00000, 0x0000000091f00000|  0%| F|  |TAMS 0x0000000091e00000, 0x0000000091e00000| Untracked 
| 241|0x0000000091f00000, 0x0000000091f00000, 0x0000000092000000|  0%| F|  |TAMS 0x0000000091f00000, 0x0000000091f00000| Untracked 
| 242|0x0000000092000000, 0x0000000092000000, 0x0000000092100000|  0%| F|  |TAMS 0x0000000092000000, 0x0000000092000000| Untracked 
| 243|0x0000000092100000, 0x0000000092100000, 0x0000000092200000|  0%| F|  |TAMS 0x0000000092100000, 0x0000000092100000| Untracked 
| 244|0x0000000092200000, 0x0000000092200000, 0x0000000092300000|  0%| F|  |TAMS 0x0000000092200000, 0x0000000092200000| Untracked 
| 245|0x0000000092300000, 0x0000000092300000, 0x0000000092400000|  0%| F|  |TAMS 0x0000000092300000, 0x0000000092300000| Untracked 
| 246|0x0000000092400000, 0x0000000092400000, 0x0000000092500000|  0%| F|  |TAMS 0x0000000092400000, 0x0000000092400000| Untracked 
| 247|0x0000000092500000, 0x0000000092500000, 0x0000000092600000|  0%| F|  |TAMS 0x0000000092500000, 0x0000000092500000| Untracked 
| 248|0x0000000092600000, 0x0000000092600000, 0x0000000092700000|  0%| F|  |TAMS 0x0000000092600000, 0x0000000092600000| Untracked 
| 249|0x0000000092700000, 0x0000000092700000, 0x0000000092800000|  0%| F|  |TAMS 0x0000000092700000, 0x0000000092700000| Untracked 
| 250|0x0000000092800000, 0x0000000092800000, 0x0000000092900000|  0%| F|  |TAMS 0x0000000092800000, 0x0000000092800000| Untracked 
| 251|0x0000000092900000, 0x0000000092900000, 0x0000000092a00000|  0%| F|  |TAMS 0x0000000092900000, 0x0000000092900000| Untracked 
| 252|0x0000000092a00000, 0x0000000092a00000, 0x0000000092b00000|  0%| F|  |TAMS 0x0000000092a00000, 0x0000000092a00000| Untracked 
| 253|0x0000000092b00000, 0x0000000092b00000, 0x0000000092c00000|  0%| F|  |TAMS 0x0000000092b00000, 0x0000000092b00000| Untracked 
| 254|0x0000000092c00000, 0x0000000092c00000, 0x0000000092d00000|  0%| F|  |TAMS 0x0000000092c00000, 0x0000000092c00000| Untracked 
| 255|0x0000000092d00000, 0x0000000092d00000, 0x0000000092e00000|  0%| F|  |TAMS 0x0000000092d00000, 0x0000000092d00000| Untracked 
| 256|0x0000000092e00000, 0x0000000092e00000, 0x0000000092f00000|  0%| F|  |TAMS 0x0000000092e00000, 0x0000000092e00000| Untracked 

Card table byte_map: [0x0000018631df0000,0x00000186321e0000] _byte_map_base: 0x00000186319d9000

Marking Bits (Prev, Next): (CMBitMap*) 0x000001861aec0be0, (CMBitMap*) 0x000001861aec0c20
 Prev Bits: [0x00000186325d0000, 0x0000018634518000)
 Next Bits: [0x0000018634520000, 0x0000018636468000)

Polling page: 0x0000018618e40000

Metaspace:

Usage:
  Non-class:     28.58 MB used.
      Class:      4.38 MB used.
       Both:     32.97 MB used.

Virtual space:
  Non-class space:       32.00 MB reserved,      28.75 MB ( 90%) committed,  4 nodes.
      Class space:        1.00 GB reserved,       4.56 MB ( <1%) committed,  1 nodes.
             Both:        1.03 GB reserved,      33.31 MB (  3%) committed. 

Chunk freelists:
   Non-Class:  3.30 MB
       Class:  3.42 MB
        Both:  6.71 MB

MaxMetaspaceSize: unlimited
CompressedClassSpaceSize: 1.00 GB
Initial GC threshold: 21.00 MB
Current GC threshold: 55.56 MB
CDS: on
MetaspaceReclaimPolicy: balanced
 - commit_granule_bytes: 65536.
 - commit_granule_words: 8192.
 - virtual_space_node_default_size: 1048576.
 - enlarge_chunks_in_place: 1.
 - new_chunks_are_fully_committed: 0.
 - uncommit_free_chunks: 1.
 - use_allocation_guard: 0.
 - handle_deallocations: 1.


Internal statistics:

num_allocs_failed_limit: 3.
num_arena_births: 340.
num_arena_deaths: 0.
num_vsnodes_births: 5.
num_vsnodes_deaths: 0.
num_space_committed: 533.
num_space_uncommitted: 0.
num_chunks_returned_to_freelist: 3.
num_chunks_taken_from_freelist: 1486.
num_chunk_merges: 3.
num_chunk_splits: 1062.
num_chunks_enlarged: 850.
num_purges: 0.
num_inconsistent_stats: 0.

CodeHeap 'non-profiled nmethods': size=120000Kb used=2857Kb max_used=2985Kb free=117142Kb
 bounds [0x000001862a1a0000, 0x000001862a4b0000, 0x00000186316d0000]
CodeHeap 'profiled nmethods': size=120000Kb used=9626Kb max_used=11993Kb free=110373Kb
 bounds [0x0000018622c70000, 0x0000018623830000, 0x000001862a1a0000]
CodeHeap 'non-nmethods': size=5760Kb used=1507Kb max_used=1595Kb free=4252Kb
 bounds [0x00000186226d0000, 0x0000018622940000, 0x0000018622c70000]
 total_blobs=5700 nmethods=4810 adapters=799
 compilation: enabled
              stopped_count=0, restarted_count=0
 full_count=0

Compilation events (20 events):
Event: 75.696 Thread 0x0000018638eaedf0 nmethod 5657 0x000001862a277290 code [0x000001862a277420, 0x000001862a277618]
Event: 75.978 Thread 0x0000018639d2c6c0 nmethod 5607 0x000001862a48a610 code [0x000001862a48afa0, 0x000001862a4984c0]
Event: 78.601 Thread 0x0000018639d2c6c0 5664       4       java.nio.Buffer::hasRemaining (17 bytes)
Event: 78.601 Thread 0x0000018638eb33d0 5665       1       org.springframework.messaging.MessageHeaders::getRawHeaders (5 bytes)
Event: 78.601 Thread 0x0000018638eb33d0 nmethod 5665 0x000001862a384690 code [0x000001862a384820, 0x000001862a3848f8]
Event: 78.601 Thread 0x0000018638eb33d0 5666       3       com.fasterxml.jackson.databind.type.TypeFactory::_findWellKnownSimple (75 bytes)
Event: 78.601 Thread 0x0000018639d2c6c0 nmethod 5664 0x000001862a384390 code [0x000001862a384500, 0x000001862a384598]
Event: 78.601 Thread 0x0000018638eb33d0 nmethod 5666 0x0000018622f96d10 code [0x0000018622f96f00, 0x0000018622f97358]
Event: 78.601 Thread 0x0000018638eb33d0 5667       3       com.fasterxml.jackson.core.json.UTF8StreamJsonParser::_padLastQuad (17 bytes)
Event: 78.602 Thread 0x0000018638eb33d0 nmethod 5667 0x0000018622d37710 code [0x0000018622d378a0, 0x0000018622d379f8]
Event: 78.602 Thread 0x0000018638eb33d0 5668       3       com.fasterxml.jackson.databind.deser.impl.BeanPropertyMap::find (88 bytes)
Event: 78.602 Thread 0x0000018638eb33d0 nmethod 5668 0x0000018622c78210 code [0x0000018622c78440, 0x0000018622c78b78]
Event: 78.603 Thread 0x0000018638eb33d0 5669   !   3       java.nio.CharBuffer::wrap (21 bytes)
Event: 78.603 Thread 0x0000018638eb33d0 nmethod 5669 0x0000018622d52f10 code [0x0000018622d530c0, 0x0000018622d53358]
Event: 78.609 Thread 0x0000018638eb33d0 5670       1       sun.nio.ch.NativeThread::current (2 bytes)
Event: 78.609 Thread 0x0000018638eb33d0 nmethod 5670 0x000001862a384010 code [0x000001862a3841a0, 0x000001862a384258]
Event: 78.788 Thread 0x0000018639d2c6c0 5671       4       java.util.Objects::checkFromIndexSize (8 bytes)
Event: 78.788 Thread 0x0000018639d2c6c0 nmethod 5671 0x000001862a41b310 code [0x000001862a41b480, 0x000001862a41b538]
Event: 78.796 Thread 0x0000018638eaedf0 5672       4       com.sun.javafx.iio.common.ImageLoaderImpl::updateImageProgress (90 bytes)
Event: 78.802 Thread 0x0000018639d2c6c0 5673       4       com.sun.javafx.iio.jpeg.JPEGImageLoader::updateImageProgress (16 bytes)

GC Heap History (20 events):
Event: 1.103 GC heap before
{Heap before GC invocations=0 (full 0):
 garbage-first heap   total 129024K, used 22528K [0x0000000082e00000, 0x0000000100000000)
  region size 1024K, 23 young (23552K), 0 survivors (0K)
 Metaspace       used 3898K, committed 4096K, reserved 1056768K
  class space    used 420K, committed 512K, reserved 1048576K
}
Event: 1.108 GC heap after
{Heap after GC invocations=1 (full 0):
 garbage-first heap   total 129024K, used 5604K [0x0000000082e00000, 0x0000000100000000)
  region size 1024K, 3 young (3072K), 3 survivors (3072K)
 Metaspace       used 3898K, committed 4096K, reserved 1056768K
  class space    used 420K, committed 512K, reserved 1048576K
}
Event: 2.137 GC heap before
{Heap before GC invocations=1 (full 0):
 garbage-first heap   total 129024K, used 35300K [0x0000000082e00000, 0x0000000100000000)
  region size 1024K, 32 young (32768K), 3 survivors (3072K)
 Metaspace       used 11920K, committed 12096K, reserved 1064960K
  class space    used 1573K, committed 1664K, reserved 1048576K
}
Event: 2.145 GC heap after
{Heap after GC invocations=2 (full 0):
 garbage-first heap   total 129024K, used 9001K [0x0000000082e00000, 0x0000000100000000)
  region size 1024K, 4 young (4096K), 4 survivors (4096K)
 Metaspace       used 11920K, committed 12096K, reserved 1064960K
  class space    used 1573K, committed 1664K, reserved 1048576K
}
Event: 8.296 GC heap before
{Heap before GC invocations=2 (full 0):
 garbage-first heap   total 129024K, used 65321K [0x0000000082e00000, 0x0000000100000000)
  region size 1024K, 51 young (52224K), 4 survivors (4096K)
 Metaspace       used 21229K, committed 21504K, reserved 1073152K
  class space    used 3029K, committed 3200K, reserved 1048576K
}
Event: 8.303 GC heap after
{Heap after GC invocations=3 (full 0):
 garbage-first heap   total 129024K, used 22736K [0x0000000082e00000, 0x0000000100000000)
  region size 1024K, 8 young (8192K), 8 survivors (8192K)
 Metaspace       used 21229K, committed 21504K, reserved 1073152K
  class space    used 3029K, committed 3200K, reserved 1048576K
}
Event: 40.785 GC heap before
{Heap before GC invocations=4 (full 0):
 garbage-first heap   total 81920K, used 63696K [0x0000000082e00000, 0x0000000100000000)
  region size 1024K, 48 young (49152K), 8 survivors (8192K)
 Metaspace       used 31362K, committed 31744K, reserved 1081344K
  class space    used 4216K, committed 4416K, reserved 1048576K
}
Event: 40.793 GC heap after
{Heap after GC invocations=5 (full 0):
 garbage-first heap   total 81920K, used 25558K [0x0000000082e00000, 0x0000000100000000)
  region size 1024K, 4 young (4096K), 4 survivors (4096K)
 Metaspace       used 31362K, committed 31744K, reserved 1081344K
  class space    used 4216K, committed 4416K, reserved 1048576K
}
Event: 40.820 GC heap before
{Heap before GC invocations=5 (full 0):
 garbage-first heap   total 81920K, used 26582K [0x0000000082e00000, 0x0000000100000000)
  region size 1024K, 5 young (5120K), 4 survivors (4096K)
 Metaspace       used 31667K, committed 32000K, reserved 1081344K
  class space    used 4252K, committed 4416K, reserved 1048576K
}
Event: 40.823 GC heap after
{Heap after GC invocations=6 (full 0):
 garbage-first heap   total 81920K, used 25781K [0x0000000082e00000, 0x0000000100000000)
  region size 1024K, 1 young (1024K), 1 survivors (1024K)
 Metaspace       used 31667K, committed 32000K, reserved 1081344K
  class space    used 4252K, committed 4416K, reserved 1048576K
}
Event: 53.003 GC heap before
{Heap before GC invocations=6 (full 0):
 garbage-first heap   total 81920K, used 49333K [0x0000000082e00000, 0x0000000100000000)
  region size 1024K, 15 young (15360K), 1 survivors (1024K)
 Metaspace       used 33456K, committed 33856K, reserved 1081344K
  class space    used 4486K, committed 4672K, reserved 1048576K
}
Event: 53.006 GC heap after
{Heap after GC invocations=7 (full 0):
 garbage-first heap   total 81920K, used 38426K [0x0000000082e00000, 0x0000000100000000)
  region size 1024K, 4 young (4096K), 4 survivors (4096K)
 Metaspace       used 33456K, committed 33856K, reserved 1081344K
  class space    used 4486K, committed 4672K, reserved 1048576K
}
Event: 53.026 GC heap before
{Heap before GC invocations=7 (full 0):
 garbage-first heap   total 81920K, used 40474K [0x0000000082e00000, 0x0000000100000000)
  region size 1024K, 5 young (5120K), 4 survivors (4096K)
 Metaspace       used 33461K, committed 33856K, reserved 1081344K
  class space    used 4486K, committed 4672K, reserved 1048576K
}
Event: 53.029 GC heap after
{Heap after GC invocations=8 (full 0):
 garbage-first heap   total 81920K, used 40703K [0x0000000082e00000, 0x0000000100000000)
  region size 1024K, 1 young (1024K), 1 survivors (1024K)
 Metaspace       used 33461K, committed 33856K, reserved 1081344K
  class space    used 4486K, committed 4672K, reserved 1048576K
}
Event: 65.256 GC heap before
{Heap before GC invocations=9 (full 0):
 garbage-first heap   total 81920K, used 41727K [0x0000000082e00000, 0x0000000100000000)
  region size 1024K, 7 young (7168K), 1 survivors (1024K)
 Metaspace       used 33657K, committed 33984K, reserved 1081344K
  class space    used 4488K, committed 4672K, reserved 1048576K
}
Event: 65.258 GC heap after
{Heap after GC invocations=10 (full 0):
 garbage-first heap   total 81920K, used 38104K [0x0000000082e00000, 0x0000000100000000)
  region size 1024K, 1 young (1024K), 1 survivors (1024K)
 Metaspace       used 33657K, committed 33984K, reserved 1081344K
  class space    used 4488K, committed 4672K, reserved 1048576K
}
Event: 65.314 GC heap before
{Heap before GC invocations=11 (full 0):
 garbage-first heap   total 81920K, used 35032K [0x0000000082e00000, 0x0000000100000000)
  region size 1024K, 2 young (2048K), 1 survivors (1024K)
 Metaspace       used 33660K, committed 33984K, reserved 1081344K
  class space    used 4488K, committed 4672K, reserved 1048576K
}
Event: 65.315 GC heap after
{Heap after GC invocations=12 (full 0):
 garbage-first heap   total 81920K, used 34727K [0x0000000082e00000, 0x0000000100000000)
  region size 1024K, 1 young (1024K), 1 survivors (1024K)
 Metaspace       used 33660K, committed 33984K, reserved 1081344K
  class space    used 4488K, committed 4672K, reserved 1048576K
}
Event: 78.614 GC heap before
{Heap before GC invocations=12 (full 0):
 garbage-first heap   total 81920K, used 47015K [0x0000000082e00000, 0x0000000100000000)
  region size 1024K, 6 young (6144K), 1 survivors (1024K)
 Metaspace       used 33755K, committed 34112K, reserved 1081344K
  class space    used 4488K, committed 4672K, reserved 1048576K
}
Event: 78.616 GC heap after
{Heap after GC invocations=13 (full 0):
 garbage-first heap   total 81920K, used 41215K [0x0000000082e00000, 0x0000000100000000)
  region size 1024K, 1 young (1024K), 1 survivors (1024K)
 Metaspace       used 33755K, committed 34112K, reserved 1081344K
  class space    used 4488K, committed 4672K, reserved 1048576K
}

Deoptimization events (20 events):
Event: 65.349 Thread 0x0000018639c26890 Uncommon trap: trap_request=0xffffffd6 fr.pc=0x000001862a46df38 relative=0x0000000000000378
Event: 65.349 Thread 0x0000018639c26890 Uncommon trap: reason=array_check action=maybe_recompile pc=0x000001862a46df38 method=javafx.css.CompoundSelector.applies(Ljavafx/css/Styleable;[Ljava/util/Set;I)Z @ 128 c2
Event: 65.349 Thread 0x0000018639c26890 DEOPT PACKING pc=0x000001862a46df38 sp=0x00000059bfafd9f0
Event: 65.349 Thread 0x0000018639c26890 DEOPT UNPACKING pc=0x00000186227223a3 sp=0x00000059bfafd978 mode 2
Event: 65.349 Thread 0x0000018639c26890 Uncommon trap: trap_request=0xffffffd6 fr.pc=0x000001862a46df38 relative=0x0000000000000378
Event: 65.349 Thread 0x0000018639c26890 Uncommon trap: reason=array_check action=maybe_recompile pc=0x000001862a46df38 method=javafx.css.CompoundSelector.applies(Ljavafx/css/Styleable;[Ljava/util/Set;I)Z @ 128 c2
Event: 65.349 Thread 0x0000018639c26890 DEOPT PACKING pc=0x000001862a46df38 sp=0x00000059bfafd9f0
Event: 65.349 Thread 0x0000018639c26890 DEOPT UNPACKING pc=0x00000186227223a3 sp=0x00000059bfafd978 mode 2
Event: 65.349 Thread 0x0000018639c26890 Uncommon trap: trap_request=0xffffffd6 fr.pc=0x000001862a46df38 relative=0x0000000000000378
Event: 65.349 Thread 0x0000018639c26890 Uncommon trap: reason=array_check action=maybe_recompile pc=0x000001862a46df38 method=javafx.css.CompoundSelector.applies(Ljavafx/css/Styleable;[Ljava/util/Set;I)Z @ 128 c2
Event: 65.349 Thread 0x0000018639c26890 DEOPT PACKING pc=0x000001862a46df38 sp=0x00000059bfafd9f0
Event: 65.349 Thread 0x0000018639c26890 DEOPT UNPACKING pc=0x00000186227223a3 sp=0x00000059bfafd978 mode 2
Event: 71.969 Thread 0x000001863a3f9b20 Uncommon trap: trap_request=0xffffff45 fr.pc=0x000001862a260254 relative=0x0000000000000134
Event: 71.969 Thread 0x000001863a3f9b20 Uncommon trap: reason=unstable_if action=reinterpret pc=0x000001862a260254 method=com.sun.prism.impl.ManagedResource.bumpAge(I)V @ 7 c2
Event: 71.969 Thread 0x000001863a3f9b20 DEOPT PACKING pc=0x000001862a260254 sp=0x00000059bf8fee90
Event: 71.969 Thread 0x000001863a3f9b20 DEOPT UNPACKING pc=0x00000186227223a3 sp=0x00000059bf8fedc8 mode 2
Event: 72.597 Thread 0x0000018639c26890 Uncommon trap: trap_request=0xffffffde fr.pc=0x000001862a2a8300 relative=0x0000000000000420
Event: 72.597 Thread 0x0000018639c26890 Uncommon trap: reason=class_check action=maybe_recompile pc=0x000001862a2a8300 method=java.lang.StringConcatHelper.stringOf(Ljava/lang/Object;)Ljava/lang/String; @ 5 c2
Event: 72.597 Thread 0x0000018639c26890 DEOPT PACKING pc=0x000001862a2a8300 sp=0x00000059bfafe450
Event: 72.597 Thread 0x0000018639c26890 DEOPT UNPACKING pc=0x00000186227223a3 sp=0x00000059bfafe390 mode 2

Classes unloaded (0 events):
No events

Classes redefined (0 events):
No events

Internal exceptions (20 events):
Event: 8.352 Thread 0x0000018639c26890 Exception <a 'sun/nio/fs/WindowsException'{0x0000000087cca8d8}> (0x0000000087cca8d8) 
thrown [t:\workspace\open\src\hotspot\share\prims\jni.cpp, line 516]
Event: 8.354 Thread 0x0000018639c26890 Exception <a 'java/lang/reflect/InvocationTargetException'{0x0000000087cd19c8}> (0x0000000087cd19c8) 
thrown [t:\workspace\open\src\hotspot\share\runtime\reflection.cpp, line 1121]
Event: 8.359 Thread 0x0000018639c26890 Exception <a 'java/lang/reflect/InvocationTargetException'{0x0000000087b0ea60}> (0x0000000087b0ea60) 
thrown [t:\workspace\open\src\hotspot\share\runtime\reflection.cpp, line 1121]
Event: 8.697 Thread 0x0000018639c26890 Exception <a 'java/lang/NoSuchMethodError'{0x000000008631faf0}: 'java.lang.Object java.lang.invoke.DirectMethodHandle$Holder.invokeStaticInit(java.lang.Object, java.lang.Object, java.lang.Object)'> (0x000000008631faf0) 
thrown [t:\workspace\open\src\hotspot\share\interpreter\linkResolver.cpp, line 766]
Event: 8.708 Thread 0x0000018639c26890 Exception <a 'java/lang/NoSuchMethodError'{0x0000000086372be8}: 'long java.lang.invoke.DirectMethodHandle$Holder.invokeSpecial(java.lang.Object, java.lang.Object)'> (0x0000000086372be8) 
thrown [t:\workspace\open\src\hotspot\share\interpreter\linkResolver.cpp, line 766]
Event: 8.710 Thread 0x0000018639c26890 Exception <a 'java/lang/NoSuchMethodError'{0x000000008637e618}: 'long java.lang.invoke.DirectMethodHandle$Holder.invokeStatic(java.lang.Object, java.lang.Object)'> (0x000000008637e618) 
thrown [t:\workspace\open\src\hotspot\share\interpreter\linkResolver.cpp, line 766]
Event: 8.710 Thread 0x0000018639c26890 Exception <a 'java/lang/NoSuchMethodError'{0x0000000086382668}: 'long java.lang.invoke.DirectMethodHandle$Holder.invokeStaticInit(java.lang.Object, java.lang.Object)'> (0x0000000086382668) 
thrown [t:\workspace\open\src\hotspot\share\interpreter\linkResolver.cpp, line 766]
Event: 8.712 Thread 0x0000018639c26890 Exception <a 'java/lang/NoSuchMethodError'{0x0000000086390988}: 'long java.lang.invoke.DirectMethodHandle$Holder.invokeInterface(java.lang.Object, java.lang.Object)'> (0x0000000086390988) 
thrown [t:\workspace\open\src\hotspot\share\interpreter\linkResolver.cpp, line 766]
Event: 8.712 Thread 0x0000018639c26890 Exception <a 'java/lang/IncompatibleClassChangeError'{0x0000000086394710}: Found class java.lang.Object, but interface was expected> (0x0000000086394710) 
thrown [t:\workspace\open\src\hotspot\share\interpreter\linkResolver.cpp, line 833]
Event: 8.746 Thread 0x0000018639c26890 Exception <a 'java/lang/NoSuchMethodError'{0x00000000862db9e0}: 'void java.lang.invoke.DirectMethodHandle$Holder.invokeInterface(java.lang.Object, java.lang.Object)'> (0x00000000862db9e0) 
thrown [t:\workspace\open\src\hotspot\share\interpreter\linkResolver.cpp, line 766]
Event: 9.047 Thread 0x0000018639c26890 Exception <a 'java/lang/ClassNotFoundException'{0x0000000085e6ec78}: javax/smartcardio/CardPermission> (0x0000000085e6ec78) 
thrown [t:\workspace\open\src\hotspot\share\classfile\systemDictionary.cpp, line 256]
Event: 9.050 Thread 0x0000018639c26890 Exception <a 'java/io/FileNotFoundException'{0x0000000085e7dbc0}> (0x0000000085e7dbc0) 
thrown [t:\workspace\open\src\hotspot\share\prims\jni.cpp, line 516]
Event: 9.156 Thread 0x0000018639c26890 Exception <a 'java/lang/NoSuchMethodError'{0x0000000085be8e30}: 'java.lang.Object java.lang.invoke.DirectMethodHandle$Holder.invokeStaticInit(java.lang.Object, int, int, int, int)'> (0x0000000085be8e30) 
thrown [t:\workspace\open\src\hotspot\share\interpreter\linkResolver.cpp, line 766]
Event: 9.191 Thread 0x0000018639c26890 Exception <a 'java/lang/NoSuchMethodError'{0x0000000085a158c8}: 'java.lang.Object java.lang.invoke.DirectMethodHandle$Holder.invokeStaticInit(java.lang.Object, java.lang.Object, int, int, int, int)'> (0x0000000085a158c8) 
thrown [t:\workspace\open\src\hotspot\share\interpreter\linkResolver.cpp, line 766]
Event: 9.225 Thread 0x0000018639c26890 Exception <a 'java/lang/NoSuchMethodError'{0x0000000085910b50}: 'org.slf4j.impl.StaticMDCBinder org.slf4j.impl.StaticMDCBinder.getSingleton()'> (0x0000000085910b50) 
thrown [t:\workspace\open\src\hotspot\share\interpreter\linkResolver.cpp, line 766]
Event: 40.852 Thread 0x0000018639c26890 Exception <a 'java/lang/NoSuchMethodError'{0x0000000087b638a8}: 'int java.lang.invoke.DirectMethodHandle$Holder.invokeSpecial(java.lang.Object, java.lang.Object, int)'> (0x0000000087b638a8) 
thrown [t:\workspace\open\src\hotspot\share\interpreter\linkResolver.cpp, line 766]
Event: 44.205 Thread 0x0000018639c26890 Implicit null exception at 0x000001862a396982 to 0x000001862a396e14
Event: 44.208 Thread 0x0000018639c26890 Implicit null exception at 0x000001862a3bfac9 to 0x000001862a3bfb7c
Event: 62.234 Thread 0x0000018639c26890 Exception <a 'java/io/FileNotFoundException'{0x0000000087910868}> (0x0000000087910868) 
thrown [t:\workspace\open\src\hotspot\share\prims\jni.cpp, line 516]
Event: 75.598 Thread 0x0000018639c26890 Exception <a 'java/io/FileNotFoundException'{0x0000000087911fd0}> (0x0000000087911fd0) 
thrown [t:\workspace\open\src\hotspot\share\prims\jni.cpp, line 516]

VM Operations (20 events):
Event: 66.751 Executing VM operation: Cleanup
Event: 66.751 Executing VM operation: Cleanup done
Event: 67.751 Executing VM operation: Cleanup
Event: 67.751 Executing VM operation: Cleanup done
Event: 68.751 Executing VM operation: Cleanup
Event: 68.751 Executing VM operation: Cleanup done
Event: 70.752 Executing VM operation: Cleanup
Event: 70.752 Executing VM operation: Cleanup done
Event: 71.752 Executing VM operation: Cleanup
Event: 71.752 Executing VM operation: Cleanup done
Event: 72.753 Executing VM operation: Cleanup
Event: 72.753 Executing VM operation: Cleanup done
Event: 75.754 Executing VM operation: Cleanup
Event: 75.754 Executing VM operation: Cleanup done
Event: 78.614 Executing VM operation: G1TryInitiateConcMark
Event: 78.616 Executing VM operation: G1TryInitiateConcMark done
Event: 78.629 Executing VM operation: G1Concurrent
Event: 78.711 Executing VM operation: G1Concurrent done
Event: 78.717 Executing VM operation: G1Concurrent
Event: 78.718 Executing VM operation: G1Concurrent done

Events (20 events):
Event: 65.755 Thread 0x0000018638eb48f0 flushing nmethod 0x000001862358b310
Event: 65.755 Thread 0x0000018638eb48f0 flushing nmethod 0x000001862358eb10
Event: 65.755 Thread 0x0000018638eb48f0 flushing nmethod 0x000001862358fb90
Event: 65.755 Thread 0x0000018638eb48f0 flushing nmethod 0x0000018623590590
Event: 65.755 Thread 0x0000018638eb48f0 flushing nmethod 0x0000018623591590
Event: 65.755 Thread 0x0000018638eb48f0 flushing nmethod 0x0000018623597d90
Event: 65.755 Thread 0x0000018638eb48f0 flushing nmethod 0x0000018623598690
Event: 65.755 Thread 0x0000018638eb48f0 flushing nmethod 0x0000018623598f90
Event: 65.755 Thread 0x0000018638eb48f0 flushing nmethod 0x000001862359c710
Event: 65.755 Thread 0x0000018638eb48f0 flushing nmethod 0x000001862359d990
Event: 65.755 Thread 0x0000018638eb48f0 flushing nmethod 0x00000186235a7310
Event: 65.755 Thread 0x0000018638eb48f0 flushing nmethod 0x00000186235b1390
Event: 65.755 Thread 0x0000018638eb48f0 flushing nmethod 0x00000186235d2a10
Event: 65.755 Thread 0x0000018638eb48f0 flushing nmethod 0x00000186235d9890
Event: 65.755 Thread 0x0000018638eb48f0 flushing nmethod 0x00000186235daf10
Event: 65.756 Thread 0x0000018638eb48f0 flushing nmethod 0x00000186235ef690
Event: 65.756 Thread 0x0000018638eb48f0 flushing nmethod 0x00000186236ae210
Event: 65.758 Thread 0x0000018638eb48f0 flushing nmethod 0x0000018623804690
Event: 65.758 Thread 0x0000018638eb48f0 flushing nmethod 0x0000018623805010
Event: 75.603 Thread 0x0000018639d2c6c0 Thread added: 0x0000018639d2c6c0


Dynamic libraries:
0x00007ff648520000 - 0x00007ff648530000 	C:\Program Files\Java\jdk-17.0.2\bin\java.exe
0x00007fff47010000 - 0x00007fff47205000 	C:\WINDOWS\SYSTEM32\ntdll.dll
0x00007fff450e0000 - 0x00007fff4519e000 	C:\WINDOWS\System32\KERNEL32.DLL
0x00007fff44940000 - 0x00007fff44c08000 	C:\WINDOWS\System32\KERNELBASE.dll
0x00007fff44cd0000 - 0x00007fff44dd0000 	C:\WINDOWS\System32\ucrtbase.dll
0x00007fff38ee0000 - 0x00007fff38efa000 	C:\Program Files\Java\jdk-17.0.2\bin\VCRUNTIME140.dll
0x00007fff38d10000 - 0x00007fff38d28000 	C:\Program Files\Java\jdk-17.0.2\bin\jli.dll
0x00007fff460b0000 - 0x00007fff4615e000 	C:\WINDOWS\System32\ADVAPI32.dll
0x00007fff45e40000 - 0x00007fff45ede000 	C:\WINDOWS\System32\msvcrt.dll
0x00007fff46960000 - 0x00007fff469fc000 	C:\WINDOWS\System32\sechost.dll
0x00007fff45ad0000 - 0x00007fff45bf5000 	C:\WINDOWS\System32\RPCRT4.dll
0x00007fff45610000 - 0x00007fff457b0000 	C:\WINDOWS\System32\USER32.dll
0x00007fff44800000 - 0x00007fff44822000 	C:\WINDOWS\System32\win32u.dll
0x00007fff1bf10000 - 0x00007fff1c1aa000 	C:\WINDOWS\WinSxS\amd64_microsoft.windows.common-controls_6595b64144ccf1df_6.0.19041.1110_none_60b5254171f9507e\COMCTL32.dll
0x00007fff45aa0000 - 0x00007fff45acb000 	C:\WINDOWS\System32\GDI32.dll
0x00007fff44830000 - 0x00007fff4493b000 	C:\WINDOWS\System32\gdi32full.dll
0x00007fff44730000 - 0x00007fff447cd000 	C:\WINDOWS\System32\msvcp_win.dll
0x00007fff38fa0000 - 0x00007fff38faa000 	C:\WINDOWS\SYSTEM32\VERSION.dll
0x00007fff45220000 - 0x00007fff45250000 	C:\WINDOWS\System32\IMM32.DLL
0x00007fff3ca80000 - 0x00007fff3ca8c000 	C:\Program Files\Java\jdk-17.0.2\bin\vcruntime140_1.dll
0x00007fff20540000 - 0x00007fff205cd000 	C:\Program Files\Java\jdk-17.0.2\bin\msvcp140.dll
0x00007ffeefc00000 - 0x00007ffef07c1000 	C:\Program Files\Java\jdk-17.0.2\bin\server\jvm.dll
0x00007fff450d0000 - 0x00007fff450d8000 	C:\WINDOWS\System32\PSAPI.DLL
0x00007fff2b0c0000 - 0x00007fff2b0c9000 	C:\WINDOWS\SYSTEM32\WSOCK32.dll
0x00007fff30560000 - 0x00007fff30587000 	C:\WINDOWS\SYSTEM32\WINMM.dll
0x00007fff45880000 - 0x00007fff458eb000 	C:\WINDOWS\System32\WS2_32.dll
0x00007fff42640000 - 0x00007fff42652000 	C:\WINDOWS\SYSTEM32\kernel.appcore.dll
0x00007fff3bb90000 - 0x00007fff3bb9a000 	C:\Program Files\Java\jdk-17.0.2\bin\jimage.dll
0x00007fff3eec0000 - 0x00007fff3f0a4000 	C:\WINDOWS\SYSTEM32\DBGHELP.DLL
0x00007fff3b150000 - 0x00007fff3b17c000 	C:\WINDOWS\SYSTEM32\dbgcore.DLL
0x00007fff44dd0000 - 0x00007fff44e52000 	C:\WINDOWS\System32\bcryptPrimitives.dll
0x00007fff2eca0000 - 0x00007fff2ecc5000 	C:\Program Files\Java\jdk-17.0.2\bin\java.dll
0x00007fff1ebd0000 - 0x00007fff1eca6000 	C:\Program Files\Java\jdk-17.0.2\bin\jsvml.dll
0x00007fff46210000 - 0x00007fff46954000 	C:\WINDOWS\System32\SHELL32.dll
0x00007fff42840000 - 0x00007fff42fd4000 	C:\WINDOWS\SYSTEM32\windows.storage.dll
0x00007fff45250000 - 0x00007fff455a4000 	C:\WINDOWS\System32\combase.dll
0x00007fff44190000 - 0x00007fff441bc000 	C:\WINDOWS\SYSTEM32\Wldp.dll
0x00007fff46000000 - 0x00007fff460ad000 	C:\WINDOWS\System32\SHCORE.dll
0x00007fff45dd0000 - 0x00007fff45e25000 	C:\WINDOWS\System32\shlwapi.dll
0x00007fff44670000 - 0x00007fff4468f000 	C:\WINDOWS\SYSTEM32\profapi.dll
0x00007fff366e0000 - 0x00007fff366f9000 	C:\Program Files\Java\jdk-17.0.2\bin\net.dll
0x00007fff37120000 - 0x00007fff37229000 	C:\WINDOWS\SYSTEM32\WINHTTP.dll
0x00007fff43ef0000 - 0x00007fff43f5a000 	C:\WINDOWS\system32\mswsock.dll
0x00007fff2ed40000 - 0x00007fff2ed56000 	C:\Program Files\Java\jdk-17.0.2\bin\nio.dll
0x00007fff2d620000 - 0x00007fff2d638000 	C:\Program Files\Java\jdk-17.0.2\bin\zip.dll
0x0000018618e80000 - 0x0000018618e83000 	C:\Users\alinv\OneDrive\Desktop\javafx-sdk-17.0.2\bin\api-ms-win-core-console-l1-1-0.dll
0x0000018618e90000 - 0x0000018618e93000 	C:\Users\alinv\OneDrive\Desktop\javafx-sdk-17.0.2\bin\api-ms-win-core-console-l1-2-0.dll
0x000001861ae10000 - 0x000001861ae13000 	C:\Users\alinv\OneDrive\Desktop\javafx-sdk-17.0.2\bin\api-ms-win-core-datetime-l1-1-0.dll
0x000001861ae20000 - 0x000001861ae23000 	C:\Users\alinv\OneDrive\Desktop\javafx-sdk-17.0.2\bin\api-ms-win-core-debug-l1-1-0.dll
0x000001861ae30000 - 0x000001861ae33000 	C:\Users\alinv\OneDrive\Desktop\javafx-sdk-17.0.2\bin\api-ms-win-core-errorhandling-l1-1-0.dll
0x000001861ae40000 - 0x000001861ae44000 	C:\Users\alinv\OneDrive\Desktop\javafx-sdk-17.0.2\bin\api-ms-win-core-file-l1-1-0.dll
0x000001863b3d0000 - 0x000001863b3d3000 	C:\Users\alinv\OneDrive\Desktop\javafx-sdk-17.0.2\bin\api-ms-win-core-file-l1-2-0.dll
0x000001863b3e0000 - 0x000001863b3e3000 	C:\Users\alinv\OneDrive\Desktop\javafx-sdk-17.0.2\bin\api-ms-win-core-file-l2-1-0.dll
0x000001863b3f0000 - 0x000001863b3f3000 	C:\Users\alinv\OneDrive\Desktop\javafx-sdk-17.0.2\bin\api-ms-win-core-handle-l1-1-0.dll
0x000001863b400000 - 0x000001863b403000 	C:\Users\alinv\OneDrive\Desktop\javafx-sdk-17.0.2\bin\api-ms-win-core-heap-l1-1-0.dll
0x000001863b410000 - 0x000001863b413000 	C:\Users\alinv\OneDrive\Desktop\javafx-sdk-17.0.2\bin\api-ms-win-core-interlocked-l1-1-0.dll
0x000001863b420000 - 0x000001863b423000 	C:\Users\alinv\OneDrive\Desktop\javafx-sdk-17.0.2\bin\api-ms-win-core-libraryloader-l1-1-0.dll
0x000001863b430000 - 0x000001863b433000 	C:\Users\alinv\OneDrive\Desktop\javafx-sdk-17.0.2\bin\api-ms-win-core-localization-l1-2-0.dll
0x000001863b440000 - 0x000001863b443000 	C:\Users\alinv\OneDrive\Desktop\javafx-sdk-17.0.2\bin\api-ms-win-core-memory-l1-1-0.dll
0x000001863b450000 - 0x000001863b453000 	C:\Users\alinv\OneDrive\Desktop\javafx-sdk-17.0.2\bin\api-ms-win-core-namedpipe-l1-1-0.dll
0x000001863b460000 - 0x000001863b463000 	C:\Users\alinv\OneDrive\Desktop\javafx-sdk-17.0.2\bin\api-ms-win-core-processenvironment-l1-1-0.dll
0x000001863b470000 - 0x000001863b473000 	C:\Users\alinv\OneDrive\Desktop\javafx-sdk-17.0.2\bin\api-ms-win-core-processthreads-l1-1-0.dll
0x000001863b480000 - 0x000001863b483000 	C:\Users\alinv\OneDrive\Desktop\javafx-sdk-17.0.2\bin\api-ms-win-core-processthreads-l1-1-1.dll
0x000001863b490000 - 0x000001863b493000 	C:\Users\alinv\OneDrive\Desktop\javafx-sdk-17.0.2\bin\api-ms-win-core-profile-l1-1-0.dll
0x000001863b4a0000 - 0x000001863b4a3000 	C:\Users\alinv\OneDrive\Desktop\javafx-sdk-17.0.2\bin\api-ms-win-core-rtlsupport-l1-1-0.dll
0x000001863b4b0000 - 0x000001863b4b3000 	C:\Users\alinv\OneDrive\Desktop\javafx-sdk-17.0.2\bin\api-ms-win-core-string-l1-1-0.dll
0x000001863b4c0000 - 0x000001863b4c3000 	C:\Users\alinv\OneDrive\Desktop\javafx-sdk-17.0.2\bin\api-ms-win-core-synch-l1-1-0.dll
0x000001863b4d0000 - 0x000001863b4d3000 	C:\Users\alinv\OneDrive\Desktop\javafx-sdk-17.0.2\bin\api-ms-win-core-synch-l1-2-0.dll
0x000001863b670000 - 0x000001863b673000 	C:\Users\alinv\OneDrive\Desktop\javafx-sdk-17.0.2\bin\api-ms-win-core-sysinfo-l1-1-0.dll
0x000001863b840000 - 0x000001863b843000 	C:\Users\alinv\OneDrive\Desktop\javafx-sdk-17.0.2\bin\api-ms-win-core-timezone-l1-1-0.dll
0x000001863b850000 - 0x000001863b853000 	C:\Users\alinv\OneDrive\Desktop\javafx-sdk-17.0.2\bin\api-ms-win-core-util-l1-1-0.dll
0x000001863b860000 - 0x000001863b863000 	C:\Users\alinv\OneDrive\Desktop\javafx-sdk-17.0.2\bin\api-ms-win-crt-conio-l1-1-0.dll
0x000001863b4e0000 - 0x000001863b4e4000 	C:\Users\alinv\OneDrive\Desktop\javafx-sdk-17.0.2\bin\api-ms-win-crt-convert-l1-1-0.dll
0x000001863b4f0000 - 0x000001863b4f3000 	C:\Users\alinv\OneDrive\Desktop\javafx-sdk-17.0.2\bin\api-ms-win-crt-environment-l1-1-0.dll
0x000001863b500000 - 0x000001863b503000 	C:\Users\alinv\OneDrive\Desktop\javafx-sdk-17.0.2\bin\api-ms-win-crt-filesystem-l1-1-0.dll
0x000001863b510000 - 0x000001863b513000 	C:\Users\alinv\OneDrive\Desktop\javafx-sdk-17.0.2\bin\api-ms-win-crt-heap-l1-1-0.dll
0x000001863b520000 - 0x000001863b523000 	C:\Users\alinv\OneDrive\Desktop\javafx-sdk-17.0.2\bin\api-ms-win-crt-locale-l1-1-0.dll
0x000001863b530000 - 0x000001863b535000 	C:\Users\alinv\OneDrive\Desktop\javafx-sdk-17.0.2\bin\api-ms-win-crt-math-l1-1-0.dll
0x000001863b540000 - 0x000001863b545000 	C:\Users\alinv\OneDrive\Desktop\javafx-sdk-17.0.2\bin\api-ms-win-crt-multibyte-l1-1-0.dll
0x000001863b550000 - 0x000001863b560000 	C:\Users\alinv\OneDrive\Desktop\javafx-sdk-17.0.2\bin\api-ms-win-crt-private-l1-1-0.dll
0x000001863b560000 - 0x000001863b563000 	C:\Users\alinv\OneDrive\Desktop\javafx-sdk-17.0.2\bin\api-ms-win-crt-process-l1-1-0.dll
0x000001863b570000 - 0x000001863b574000 	C:\Users\alinv\OneDrive\Desktop\javafx-sdk-17.0.2\bin\api-ms-win-crt-runtime-l1-1-0.dll
0x000001863b580000 - 0x000001863b584000 	C:\Users\alinv\OneDrive\Desktop\javafx-sdk-17.0.2\bin\api-ms-win-crt-stdio-l1-1-0.dll
0x000001863b590000 - 0x000001863b594000 	C:\Users\alinv\OneDrive\Desktop\javafx-sdk-17.0.2\bin\api-ms-win-crt-string-l1-1-0.dll
0x000001863b5a0000 - 0x000001863b5a3000 	C:\Users\alinv\OneDrive\Desktop\javafx-sdk-17.0.2\bin\api-ms-win-crt-time-l1-1-0.dll
0x000001863b5b0000 - 0x000001863b5b3000 	C:\Users\alinv\OneDrive\Desktop\javafx-sdk-17.0.2\bin\api-ms-win-crt-utility-l1-1-0.dll
0x00007fff114b0000 - 0x00007fff115ac000 	C:\Users\alinv\OneDrive\Desktop\javafx-sdk-17.0.2\bin\ucrtbase.dll
0x00007fff3ba60000 - 0x00007fff3ba7a000 	C:\Users\alinv\OneDrive\Desktop\javafx-sdk-17.0.2\bin\vcruntime140.dll
0x00007fff3cc20000 - 0x00007fff3cc2c000 	C:\Users\alinv\OneDrive\Desktop\javafx-sdk-17.0.2\bin\vcruntime140_1.dll
0x00007fff1a760000 - 0x00007fff1a7ed000 	C:\Users\alinv\OneDrive\Desktop\javafx-sdk-17.0.2\bin\msvcp140.dll
0x00007fff2d450000 - 0x00007fff2d47a000 	C:\Users\alinv\OneDrive\Desktop\javafx-sdk-17.0.2\bin\prism_d3d.dll
0x00007fff0a570000 - 0x00007fff0a73f000 	C:\WINDOWS\system32\d3d9.dll
0x00007fff42460000 - 0x00007fff4248f000 	C:\WINDOWS\SYSTEM32\dwmapi.dll
0x00007fff3e7a0000 - 0x00007fff3e83e000 	C:\WINDOWS\system32\uxtheme.dll
0x00007fff0a800000 - 0x00007fff0a992000 	C:\WINDOWS\System32\DriverStore\FileRepository\iigd_dch.inf_amd64_d5116a57e81b0c34\igdumdim64.dll
0x00007fff331d0000 - 0x00007fff33323000 	C:\WINDOWS\System32\DriverStore\FileRepository\iigd_dch.inf_amd64_d5116a57e81b0c34\igdgmm64.dll
0x00007fff202c0000 - 0x00007fff20302000 	C:\Users\alinv\OneDrive\Desktop\javafx-sdk-17.0.2\bin\glass.dll
0x00007fff46ef0000 - 0x00007fff46fcb000 	C:\WINDOWS\System32\COMDLG32.dll
0x00007fff45c00000 - 0x00007fff45d2a000 	C:\WINDOWS\System32\ole32.dll
0x00007fff457b0000 - 0x00007fff4587d000 	C:\WINDOWS\System32\OLEAUT32.dll
0x00007fff45ee0000 - 0x00007fff45ff6000 	C:\WINDOWS\System32\MSCTF.dll
0x00007ffee2110000 - 0x00007ffee5d27000 	C:\WINDOWS\System32\DriverStore\FileRepository\iigd_dch.inf_amd64_d5116a57e81b0c34\igd9dxva64.dll
0x00007ffefec00000 - 0x00007ffefec22000 	C:\WINDOWS\System32\DriverStore\FileRepository\iigd_dch.inf_amd64_d5116a57e81b0c34\igdinfo64.dll
0x00007fff30e30000 - 0x00007fff331af000 	C:\WINDOWS\System32\DriverStore\FileRepository\iigd_dch.inf_amd64_d5116a57e81b0c34\igc64.dll
0x00007fff35370000 - 0x00007fff353ab000 	C:\WINDOWS\SYSTEM32\dxcore.dll
0x00007fff44c80000 - 0x00007fff44cce000 	C:\WINDOWS\System32\cfgmgr32.dll
0x00007fff3bb60000 - 0x00007fff3bb70000 	C:\Program Files\Java\jdk-17.0.2\bin\verify.dll
0x00007fff2d300000 - 0x00007fff2d314000 	C:\Users\alinv\OneDrive\Desktop\javafx-sdk-17.0.2\bin\javafx_font.dll
0x00007fff28260000 - 0x00007fff284df000 	C:\WINDOWS\SYSTEM32\dwrite.dll
0x00007fff46160000 - 0x00007fff46209000 	C:\WINDOWS\System32\clbcatq.dll
0x00007fff3e300000 - 0x00007fff3e4b4000 	C:\WINDOWS\SYSTEM32\WindowsCodecs.dll
0x00007fff447d0000 - 0x00007fff447f7000 	C:\WINDOWS\System32\bcrypt.dll
0x00007fff16660000 - 0x00007fff1669e000 	C:\WINDOWS\system32\dataexchange.dll
0x00007fff3a1c0000 - 0x00007fff3a3a5000 	C:\WINDOWS\system32\dcomp.dll
0x00007fff39740000 - 0x00007fff399a4000 	C:\WINDOWS\system32\d3d11.dll
0x00007fff43040000 - 0x00007fff43133000 	C:\WINDOWS\system32\dxgi.dll
0x00007fff3ad50000 - 0x00007fff3af51000 	C:\WINDOWS\system32\twinapi.appcore.dll
0x00007fff20240000 - 0x00007fff20274000 	C:\Program Files\Common Files\Microsoft Shared\Ink\rtscom.dll
0x00007fff2b3d0000 - 0x00007fff2b4c9000 	C:\WINDOWS\SYSTEM32\textinputframework.dll
0x00007fff3a3b0000 - 0x00007fff3a70e000 	C:\WINDOWS\System32\CoreUIComponents.dll
0x00007fff3c0d0000 - 0x00007fff3c1c2000 	C:\WINDOWS\System32\CoreMessaging.dll
0x00007fff3dbd0000 - 0x00007fff3dd24000 	C:\WINDOWS\SYSTEM32\wintypes.dll
0x00007fff43430000 - 0x00007fff43463000 	C:\WINDOWS\SYSTEM32\ntmarta.dll
0x00007fff39b00000 - 0x00007fff3a0c0000 	C:\WINDOWS\SYSTEM32\d2d1.dll
0x00007fff35490000 - 0x00007fff35b86000 	C:\WINDOWS\SYSTEM32\D3D10Warp.dll
0x00007fff43bd0000 - 0x00007fff43c9a000 	C:\WINDOWS\SYSTEM32\DNSAPI.dll
0x00007fff43b90000 - 0x00007fff43bcb000 	C:\WINDOWS\SYSTEM32\IPHLPAPI.DLL
0x00007fff45d30000 - 0x00007fff45d38000 	C:\WINDOWS\System32\NSI.dll

dbghelp: loaded successfully - version: 4.0.5 - missing functions: none
symbol engine: initialized successfully - sym options: 0x614 - pdb path: .;C:\Program Files\Java\jdk-17.0.2\bin;C:\WINDOWS\SYSTEM32;C:\WINDOWS\WinSxS\amd64_microsoft.windows.common-controls_6595b64144ccf1df_6.0.19041.1110_none_60b5254171f9507e;C:\Program Files\Java\jdk-17.0.2\bin\server;C:\Users\alinv\OneDrive\Desktop\javafx-sdk-17.0.2\bin;C:\WINDOWS\System32\DriverStore\FileRepository\iigd_dch.inf_amd64_d5116a57e81b0c34;C:\Program Files\Common Files\Microsoft Shared\Ink

VM Arguments:
jvm_args: --module-path=C:\Users\alinv\OneDrive\Desktop\javafx-sdk-17.0.2\lib --add-modules=javafx.controls,javafx.fxml --module-path=C:\Users\alinv\OneDrive\Desktop\javafx-sdk-17.0.2\lib --add-modules=javafx.controls,javafx.fxml -Dfile.encoding=windows-1252 -Duser.country=US -Duser.language=en -Duser.variant 
java_command: client.Main
java_class_path (initial): C:\Users\alinv\OneDrive\Documents\gitNew\repository-template\client\build\classes\java\main;C:\Users\alinv\OneDrive\Documents\gitNew\repository-template\client\build\resources\main;C:\Users\alinv\OneDrive\Documents\gitNew\repository-template\commons\build\libs\commons-0.0.1-SNAPSHOT.jar;C:\Users\alinv\.gradle\caches\modules-2\files-2.1\org.apache.commons\commons-lang3\3.12.0\c6842c86792ff03b9f1d1fe2aab8dc23aa6c6f0e\commons-lang3-3.12.0.jar;C:\Users\alinv\.gradle\caches\modules-2\files-2.1\org.openjfx\javafx-fxml\17.0.2\5079f88d5345e988222c90a345ad682b7aaccad3\javafx-fxml-17.0.2-win.jar;C:\Users\alinv\.gradle\caches\modules-2\files-2.1\org.openjfx\javafx-fxml\17.0.2\445a173563974cb19549b35a615de4bd8b82be67\javafx-fxml-17.0.2.jar;C:\Users\alinv\.gradle\caches\modules-2\files-2.1\org.openjfx\javafx-controls\17.0.2\707f290bacde2738c0a7e1d0b4a8193002c29cf7\javafx-controls-17.0.2-win.jar;C:\Users\alinv\.gradle\caches\modules-2\files-2.1\org.openjfx\javafx-controls\17.0.2\f52640ea07a0d7fe2ac8b9f945ec58fa22ac1afd\javafx-controls-17.0.2.jar;C:\Users\alinv\.gradle\caches\modules-2\files-2.1\org.openjfx\javafx-graphics\17.0.2\6f95886c8fed3e1b21370a199c3937846ef6b3cc\javafx-graphics-17.0.2-win.jar;C:\Users\alinv\.gradle\caches\modules-2\files-2.1\org.openjfx\javafx-graphics\17.0.2\1eb7ce07e07ccc2fcb26103f07535e72069519d6\javafx-graphics-17.0.2.jar;C:\Users\alinv\.gradle\caches\modules-2\files-2.1\org.openjfx\javafx-base\17.0.2\1bd6dc88b180a6239a5067320c2f0d7f3526e1d2\javafx-base-17.0.2-win.jar;C:\Users\alinv\.gradle\caches\modules-2\files-2.1\org.openjfx\javafx-base\17.0.2\ca46f15a306175ac1513211e1d190a5baacd77cc\javafx-base-17.0.2.jar;C:\Users\alinv\.gradle\caches\modules-2\files-2.1\org.glassfish.jersey.core\jersey-client\3.0.3\8fcae2a641d41cf691d523e2e98a5fac9bdc04f2\jersey-client-3.0.3.jar;C:\Users\alinv\.gradle\caches\modules-2\files-2.1\org.glassfish.jersey.inject\jersey-hk2\3.0.3\6bb80de69e9c1bc869321aee672a865614132cc0\jersey-hk2-3.0.3.jar;C
Launcher Type: SUN_STANDARD

[Global flags]
     intx CICompilerCount                          = 4                                         {product} {ergonomic}
     uint ConcGCThreads                            = 2                                         {product} {ergonomic}
     uint G1ConcRefinementThreads                  = 8                                         {product} {ergonomic}
   size_t G1HeapRegionSize                         = 1048576                                   {product} {ergonomic}
    uintx GCDrainStackTargetSize                   = 64                                        {product} {ergonomic}
   size_t InitialHeapSize                          = 132120576                                 {product} {ergonomic}
   size_t MarkStackSize                            = 4194304                                   {product} {ergonomic}
   size_t MaxHeapSize                              = 2099249152                                {product} {ergonomic}
   size_t MaxNewSize                               = 1259339776                                {product} {ergonomic}
   size_t MinHeapDeltaBytes                        = 1048576                                   {product} {ergonomic}
   size_t MinHeapSize                              = 8388608                                   {product} {ergonomic}
    uintx NonNMethodCodeHeapSize                   = 5839372                                {pd product} {ergonomic}
    uintx NonProfiledCodeHeapSize                  = 122909434                              {pd product} {ergonomic}
    uintx ProfiledCodeHeapSize                     = 122909434                              {pd product} {ergonomic}
    uintx ReservedCodeCacheSize                    = 251658240                              {pd product} {ergonomic}
     bool SegmentedCodeCache                       = true                                      {product} {ergonomic}
   size_t SoftMaxHeapSize                          = 2099249152                             {manageable} {ergonomic}
     bool UseCompressedClassPointers               = true                           {product lp64_product} {ergonomic}
     bool UseCompressedOops                        = true                           {product lp64_product} {ergonomic}
     bool UseG1GC                                  = true                                      {product} {ergonomic}
     bool UseLargePagesIndividualAllocation        = false                                  {pd product} {ergonomic}

Logging:
Log output configuration:
 #0: stdout all=warning uptime,level,tags
 #1: stderr all=off uptime,level,tags

Environment Variables:
JAVA_HOME=C:\Program Files\Java\jdk-17.0.2
PATH=C:\Program Files\Common Files\Oracle\Java\javapath;C:\WINDOWS\system32;C:\WINDOWS;C:\WINDOWS\System32\Wbem;C:\WINDOWS\System32\WindowsPowerShell\v1.0\;C:\WINDOWS\System32\OpenSSH\;C:\Program Files\Git\cmd;C:\Users\alinv\AppData\Local\Microsoft\WindowsApps;C:\Users\alinv\AppData\Local\atom\bin;C:\Users\alinv\AppData\Local\Microsoft\WindowsApps;C:\Users\alinv\AppData\Local\gitkraken\bin
USERNAME=alinv
OS=Windows_NT
PROCESSOR_IDENTIFIER=Intel64 Family 6 Model 142 Stepping 12, GenuineIntel



---------------  S Y S T E M  ---------------

OS:
 Windows 10 , 64 bit Build 19041 (10.0.19041.1566)
OS uptime: 22 days 20:08 hours

CPU: total 8 (initial active 8) (4 cores per cpu, 2 threads per core) family 6 model 142 stepping 12 microcode 0xb8, cx8, cmov, fxsr, ht, mmx, 3dnowpref, sse, sse2, sse3, ssse3, sse4.1, sse4.2, popcnt, lzcnt, tsc, tscinvbit, avx, avx2, aes, erms, clmul, bmi1, bmi2, adx, fma, vzeroupper, clflush, clflushopt

Memory: 4k page, system-wide physical 8005M (347M free)
TotalPageFile size 31393M (AvailPageFile size 1M)
current process WorkingSet (physical memory assigned to process): 398M, peak: 410M
current process commit charge ("private bytes"): 570M, peak: 570M

vm_info: Java HotSpot(TM) 64-Bit Server VM (17.0.2+8-LTS-86) for windows-amd64 JRE (17.0.2+8-LTS-86), built on Dec  7 2021 21:51:03 by "mach5one" with MS VC++ 16.8 / 16.9 (VS2019)

END.
