#
# There is insufficient memory for the Java Runtime Environment to continue.
# Native memory allocation (malloc) failed to allocate 469408 bytes for Chunk::new
# Possible reasons:
#   The system is out of physical RAM or swap space
#   The process is running with CompressedOops enabled, and the Java Heap may be blocking the growth of the native heap
# Possible solutions:
#   Reduce memory load on the system
#   Increase physical memory or swap space
#   Check if swap backing store is full
#   Decrease Java heap size (-Xmx/-Xms)
#   Decrease number of Java threads
#   Decrease Java thread stack sizes (-Xss)
#   Set larger code cache with -XX:ReservedCodeCacheSize=
#   JVM is running with Unscaled Compressed Oops mode in which the Java heap is
#     placed in the first 4GB address space. The Java Heap base address is the
#     maximum limit for the native heap growth. Please use -XX:HeapBaseMinAddress
#     to set the Java Heap base and to place the Java Heap above 4GB virtual address.
# This output file may be truncated or incomplete.
#
#  Out of Memory Error (arena.cpp:189), pid=21364, tid=7504
#
# JRE version: Java(TM) SE Runtime Environment (17.0.2+8) (build 17.0.2+8-LTS-86)
# Java VM: Java HotSpot(TM) 64-Bit Server VM (17.0.2+8-LTS-86, mixed mode, sharing, tiered, compressed oops, compressed class ptrs, g1 gc, windows-amd64)
# No core dump will be written. Minidumps are not enabled by default on client versions of Windows
#

---------------  S U M M A R Y ------------

Command Line: --module-path=C:\Users\alinv\OneDrive\Desktop\javafx-sdk-17.0.2\lib --add-modules=javafx.controls,javafx.fxml --module-path=C:\Users\alinv\OneDrive\Desktop\javafx-sdk-17.0.2\lib --add-modules=javafx.controls,javafx.fxml -Dfile.encoding=windows-1252 -Duser.country=US -Duser.language=en -Duser.variant client.Main

Host: Intel(R) Core(TM) i5-8265U CPU @ 1.60GHz, 8 cores, 7G,  Windows 10 , 64 bit Build 19041 (10.0.19041.1566)
Time: Thu Mar 31 22:53:26 2022 GTB Daylight Time elapsed time: 36.397294 seconds (0d 0h 0m 36s)

---------------  T H R E A D  ---------------

Current thread (0x0000024d2f6dbe50):  JavaThread "C2 CompilerThread1" daemon [_thread_in_native, id=7504, stack(0x000000b573b00000,0x000000b573c00000)]


Current CompileTask:
C2:  36397 5641 %     4       com.sun.marlin.Renderer::_endRendering @ 1910 (2473 bytes)

Stack: [0x000000b573b00000,0x000000b573c00000]
Native frames: (J=compiled Java code, j=interpreted, Vv=VM code, C=native code)
V  [jvm.dll+0x670baa]
V  [jvm.dll+0x7cfcb4]
V  [jvm.dll+0x7d145e]
V  [jvm.dll+0x7d1ac3]
V  [jvm.dll+0x242bc5]
V  [jvm.dll+0xaa57b]
V  [jvm.dll+0xaab0c]
V  [jvm.dll+0x35fd07]
V  [jvm.dll+0x32a331]
V  [jvm.dll+0x3297da]
V  [jvm.dll+0x215c91]
V  [jvm.dll+0x2150b1]
V  [jvm.dll+0x1a1bbd]
V  [jvm.dll+0x224908]
V  [jvm.dll+0x222a6c]
V  [jvm.dll+0x7859bb]
V  [jvm.dll+0x77ff7a]
V  [jvm.dll+0x66fa35]
C  [ucrtbase.dll+0x21bb2]
C  [KERNEL32.DLL+0x17034]
C  [ntdll.dll+0x52651]


---------------  P R O C E S S  ---------------

Threads class SMR info:
_java_thread_list=0x0000024d2497e550, length=31, elements={
0x0000024d05ba29a0, 0x0000024d23b6cd80, 0x0000024d23b6f150, 0x0000024d23b818f0,
0x0000024d23b827c0, 0x0000024d23b85830, 0x0000024d23b89d90, 0x0000024d23b8c130,
0x0000024d23b90e00, 0x0000024d23b9d300, 0x0000024d24881db0, 0x0000024d24a50d20,
0x0000024d25469060, 0x0000024d252dade0, 0x0000024d253bed40, 0x0000024d25365ff0,
0x0000024d25d3f030, 0x0000024d25ee9040, 0x0000024d2605fab0, 0x0000024d260da610,
0x0000024d260ddb00, 0x0000024d260dd630, 0x0000024d260dcc90, 0x0000024d260dd160,
0x0000024d260daae0, 0x0000024d260dafb0, 0x0000024d260db480, 0x0000024d260db950,
0x0000024d2517d4a0, 0x0000024d2517ecb0, 0x0000024d2f6dbe50
}

Java Threads: ( => current thread )
  0x0000024d05ba29a0 JavaThread "main" [_thread_blocked, id=22452, stack(0x000000b570e00000,0x000000b570f00000)]
  0x0000024d23b6cd80 JavaThread "Reference Handler" daemon [_thread_blocked, id=11728, stack(0x000000b571500000,0x000000b571600000)]
  0x0000024d23b6f150 JavaThread "Finalizer" daemon [_thread_blocked, id=7872, stack(0x000000b571600000,0x000000b571700000)]
  0x0000024d23b818f0 JavaThread "Signal Dispatcher" daemon [_thread_blocked, id=24032, stack(0x000000b571700000,0x000000b571800000)]
  0x0000024d23b827c0 JavaThread "Attach Listener" daemon [_thread_blocked, id=19608, stack(0x000000b571800000,0x000000b571900000)]
  0x0000024d23b85830 JavaThread "Service Thread" daemon [_thread_blocked, id=16884, stack(0x000000b571900000,0x000000b571a00000)]
  0x0000024d23b89d90 JavaThread "Monitor Deflation Thread" daemon [_thread_blocked, id=17944, stack(0x000000b571a00000,0x000000b571b00000)]
  0x0000024d23b8c130 JavaThread "C2 CompilerThread0" daemon [_thread_in_native, id=11320, stack(0x000000b571b00000,0x000000b571c00000)]
  0x0000024d23b90e00 JavaThread "C1 CompilerThread0" daemon [_thread_blocked, id=22216, stack(0x000000b571c00000,0x000000b571d00000)]
  0x0000024d23b9d300 JavaThread "Sweeper thread" daemon [_thread_blocked, id=24536, stack(0x000000b571d00000,0x000000b571e00000)]
  0x0000024d24881db0 JavaThread "Common-Cleaner" daemon [_thread_blocked, id=19808, stack(0x000000b571e00000,0x000000b571f00000)]
  0x0000024d24a50d20 JavaThread "Notification Thread" daemon [_thread_blocked, id=19488, stack(0x000000b572100000,0x000000b572200000)]
  0x0000024d25469060 JavaThread "QuantumRenderer-0" daemon [_thread_in_native, id=20172, stack(0x000000b572000000,0x000000b572100000)]
  0x0000024d252dade0 JavaThread "InvokeLaterDispatcher" daemon [_thread_blocked, id=17004, stack(0x000000b572300000,0x000000b572400000)]
  0x0000024d253bed40 JavaThread "JavaFX Application Thread" [_thread_blocked, id=16836, stack(0x000000b572400000,0x000000b572500000)]
  0x0000024d25365ff0 JavaThread "Thread-1" daemon [_thread_in_native, id=14200, stack(0x000000b572800000,0x000000b572900000)]
  0x0000024d25d3f030 JavaThread "JavaFX-Launcher" [_thread_blocked, id=21372, stack(0x000000b572d00000,0x000000b572e00000)]
  0x0000024d25ee9040 JavaThread "Prism Font Disposer" daemon [_thread_blocked, id=12640, stack(0x000000b572f00000,0x000000b573000000)]
  0x0000024d2605fab0 JavaThread "Cleaner-0" daemon [_thread_blocked, id=17480, stack(0x000000b571f00000,0x000000b572000000)]
  0x0000024d260da610 JavaThread "Thread-3" daemon [_thread_in_native, id=10780, stack(0x000000b573e00000,0x000000b573f00000)]
  0x0000024d260ddb00 JavaThread "WebSocketClient-AsyncIO-1" daemon [_thread_in_native, id=20744, stack(0x000000b573f00000,0x000000b574000000)]
  0x0000024d260dd630 JavaThread "WebSocketClient-AsyncIO-2" daemon [_thread_in_native, id=21432, stack(0x000000b574000000,0x000000b574100000)]
  0x0000024d260dcc90 JavaThread "WebSocketClient-AsyncIO-3" daemon [_thread_in_native, id=4916, stack(0x000000b574100000,0x000000b574200000)]
  0x0000024d260dd160 JavaThread "WebSocketClient-AsyncIO-4" daemon [_thread_in_native, id=17688, stack(0x000000b574200000,0x000000b574300000)]
  0x0000024d260daae0 JavaThread "WebSocketClient-AsyncIO-5" daemon [_thread_in_native, id=15496, stack(0x000000b574300000,0x000000b574400000)]
  0x0000024d260dafb0 JavaThread "WebSocketClient-AsyncIO-6" daemon [_thread_in_native, id=23276, stack(0x000000b574400000,0x000000b574500000)]
  0x0000024d260db480 JavaThread "WebSocketClient-AsyncIO-7" daemon [_thread_in_native, id=144, stack(0x000000b574500000,0x000000b574600000)]
  0x0000024d260db950 JavaThread "WebSocketClient-AsyncIO-8" daemon [_thread_in_native, id=15872, stack(0x000000b574600000,0x000000b574700000)]
  0x0000024d2517d4a0 JavaThread "WebSocket background processing" daemon [_thread_blocked, id=10688, stack(0x000000b574700000,0x000000b574800000)]
  0x0000024d2517ecb0 JavaThread "Keep-Alive-Timer" daemon [_thread_blocked, id=20492, stack(0x000000b572e00000,0x000000b572f00000)]
=>0x0000024d2f6dbe50 JavaThread "C2 CompilerThread1" daemon [_thread_in_native, id=7504, stack(0x000000b573b00000,0x000000b573c00000)]

Other Threads:
  0x0000024d23b66ad0 VMThread "VM Thread" [stack: 0x000000b571400000,0x000000b571500000] [id=6896]
  0x0000024d05bfbe00 WatcherThread [stack: 0x000000b572200000,0x000000b572300000] [id=21116]
  0x0000024d05be03e0 GCTaskThread "GC Thread#0" [stack: 0x000000b570f00000,0x000000b571000000] [id=18008]
  0x0000024d25505700 GCTaskThread "GC Thread#1" [stack: 0x000000b572900000,0x000000b572a00000] [id=2552]
  0x0000024d25c3d590 GCTaskThread "GC Thread#2" [stack: 0x000000b572a00000,0x000000b572b00000] [id=11216]
  0x0000024d25c3c2c0 GCTaskThread "GC Thread#3" [stack: 0x000000b572b00000,0x000000b572c00000] [id=11224]
  0x0000024d25c3daf0 GCTaskThread "GC Thread#4" [stack: 0x000000b572c00000,0x000000b572d00000] [id=18144]
  0x0000024d25c3c820 GCTaskThread "GC Thread#5" [stack: 0x000000b573000000,0x000000b573100000] [id=18120]
  0x0000024d25c3cd80 GCTaskThread "GC Thread#6" [stack: 0x000000b573100000,0x000000b573200000] [id=17696]
  0x0000024d25c3cad0 GCTaskThread "GC Thread#7" [stack: 0x000000b573200000,0x000000b573300000] [id=6924]
  0x0000024d05bf3ca0 ConcurrentGCThread "G1 Main Marker" [stack: 0x000000b571000000,0x000000b571100000] [id=20872]
  0x0000024d05bf4d60 ConcurrentGCThread "G1 Conc#0" [stack: 0x000000b571100000,0x000000b571200000] [id=22508]
  0x0000024d2f0b1780 ConcurrentGCThread "G1 Conc#1" [stack: 0x000000b573a00000,0x000000b573b00000] [id=19584]
  0x0000024d05c6e1c0 ConcurrentGCThread "G1 Refine#0" [stack: 0x000000b571200000,0x000000b571300000] [id=21212]
  0x0000024d05c6eaf0 ConcurrentGCThread "G1 Service" [stack: 0x000000b571300000,0x000000b571400000] [id=5856]

Threads with active compile tasks:
C2 CompilerThread0    36488 5599       4       com.sun.javafx.css.SelectorPartitioning::match (696 bytes)
C2 CompilerThread1    36489 5641 %     4       com.sun.marlin.Renderer::_endRendering @ 1910 (2473 bytes)

VM state: not at safepoint (normal execution)

VM Mutex/Monitor currently owned by a thread: None

Heap address: 0x0000000082e00000, size: 2002 MB, Compressed Oops mode: 32-bit

CDS archive(s) mapped at: [0x0000000800000000-0x0000000800bc0000-0x0000000800bc0000), size 12320768, SharedBaseAddress: 0x0000000800000000, ArchiveRelocationMode: 0.
Compressed class space mapped at: 0x0000000800c00000-0x0000000840c00000, reserved size: 1073741824
Narrow klass base: 0x0000000800000000, Narrow klass shift: 0, Narrow klass range: 0x100000000

GC Precious Log:
 CPUs: 8 total, 8 available
 Memory: 8005M
 Large Page Support: Disabled
 NUMA Support: Disabled
 Compressed Oops: Enabled (32-bit)
 Heap Region Size: 1M
 Heap Min Capacity: 8M
 Heap Initial Capacity: 126M
 Heap Max Capacity: 2002M
 Pre-touch: Disabled
 Parallel Workers: 8
 Concurrent Workers: 2
 Concurrent Refinement Workers: 8
 Periodic GC: Disabled

Heap:
 garbage-first heap   total 144384K, used 77837K [0x0000000082e00000, 0x0000000100000000)
  region size 1024K, 5 young (5120K), 3 survivors (3072K)
 Metaspace       used 33860K, committed 34176K, reserved 1081344K
  class space    used 4505K, committed 4672K, reserved 1048576K

Heap Regions: E=young(eden), S=young(survivor), O=old, HS=humongous(starts), HC=humongous(continues), CS=collection set, F=free, OA=open archive, CA=closed archive, TAMS=top-at-mark-start (previous, next)
|   0|0x0000000082e00000, 0x0000000082f00000, 0x0000000082f00000|100%| O|  |TAMS 0x0000000082f00000, 0x0000000082e00000| Untracked 
|   1|0x0000000082f00000, 0x0000000083000000, 0x0000000083000000|100%| O|  |TAMS 0x0000000083000000, 0x0000000082f00000| Untracked 
|   2|0x0000000083000000, 0x0000000083100000, 0x0000000083100000|100%| O|  |TAMS 0x0000000083100000, 0x0000000083000000| Untracked 
|   3|0x0000000083100000, 0x0000000083200000, 0x0000000083200000|100%| O|  |TAMS 0x0000000083200000, 0x0000000083100000| Untracked 
|   4|0x0000000083200000, 0x0000000083300000, 0x0000000083300000|100%| O|  |TAMS 0x0000000083300000, 0x0000000083200000| Untracked 
|   5|0x0000000083300000, 0x000000008338ce00, 0x0000000083400000| 55%| O|  |TAMS 0x000000008338ce00, 0x0000000083300000| Untracked 
|   6|0x0000000083400000, 0x0000000083500000, 0x0000000083500000|100%|HS|  |TAMS 0x0000000083500000, 0x0000000083400000| Complete 
|   7|0x0000000083500000, 0x0000000083600000, 0x0000000083600000|100%|HS|  |TAMS 0x0000000083600000, 0x0000000083500000| Complete 
|   8|0x0000000083600000, 0x0000000083700000, 0x0000000083700000|100%|HS|  |TAMS 0x0000000083700000, 0x0000000083600000| Complete 
|   9|0x0000000083700000, 0x0000000083800000, 0x0000000083800000|100%| O|  |TAMS 0x0000000083800000, 0x0000000083700000| Untracked 
|  10|0x0000000083800000, 0x000000008383dc00, 0x0000000083900000| 24%| O|  |TAMS 0x000000008383dc00, 0x0000000083800000| Untracked 
|  11|0x0000000083900000, 0x0000000083a00000, 0x0000000083a00000|100%|HS|  |TAMS 0x0000000083a00000, 0x0000000083900000| Complete 
|  12|0x0000000083a00000, 0x0000000083b00000, 0x0000000083b00000|100%|HS|  |TAMS 0x0000000083b00000, 0x0000000083a00000| Complete 
|  13|0x0000000083b00000, 0x0000000083c00000, 0x0000000083c00000|100%|HS|  |TAMS 0x0000000083c00000, 0x0000000083b00000| Complete 
|  14|0x0000000083c00000, 0x0000000083d00000, 0x0000000083d00000|100%|HS|  |TAMS 0x0000000083d00000, 0x0000000083c00000| Complete 
|  15|0x0000000083d00000, 0x0000000083e00000, 0x0000000083e00000|100%|HS|  |TAMS 0x0000000083e00000, 0x0000000083d00000| Complete 
|  16|0x0000000083e00000, 0x0000000083f00000, 0x0000000083f00000|100%| O|  |TAMS 0x0000000083f00000, 0x0000000083e00000| Untracked 
|  17|0x0000000083f00000, 0x0000000084000000, 0x0000000084000000|100%| O|  |TAMS 0x0000000084000000, 0x0000000083f00000| Untracked 
|  18|0x0000000084000000, 0x0000000084100000, 0x0000000084100000|100%| O|  |TAMS 0x0000000084100000, 0x0000000084000000| Untracked 
|  19|0x0000000084100000, 0x0000000084200000, 0x0000000084200000|100%| O|  |TAMS 0x0000000084200000, 0x0000000084100000| Untracked 
|  20|0x0000000084200000, 0x0000000084300000, 0x0000000084300000|100%| O|  |TAMS 0x0000000084300000, 0x0000000084200000| Untracked 
|  21|0x0000000084300000, 0x0000000084400000, 0x0000000084400000|100%| O|  |TAMS 0x0000000084400000, 0x0000000084300000| Untracked 
|  22|0x0000000084400000, 0x0000000084500000, 0x0000000084500000|100%| O|  |TAMS 0x0000000084500000, 0x0000000084400000| Untracked 
|  23|0x0000000084500000, 0x0000000084600000, 0x0000000084600000|100%| O|  |TAMS 0x0000000084600000, 0x0000000084500000| Untracked 
|  24|0x0000000084600000, 0x0000000084700000, 0x0000000084700000|100%|HS|  |TAMS 0x0000000084700000, 0x0000000084600000| Complete 
|  25|0x0000000084700000, 0x0000000084800000, 0x0000000084800000|100%| O|  |TAMS 0x0000000084800000, 0x0000000084700000| Untracked 
|  26|0x0000000084800000, 0x0000000084900000, 0x0000000084900000|100%| O|  |TAMS 0x0000000084900000, 0x0000000084800000| Untracked 
|  27|0x0000000084900000, 0x0000000084a00000, 0x0000000084a00000|100%| O|  |TAMS 0x0000000084a00000, 0x0000000084900000| Untracked 
|  28|0x0000000084a00000, 0x0000000084b00000, 0x0000000084b00000|100%|HS|  |TAMS 0x0000000084b00000, 0x0000000084a00000| Complete 
|  29|0x0000000084b00000, 0x0000000084c00000, 0x0000000084c00000|100%|HC|  |TAMS 0x0000000084c00000, 0x0000000084b00000| Complete 
|  30|0x0000000084c00000, 0x0000000084d00000, 0x0000000084d00000|100%|HC|  |TAMS 0x0000000084d00000, 0x0000000084c00000| Complete 
|  31|0x0000000084d00000, 0x0000000084e00000, 0x0000000084e00000|100%|HC|  |TAMS 0x0000000084e00000, 0x0000000084d00000| Complete 
|  32|0x0000000084e00000, 0x0000000084f00000, 0x0000000084f00000|100%|HC|  |TAMS 0x0000000084f00000, 0x0000000084e00000| Complete 
|  33|0x0000000084f00000, 0x0000000085000000, 0x0000000085000000|100%|HC|  |TAMS 0x0000000085000000, 0x0000000084f00000| Complete 
|  34|0x0000000085000000, 0x0000000085100000, 0x0000000085100000|100%|HC|  |TAMS 0x0000000085100000, 0x0000000085000000| Complete 
|  35|0x0000000085100000, 0x0000000085200000, 0x0000000085200000|100%|HC|  |TAMS 0x0000000085200000, 0x0000000085100000| Complete 
|  36|0x0000000085200000, 0x0000000085300000, 0x0000000085300000|100%|HC|  |TAMS 0x0000000085300000, 0x0000000085200000| Complete 
|  37|0x0000000085300000, 0x0000000085400000, 0x0000000085400000|100%|HC|  |TAMS 0x0000000085400000, 0x0000000085300000| Complete 
|  38|0x0000000085400000, 0x0000000085500000, 0x0000000085500000|100%|HC|  |TAMS 0x0000000085500000, 0x0000000085400000| Complete 
|  39|0x0000000085500000, 0x0000000085600000, 0x0000000085600000|100%|HC|  |TAMS 0x0000000085600000, 0x0000000085500000| Complete 
|  40|0x0000000085600000, 0x0000000085700000, 0x0000000085700000|100%|HC|  |TAMS 0x0000000085700000, 0x0000000085600000| Complete 
|  41|0x0000000085700000, 0x0000000085800000, 0x0000000085800000|100%|HC|  |TAMS 0x0000000085800000, 0x0000000085700000| Complete 
|  42|0x0000000085800000, 0x0000000085900000, 0x0000000085900000|100%|HC|  |TAMS 0x0000000085900000, 0x0000000085800000| Complete 
|  43|0x0000000085900000, 0x0000000085a00000, 0x0000000085a00000|100%|HC|  |TAMS 0x0000000085a00000, 0x0000000085900000| Complete 
|  44|0x0000000085a00000, 0x0000000085b00000, 0x0000000085b00000|100%|HC|  |TAMS 0x0000000085b00000, 0x0000000085a00000| Complete 
|  45|0x0000000085b00000, 0x0000000085c00000, 0x0000000085c00000|100%|HC|  |TAMS 0x0000000085c00000, 0x0000000085b00000| Complete 
|  46|0x0000000085c00000, 0x0000000085d00000, 0x0000000085d00000|100%|HC|  |TAMS 0x0000000085d00000, 0x0000000085c00000| Complete 
|  47|0x0000000085d00000, 0x0000000085e00000, 0x0000000085e00000|100%|HC|  |TAMS 0x0000000085e00000, 0x0000000085d00000| Complete 
|  48|0x0000000085e00000, 0x0000000085f00000, 0x0000000085f00000|100%|HC|  |TAMS 0x0000000085f00000, 0x0000000085e00000| Complete 
|  49|0x0000000085f00000, 0x0000000086000000, 0x0000000086000000|100%|HC|  |TAMS 0x0000000086000000, 0x0000000085f00000| Complete 
|  50|0x0000000086000000, 0x0000000086100000, 0x0000000086100000|100%|HC|  |TAMS 0x0000000086100000, 0x0000000086000000| Complete 
|  51|0x0000000086100000, 0x0000000086200000, 0x0000000086200000|100%|HC|  |TAMS 0x0000000086200000, 0x0000000086100000| Complete 
|  52|0x0000000086200000, 0x0000000086300000, 0x0000000086300000|100%|HC|  |TAMS 0x0000000086300000, 0x0000000086200000| Complete 
|  53|0x0000000086300000, 0x0000000086400000, 0x0000000086400000|100%|HC|  |TAMS 0x0000000086400000, 0x0000000086300000| Complete 
|  54|0x0000000086400000, 0x0000000086500000, 0x0000000086500000|100%|HC|  |TAMS 0x0000000086500000, 0x0000000086400000| Complete 
|  55|0x0000000086500000, 0x0000000086600000, 0x0000000086600000|100%|HC|  |TAMS 0x0000000086600000, 0x0000000086500000| Complete 
|  56|0x0000000086600000, 0x0000000086700000, 0x0000000086700000|100%|HC|  |TAMS 0x0000000086700000, 0x0000000086600000| Complete 
|  57|0x0000000086700000, 0x0000000086800000, 0x0000000086800000|100%|HC|  |TAMS 0x0000000086800000, 0x0000000086700000| Complete 
|  58|0x0000000086800000, 0x0000000086900000, 0x0000000086900000|100%|HC|  |TAMS 0x0000000086900000, 0x0000000086800000| Complete 
|  59|0x0000000086900000, 0x0000000086a00000, 0x0000000086a00000|100%|HC|  |TAMS 0x0000000086a00000, 0x0000000086900000| Complete 
|  60|0x0000000086a00000, 0x0000000086b00000, 0x0000000086b00000|100%|HC|  |TAMS 0x0000000086b00000, 0x0000000086a00000| Complete 
|  61|0x0000000086b00000, 0x0000000086c00000, 0x0000000086c00000|100%|HS|  |TAMS 0x0000000086c00000, 0x0000000086b00000| Complete 
|  62|0x0000000086c00000, 0x0000000086d00000, 0x0000000086d00000|100%|HC|  |TAMS 0x0000000086d00000, 0x0000000086c00000| Complete 
|  63|0x0000000086d00000, 0x0000000086e00000, 0x0000000086e00000|100%|HS|  |TAMS 0x0000000086e00000, 0x0000000086d00000| Complete 
|  64|0x0000000086e00000, 0x0000000086f00000, 0x0000000086f00000|100%|HS|  |TAMS 0x0000000086f00000, 0x0000000086e00000| Complete 
|  65|0x0000000086f00000, 0x0000000087000000, 0x0000000087000000|100%|HS|  |TAMS 0x0000000087000000, 0x0000000086f00000| Complete 
|  66|0x0000000087000000, 0x0000000087100000, 0x0000000087100000|100%|HS|  |TAMS 0x0000000087100000, 0x0000000087000000| Complete 
|  67|0x0000000087100000, 0x0000000087200000, 0x0000000087200000|100%|HS|  |TAMS 0x0000000087200000, 0x0000000087100000| Complete 
|  68|0x0000000087200000, 0x0000000087300000, 0x0000000087300000|100%|HS|  |TAMS 0x0000000087300000, 0x0000000087200000| Complete 
|  69|0x0000000087300000, 0x0000000087400000, 0x0000000087400000|100%|HC|  |TAMS 0x0000000087400000, 0x0000000087300000| Complete 
|  70|0x0000000087400000, 0x0000000087500000, 0x0000000087500000|100%|HS|  |TAMS 0x0000000087500000, 0x0000000087400000| Complete 
|  71|0x0000000087500000, 0x0000000087600000, 0x0000000087600000|100%|HC|  |TAMS 0x0000000087600000, 0x0000000087500000| Complete 
|  72|0x0000000087600000, 0x0000000087700000, 0x0000000087700000|100%|HS|  |TAMS 0x0000000087600000, 0x0000000087600000| Complete 
|  73|0x0000000087700000, 0x0000000087800000, 0x0000000087800000|100%|HC|  |TAMS 0x0000000087700000, 0x0000000087700000| Complete 
|  74|0x0000000087800000, 0x0000000087800000, 0x0000000087900000|  0%| F|  |TAMS 0x0000000087800000, 0x0000000087800000| Untracked 
|  75|0x0000000087900000, 0x0000000087900000, 0x0000000087a00000|  0%| F|  |TAMS 0x0000000087900000, 0x0000000087900000| Untracked 
|  76|0x0000000087a00000, 0x0000000087a00000, 0x0000000087b00000|  0%| F|  |TAMS 0x0000000087a00000, 0x0000000087a00000| Untracked 
|  77|0x0000000087b00000, 0x0000000087b00000, 0x0000000087c00000|  0%| F|  |TAMS 0x0000000087b00000, 0x0000000087b00000| Untracked 
|  78|0x0000000087c00000, 0x0000000087c00000, 0x0000000087d00000|  0%| F|  |TAMS 0x0000000087c00000, 0x0000000087c00000| Untracked 
|  79|0x0000000087d00000, 0x0000000087d00000, 0x0000000087e00000|  0%| F|  |TAMS 0x0000000087d00000, 0x0000000087d00000| Untracked 
|  80|0x0000000087e00000, 0x0000000087e00000, 0x0000000087f00000|  0%| F|  |TAMS 0x0000000087e00000, 0x0000000087e00000| Untracked 
|  81|0x0000000087f00000, 0x0000000087f00000, 0x0000000088000000|  0%| F|  |TAMS 0x0000000087f00000, 0x0000000087f00000| Untracked 
|  82|0x0000000088000000, 0x0000000088000000, 0x0000000088100000|  0%| F|  |TAMS 0x0000000088000000, 0x0000000088000000| Untracked 
|  83|0x0000000088100000, 0x0000000088100000, 0x0000000088200000|  0%| F|  |TAMS 0x0000000088100000, 0x0000000088100000| Untracked 
|  84|0x0000000088200000, 0x0000000088200000, 0x0000000088300000|  0%| F|  |TAMS 0x0000000088200000, 0x0000000088200000| Untracked 
|  85|0x0000000088300000, 0x0000000088300000, 0x0000000088400000|  0%| F|  |TAMS 0x0000000088300000, 0x0000000088300000| Untracked 
|  86|0x0000000088400000, 0x0000000088400000, 0x0000000088500000|  0%| F|  |TAMS 0x0000000088400000, 0x0000000088400000| Untracked 
|  87|0x0000000088500000, 0x0000000088500000, 0x0000000088600000|  0%| F|  |TAMS 0x0000000088500000, 0x0000000088500000| Untracked 
|  88|0x0000000088600000, 0x0000000088600000, 0x0000000088700000|  0%| F|  |TAMS 0x0000000088600000, 0x0000000088600000| Untracked 
|  89|0x0000000088700000, 0x0000000088700000, 0x0000000088800000|  0%| F|  |TAMS 0x0000000088700000, 0x0000000088700000| Untracked 
|  90|0x0000000088800000, 0x0000000088800000, 0x0000000088900000|  0%| F|  |TAMS 0x0000000088800000, 0x0000000088800000| Untracked 
|  91|0x0000000088900000, 0x0000000088900000, 0x0000000088a00000|  0%| F|  |TAMS 0x0000000088900000, 0x0000000088900000| Untracked 
|  92|0x0000000088a00000, 0x0000000088a00000, 0x0000000088b00000|  0%| F|  |TAMS 0x0000000088a00000, 0x0000000088a00000| Untracked 
|  93|0x0000000088b00000, 0x0000000088b00000, 0x0000000088c00000|  0%| F|  |TAMS 0x0000000088b00000, 0x0000000088b00000| Untracked 
|  94|0x0000000088c00000, 0x0000000088c00000, 0x0000000088d00000|  0%| F|  |TAMS 0x0000000088c00000, 0x0000000088c00000| Untracked 
|  95|0x0000000088d00000, 0x0000000088d00000, 0x0000000088e00000|  0%| F|  |TAMS 0x0000000088d00000, 0x0000000088d00000| Untracked 
|  96|0x0000000088e00000, 0x0000000088e00000, 0x0000000088f00000|  0%| F|  |TAMS 0x0000000088e00000, 0x0000000088e00000| Untracked 
|  97|0x0000000088f00000, 0x0000000088f00000, 0x0000000089000000|  0%| F|  |TAMS 0x0000000088f00000, 0x0000000088f00000| Untracked 
|  98|0x0000000089000000, 0x0000000089000000, 0x0000000089100000|  0%| F|  |TAMS 0x0000000089000000, 0x0000000089000000| Untracked 
|  99|0x0000000089100000, 0x0000000089100000, 0x0000000089200000|  0%| F|  |TAMS 0x0000000089100000, 0x0000000089100000| Untracked 
| 100|0x0000000089200000, 0x0000000089200000, 0x0000000089300000|  0%| F|  |TAMS 0x0000000089200000, 0x0000000089200000| Untracked 
| 101|0x0000000089300000, 0x0000000089300000, 0x0000000089400000|  0%| F|  |TAMS 0x0000000089300000, 0x0000000089300000| Untracked 
| 102|0x0000000089400000, 0x0000000089400000, 0x0000000089500000|  0%| F|  |TAMS 0x0000000089400000, 0x0000000089400000| Untracked 
| 103|0x0000000089500000, 0x0000000089500000, 0x0000000089600000|  0%| F|  |TAMS 0x0000000089500000, 0x0000000089500000| Untracked 
| 104|0x0000000089600000, 0x0000000089600000, 0x0000000089700000|  0%| F|  |TAMS 0x0000000089600000, 0x0000000089600000| Untracked 
| 105|0x0000000089700000, 0x0000000089700000, 0x0000000089800000|  0%| F|  |TAMS 0x0000000089700000, 0x0000000089700000| Untracked 
| 106|0x0000000089800000, 0x0000000089800000, 0x0000000089900000|  0%| F|  |TAMS 0x0000000089800000, 0x0000000089800000| Untracked 
| 107|0x0000000089900000, 0x0000000089900000, 0x0000000089a00000|  0%| F|  |TAMS 0x0000000089900000, 0x0000000089900000| Untracked 
| 108|0x0000000089a00000, 0x0000000089a00000, 0x0000000089b00000|  0%| F|  |TAMS 0x0000000089a00000, 0x0000000089a00000| Untracked 
| 109|0x0000000089b00000, 0x0000000089b00000, 0x0000000089c00000|  0%| F|  |TAMS 0x0000000089b00000, 0x0000000089b00000| Untracked 
| 110|0x0000000089c00000, 0x0000000089c00000, 0x0000000089d00000|  0%| F|  |TAMS 0x0000000089c00000, 0x0000000089c00000| Untracked 
| 111|0x0000000089d00000, 0x0000000089d00000, 0x0000000089e00000|  0%| F|  |TAMS 0x0000000089d00000, 0x0000000089d00000| Untracked 
| 112|0x0000000089e00000, 0x0000000089e00000, 0x0000000089f00000|  0%| F|  |TAMS 0x0000000089e00000, 0x0000000089e00000| Untracked 
| 113|0x0000000089f00000, 0x0000000089f00000, 0x000000008a000000|  0%| F|  |TAMS 0x0000000089f00000, 0x0000000089f00000| Untracked 
| 114|0x000000008a000000, 0x000000008a000000, 0x000000008a100000|  0%| F|  |TAMS 0x000000008a000000, 0x000000008a000000| Untracked 
| 115|0x000000008a100000, 0x000000008a100000, 0x000000008a200000|  0%| F|  |TAMS 0x000000008a100000, 0x000000008a100000| Untracked 
| 116|0x000000008a200000, 0x000000008a200000, 0x000000008a300000|  0%| F|  |TAMS 0x000000008a200000, 0x000000008a200000| Untracked 
| 117|0x000000008a300000, 0x000000008a300000, 0x000000008a400000|  0%| F|  |TAMS 0x000000008a300000, 0x000000008a300000| Untracked 
| 118|0x000000008a400000, 0x000000008a400000, 0x000000008a500000|  0%| F|  |TAMS 0x000000008a400000, 0x000000008a400000| Untracked 
| 119|0x000000008a500000, 0x000000008a500000, 0x000000008a600000|  0%| F|  |TAMS 0x000000008a500000, 0x000000008a500000| Untracked 
| 120|0x000000008a600000, 0x000000008a600000, 0x000000008a700000|  0%| F|  |TAMS 0x000000008a600000, 0x000000008a600000| Untracked 
| 121|0x000000008a700000, 0x000000008a700000, 0x000000008a800000|  0%| F|  |TAMS 0x000000008a700000, 0x000000008a700000| Untracked 
| 122|0x000000008a800000, 0x000000008a800000, 0x000000008a900000|  0%| F|  |TAMS 0x000000008a800000, 0x000000008a800000| Untracked 
| 123|0x000000008a900000, 0x000000008a900000, 0x000000008aa00000|  0%| F|  |TAMS 0x000000008a900000, 0x000000008a900000| Untracked 
| 124|0x000000008aa00000, 0x000000008aa00000, 0x000000008ab00000|  0%| F|  |TAMS 0x000000008aa00000, 0x000000008aa00000| Untracked 
| 125|0x000000008ab00000, 0x000000008ab00000, 0x000000008ac00000|  0%| F|  |TAMS 0x000000008ab00000, 0x000000008ab00000| Untracked 
| 126|0x000000008ac00000, 0x000000008ac00000, 0x000000008ad00000|  0%| F|  |TAMS 0x000000008ac00000, 0x000000008ac00000| Untracked 
| 127|0x000000008ad00000, 0x000000008ad00000, 0x000000008ae00000|  0%| F|  |TAMS 0x000000008ad00000, 0x000000008ad00000| Untracked 
| 128|0x000000008ae00000, 0x000000008ae00000, 0x000000008af00000|  0%| F|  |TAMS 0x000000008ae00000, 0x000000008ae00000| Untracked 
| 129|0x000000008af00000, 0x000000008af00000, 0x000000008b000000|  0%| F|  |TAMS 0x000000008af00000, 0x000000008af00000| Untracked 
| 130|0x000000008b000000, 0x000000008b000000, 0x000000008b100000|  0%| F|  |TAMS 0x000000008b000000, 0x000000008b000000| Untracked 
| 131|0x000000008b100000, 0x000000008b100000, 0x000000008b200000|  0%| F|  |TAMS 0x000000008b100000, 0x000000008b100000| Untracked 
| 132|0x000000008b200000, 0x000000008b200000, 0x000000008b300000|  0%| F|  |TAMS 0x000000008b200000, 0x000000008b200000| Untracked 
| 133|0x000000008b300000, 0x000000008b300000, 0x000000008b400000|  0%| F|  |TAMS 0x000000008b300000, 0x000000008b300000| Untracked 
| 134|0x000000008b400000, 0x000000008b400000, 0x000000008b500000|  0%| F|  |TAMS 0x000000008b400000, 0x000000008b400000| Untracked 
| 135|0x000000008b500000, 0x000000008b500000, 0x000000008b600000|  0%| F|  |TAMS 0x000000008b500000, 0x000000008b500000| Untracked 
| 136|0x000000008b600000, 0x000000008b6b4bf8, 0x000000008b700000| 70%| E|  |TAMS 0x000000008b600000, 0x000000008b600000| Complete 
| 137|0x000000008b700000, 0x000000008b738ce8, 0x000000008b800000| 22%| S|CS|TAMS 0x000000008b700000, 0x000000008b700000| Complete 
| 138|0x000000008b800000, 0x000000008b900000, 0x000000008b900000|100%| S|CS|TAMS 0x000000008b800000, 0x000000008b800000| Complete 
| 139|0x000000008b900000, 0x000000008ba00000, 0x000000008ba00000|100%| S|CS|TAMS 0x000000008b900000, 0x000000008b900000| Complete 
| 140|0x000000008ba00000, 0x000000008bb00000, 0x000000008bb00000|100%| E|CS|TAMS 0x000000008ba00000, 0x000000008ba00000| Complete 

Card table byte_map: [0x0000024d1cb10000,0x0000024d1cf00000] _byte_map_base: 0x0000024d1c6f9000

Marking Bits (Prev, Next): (CMBitMap*) 0x0000024d05be2920, (CMBitMap*) 0x0000024d05be2960
 Prev Bits: [0x0000024d1d2f0000, 0x0000024d1f238000)
 Next Bits: [0x0000024d1f240000, 0x0000024d21188000)

Polling page: 0x0000024d03aa0000

Metaspace:

Usage:
  Non-class:     28.67 MB used.
      Class:      4.40 MB used.
       Both:     33.07 MB used.

Virtual space:
  Non-class space:       32.00 MB reserved,      28.81 MB ( 90%) committed,  4 nodes.
      Class space:        1.00 GB reserved,       4.56 MB ( <1%) committed,  1 nodes.
             Both:        1.03 GB reserved,      33.38 MB (  3%) committed. 

Chunk freelists:
   Non-Class:  2.97 MB
       Class:  3.40 MB
        Both:  6.37 MB

MaxMetaspaceSize: unlimited
CompressedClassSpaceSize: 1.00 GB
Initial GC threshold: 21.00 MB
Current GC threshold: 55.44 MB
CDS: on
MetaspaceReclaimPolicy: balanced
 - commit_granule_bytes: 65536.
 - commit_granule_words: 8192.
 - virtual_space_node_default_size: 1048576.
 - enlarge_chunks_in_place: 1.
 - new_chunks_are_fully_committed: 0.
 - uncommit_free_chunks: 1.
 - use_allocation_guard: 0.
 - handle_deallocations: 1.


Internal statistics:

num_allocs_failed_limit: 3.
num_arena_births: 358.
num_arena_deaths: 0.
num_vsnodes_births: 5.
num_vsnodes_deaths: 0.
num_space_committed: 534.
num_space_uncommitted: 0.
num_chunks_returned_to_freelist: 3.
num_chunks_taken_from_freelist: 1515.
num_chunk_merges: 3.
num_chunk_splits: 1082.
num_chunks_enlarged: 853.
num_purges: 0.
num_inconsistent_stats: 0.

CodeHeap 'non-profiled nmethods': size=120000Kb used=2974Kb max_used=2974Kb free=117025Kb
 bounds [0x0000024d14ec0000, 0x0000024d151b0000, 0x0000024d1c3f0000]
CodeHeap 'profiled nmethods': size=120000Kb used=12253Kb max_used=12253Kb free=107746Kb
 bounds [0x0000024d0d990000, 0x0000024d0e590000, 0x0000024d14ec0000]
CodeHeap 'non-nmethods': size=5760Kb used=1507Kb max_used=1590Kb free=4252Kb
 bounds [0x0000024d0d3f0000, 0x0000024d0d660000, 0x0000024d0d990000]
 total_blobs=6523 nmethods=5632 adapters=802
 compilation: enabled
              stopped_count=0, restarted_count=0
 full_count=0

Compilation events (20 events):
Event: 36.275 Thread 0x0000024d2f6dbe50 nmethod 5602 0x0000024d151a5690 code [0x0000024d151a5860, 0x0000024d151a5b18]
Event: 36.275 Thread 0x0000024d2f6dbe50 5632       4       javafx.beans.property.StringPropertyBase::get (5 bytes)
Event: 36.277 Thread 0x0000024d2f6dbe50 nmethod 5632 0x0000024d151a5f10 code [0x0000024d151a60c0, 0x0000024d151a6268]
Event: 36.277 Thread 0x0000024d2f6dbe50 5594       4       java.io.SequenceInputStream::read (84 bytes)
Event: 36.278 Thread 0x0000024d23b90e00 5638       3       com.sun.javafx.font.directwrite.DWGlyph::<init> (145 bytes)
Event: 36.278 Thread 0x0000024d23b90e00 nmethod 5638 0x0000024d0e581810 code [0x0000024d0e581a00, 0x0000024d0e5822b8]
Event: 36.278 Thread 0x0000024d23b90e00 5639       3       com.sun.javafx.font.directwrite.DWRITE_GLYPH_RUN::<init> (5 bytes)
Event: 36.279 Thread 0x0000024d23b90e00 nmethod 5639 0x0000024d0e582510 code [0x0000024d0e5826a0, 0x0000024d0e5827f8]
Event: 36.280 Thread 0x0000024d2f6dbe50 nmethod 5594 0x0000024d151a6490 code [0x0000024d151a6640, 0x0000024d151a68a8]
Event: 36.280 Thread 0x0000024d2f6dbe50 5615       4       java.lang.String::toLowerCase (8 bytes)
Event: 36.290 Thread 0x0000024d23b90e00 5640       3       com.sun.javafx.geom.transform.AffineBase::concatenate (1433 bytes)
Event: 36.293 Thread 0x0000024d23b90e00 nmethod 5640 0x0000024d0e582890 code [0x0000024d0e582be0, 0x0000024d0e584d18]
Event: 36.299 Thread 0x0000024d2f6dbe50 nmethod 5615 0x0000024d151a6b10 code [0x0000024d151a6ce0, 0x0000024d151a7618]
Event: 36.299 Thread 0x0000024d2f6dbe50 5641 %     4       com.sun.marlin.Renderer::_endRendering @ 1910 (2473 bytes)
Event: 36.338 Thread 0x0000024d23b90e00 5642       3       javafx.scene.layout.Region::minWidth (52 bytes)
Event: 36.339 Thread 0x0000024d23b90e00 nmethod 5642 0x0000024d0e585290 code [0x0000024d0e5854c0, 0x0000024d0e585bc8]
Event: 36.370 Thread 0x0000024d23b90e00 5643       3       javafx.scene.layout.Region::maxHeight (52 bytes)
Event: 36.371 Thread 0x0000024d23b90e00 nmethod 5643 0x0000024d0e585d90 code [0x0000024d0e585fc0, 0x0000024d0e586748]
Event: 36.371 Thread 0x0000024d23b90e00 5645       3       javafx.scene.layout.Region::maxWidth (52 bytes)
Event: 36.371 Thread 0x0000024d23b90e00 nmethod 5645 0x0000024d0e586910 code [0x0000024d0e586b40, 0x0000024d0e5872c8]

GC Heap History (20 events):
Event: 24.974 GC heap before
{Heap before GC invocations=8 (full 0):
 garbage-first heap   total 104448K, used 62345K [0x0000000082e00000, 0x0000000100000000)
  region size 1024K, 6 young (6144K), 2 survivors (2048K)
 Metaspace       used 33464K, committed 33856K, reserved 1081344K
  class space    used 4498K, committed 4672K, reserved 1048576K
}
Event: 24.979 GC heap after
{Heap after GC invocations=9 (full 0):
 garbage-first heap   total 104448K, used 61209K [0x0000000082e00000, 0x0000000100000000)
  region size 1024K, 1 young (1024K), 1 survivors (1024K)
 Metaspace       used 33464K, committed 33856K, reserved 1081344K
  class space    used 4498K, committed 4672K, reserved 1048576K
}
Event: 25.179 GC heap before
{Heap before GC invocations=10 (full 0):
 garbage-first heap   total 107520K, used 62233K [0x0000000082e00000, 0x0000000100000000)
  region size 1024K, 2 young (2048K), 1 survivors (1024K)
 Metaspace       used 33495K, committed 33856K, reserved 1081344K
  class space    used 4498K, committed 4672K, reserved 1048576K
}
Event: 25.182 GC heap after
{Heap after GC invocations=11 (full 0):
 garbage-first heap   total 107520K, used 62118K [0x0000000082e00000, 0x0000000100000000)
  region size 1024K, 1 young (1024K), 1 survivors (1024K)
 Metaspace       used 33495K, committed 33856K, reserved 1081344K
  class space    used 4498K, committed 4672K, reserved 1048576K
}
Event: 25.446 GC heap before
{Heap before GC invocations=12 (full 0):
 garbage-first heap   total 109568K, used 63142K [0x0000000082e00000, 0x0000000100000000)
  region size 1024K, 2 young (2048K), 1 survivors (1024K)
 Metaspace       used 33532K, committed 33856K, reserved 1081344K
  class space    used 4498K, committed 4672K, reserved 1048576K
}
Event: 25.448 GC heap after
{Heap after GC invocations=13 (full 0):
 garbage-first heap   total 109568K, used 63136K [0x0000000082e00000, 0x0000000100000000)
  region size 1024K, 1 young (1024K), 1 survivors (1024K)
 Metaspace       used 33532K, committed 33856K, reserved 1081344K
  class space    used 4498K, committed 4672K, reserved 1048576K
}
Event: 25.714 GC heap before
{Heap before GC invocations=14 (full 0):
 garbage-first heap   total 111616K, used 64160K [0x0000000082e00000, 0x0000000100000000)
  region size 1024K, 2 young (2048K), 1 survivors (1024K)
 Metaspace       used 33584K, committed 33920K, reserved 1081344K
  class space    used 4498K, committed 4672K, reserved 1048576K
}
Event: 25.717 GC heap after
{Heap after GC invocations=15 (full 0):
 garbage-first heap   total 111616K, used 64162K [0x0000000082e00000, 0x0000000100000000)
  region size 1024K, 1 young (1024K), 1 survivors (1024K)
 Metaspace       used 33584K, committed 33920K, reserved 1081344K
  class space    used 4498K, committed 4672K, reserved 1048576K
}
Event: 25.953 GC heap before
{Heap before GC invocations=16 (full 0):
 garbage-first heap   total 112640K, used 65186K [0x0000000082e00000, 0x0000000100000000)
  region size 1024K, 2 young (2048K), 1 survivors (1024K)
 Metaspace       used 33609K, committed 33984K, reserved 1081344K
  class space    used 4498K, committed 4672K, reserved 1048576K
}
Event: 25.955 GC heap after
{Heap after GC invocations=17 (full 0):
 garbage-first heap   total 112640K, used 65195K [0x0000000082e00000, 0x0000000100000000)
  region size 1024K, 1 young (1024K), 1 survivors (1024K)
 Metaspace       used 33609K, committed 33984K, reserved 1081344K
  class space    used 4498K, committed 4672K, reserved 1048576K
}
Event: 27.697 GC heap before
{Heap before GC invocations=18 (full 0):
 garbage-first heap   total 114688K, used 67243K [0x0000000082e00000, 0x0000000100000000)
  region size 1024K, 3 young (3072K), 1 survivors (1024K)
 Metaspace       used 33682K, committed 34048K, reserved 1081344K
  class space    used 4498K, committed 4672K, reserved 1048576K
}
Event: 27.701 GC heap after
{Heap after GC invocations=19 (full 0):
 garbage-first heap   total 114688K, used 66225K [0x0000000082e00000, 0x0000000100000000)
  region size 1024K, 1 young (1024K), 1 survivors (1024K)
 Metaspace       used 33682K, committed 34048K, reserved 1081344K
  class space    used 4498K, committed 4672K, reserved 1048576K
}
Event: 28.030 GC heap before
{Heap before GC invocations=20 (full 0):
 garbage-first heap   total 116736K, used 67249K [0x0000000082e00000, 0x0000000100000000)
  region size 1024K, 2 young (2048K), 1 survivors (1024K)
 Metaspace       used 33687K, committed 34048K, reserved 1081344K
  class space    used 4498K, committed 4672K, reserved 1048576K
}
Event: 28.033 GC heap after
{Heap after GC invocations=21 (full 0):
 garbage-first heap   total 116736K, used 67256K [0x0000000082e00000, 0x0000000100000000)
  region size 1024K, 1 young (1024K), 1 survivors (1024K)
 Metaspace       used 33687K, committed 34048K, reserved 1081344K
  class space    used 4498K, committed 4672K, reserved 1048576K
}
Event: 28.252 GC heap before
{Heap before GC invocations=22 (full 0):
 garbage-first heap   total 117760K, used 68280K [0x0000000082e00000, 0x0000000100000000)
  region size 1024K, 2 young (2048K), 1 survivors (1024K)
 Metaspace       used 33691K, committed 34048K, reserved 1081344K
  class space    used 4498K, committed 4672K, reserved 1048576K
}
Event: 28.256 GC heap after
{Heap after GC invocations=23 (full 0):
 garbage-first heap   total 117760K, used 68288K [0x0000000082e00000, 0x0000000100000000)
  region size 1024K, 1 young (1024K), 1 survivors (1024K)
 Metaspace       used 33691K, committed 34048K, reserved 1081344K
  class space    used 4498K, committed 4672K, reserved 1048576K
}
Event: 36.196 GC heap before
{Heap before GC invocations=24 (full 0):
 garbage-first heap   total 119808K, used 74432K [0x0000000082e00000, 0x0000000100000000)
  region size 1024K, 7 young (7168K), 1 survivors (1024K)
 Metaspace       used 33838K, committed 34176K, reserved 1081344K
  class space    used 4503K, committed 4672K, reserved 1048576K
}
Event: 36.198 GC heap after
{Heap after GC invocations=25 (full 0):
 garbage-first heap   total 144384K, used 71057K [0x0000000082e00000, 0x0000000100000000)
  region size 1024K, 3 young (3072K), 3 survivors (3072K)
 Metaspace       used 33838K, committed 34176K, reserved 1081344K
  class space    used 4503K, committed 4672K, reserved 1048576K
}
Event: 36.239 GC heap before
{Heap before GC invocations=26 (full 0):
 garbage-first heap   total 144384K, used 75153K [0x0000000082e00000, 0x0000000100000000)
  region size 1024K, 4 young (4096K), 3 survivors (3072K)
 Metaspace       used 33845K, committed 34176K, reserved 1081344K
  class space    used 4503K, committed 4672K, reserved 1048576K
}
Event: 36.241 GC heap after
{Heap after GC invocations=27 (full 0):
 garbage-first heap   total 144384K, used 74765K [0x0000000082e00000, 0x0000000100000000)
  region size 1024K, 3 young (3072K), 3 survivors (3072K)
 Metaspace       used 33845K, committed 34176K, reserved 1081344K
  class space    used 4503K, committed 4672K, reserved 1048576K
}

Deoptimization events (20 events):
Event: 36.251 Thread 0x0000024d253bed40 Uncommon trap: trap_request=0xffffffbe fr.pc=0x0000024d15181558 relative=0x0000000000000398
Event: 36.251 Thread 0x0000024d253bed40 Uncommon trap: reason=profile_predicate action=maybe_recompile pc=0x0000024d15181558 method=javafx.css.CompoundSelector.applies(Ljavafx/css/Styleable;[Ljava/util/Set;I)Z @ 89 c2
Event: 36.251 Thread 0x0000024d253bed40 DEOPT PACKING pc=0x0000024d15181558 sp=0x000000b5724fdf10
Event: 36.251 Thread 0x0000024d253bed40 DEOPT UNPACKING pc=0x0000024d0d4423a3 sp=0x000000b5724fdea0 mode 2
Event: 36.252 Thread 0x0000024d253bed40 DEOPT PACKING pc=0x0000024d0e053250 sp=0x000000b5724fe030
Event: 36.252 Thread 0x0000024d253bed40 DEOPT UNPACKING pc=0x0000024d0d442b43 sp=0x000000b5724fd520 mode 0
Event: 36.256 Thread 0x0000024d253bed40 DEOPT PACKING pc=0x0000024d0e053250 sp=0x000000b5724fdeb0
Event: 36.256 Thread 0x0000024d253bed40 DEOPT UNPACKING pc=0x0000024d0d442b43 sp=0x000000b5724fd3a0 mode 0
Event: 36.268 Thread 0x0000024d253bed40 Uncommon trap: trap_request=0xffffff45 fr.pc=0x0000024d15143a04 relative=0x00000000000000c4
Event: 36.268 Thread 0x0000024d253bed40 Uncommon trap: reason=unstable_if action=reinterpret pc=0x0000024d15143a04 method=javafx.scene.layout.Region.maxWidth(D)D @ 10 c2
Event: 36.268 Thread 0x0000024d253bed40 DEOPT PACKING pc=0x0000024d15143a04 sp=0x000000b5724fe5b0
Event: 36.268 Thread 0x0000024d253bed40 DEOPT UNPACKING pc=0x0000024d0d4423a3 sp=0x000000b5724fe550 mode 2
Event: 36.268 Thread 0x0000024d253bed40 Uncommon trap: trap_request=0xffffff45 fr.pc=0x0000024d1515f984 relative=0x00000000000000c4
Event: 36.268 Thread 0x0000024d253bed40 Uncommon trap: reason=unstable_if action=reinterpret pc=0x0000024d1515f984 method=javafx.scene.layout.Region.maxHeight(D)D @ 10 c2
Event: 36.268 Thread 0x0000024d253bed40 DEOPT PACKING pc=0x0000024d1515f984 sp=0x000000b5724fe5b0
Event: 36.268 Thread 0x0000024d253bed40 DEOPT UNPACKING pc=0x0000024d0d4423a3 sp=0x000000b5724fe550 mode 2
Event: 36.292 Thread 0x0000024d25469060 Uncommon trap: trap_request=0xffffff45 fr.pc=0x0000024d15169484 relative=0x0000000000001aa4
Event: 36.292 Thread 0x0000024d25469060 Uncommon trap: reason=unstable_if action=reinterpret pc=0x0000024d15169484 method=com.sun.javafx.geom.transform.GeneralTransform3D.transform(Lcom/sun/javafx/geom/BaseBounds;Lcom/sun/javafx/geom/BaseBounds;)Lcom/sun/javafx/geom/BaseBounds; @ 4 c2
Event: 36.292 Thread 0x0000024d25469060 DEOPT PACKING pc=0x0000024d15169484 sp=0x000000b5720fea40
Event: 36.292 Thread 0x0000024d25469060 DEOPT UNPACKING pc=0x0000024d0d4423a3 sp=0x000000b5720fe788 mode 2

Classes unloaded (0 events):
No events

Classes redefined (0 events):
No events

Internal exceptions (20 events):
Event: 6.294 Thread 0x0000024d253bed40 Exception <a 'java/io/FileNotFoundException'{0x00000000862a1b70}> (0x00000000862a1b70) 
thrown [t:\workspace\open\src\hotspot\share\prims\jni.cpp, line 516]
Event: 6.397 Thread 0x0000024d253bed40 Exception <a 'java/lang/NoSuchMethodError'{0x0000000085e218b8}: 'java.lang.Object java.lang.invoke.DirectMethodHandle$Holder.invokeStaticInit(java.lang.Object, int, int, int, int)'> (0x0000000085e218b8) 
thrown [t:\workspace\open\src\hotspot\share\interpreter\linkResolver.cpp, line 766]
Event: 6.435 Thread 0x0000024d253bed40 Exception <a 'java/lang/NoSuchMethodError'{0x0000000085e4f278}: 'java.lang.Object java.lang.invoke.DirectMethodHandle$Holder.invokeStaticInit(java.lang.Object, java.lang.Object, int, int, int, int)'> (0x0000000085e4f278) 
thrown [t:\workspace\open\src\hotspot\share\interpreter\linkResolver.cpp, line 766]
Event: 6.465 Thread 0x0000024d253bed40 Exception <a 'java/lang/NoSuchMethodError'{0x0000000085d4ef70}: 'org.slf4j.impl.StaticMDCBinder org.slf4j.impl.StaticMDCBinder.getSingleton()'> (0x0000000085d4ef70) 
thrown [t:\workspace\open\src\hotspot\share\interpreter\linkResolver.cpp, line 766]
Event: 11.266 Thread 0x0000024d253bed40 Exception <a 'java/lang/NoSuchMethodError'{0x000000008581ec30}: 'java.lang.Object java.lang.invoke.DirectMethodHandle$Holder.newInvokeSpecial(java.lang.Object, java.lang.Object, int, int, int, int, int, java.lang.Object)'> (0x000000008581ec30) 
thrown [t:\workspace\open\src\hotspot\share\interpreter\linkResolver.cpp, line 766]
Event: 11.267 Thread 0x0000024d253bed40 Exception <a 'java/lang/NoSuchMethodError'{0x0000000085831c10}: 'java.lang.Object java.lang.invoke.DirectMethodHandle$Holder.newInvokeSpecial(java.lang.Object, java.lang.Object, java.lang.Object, int, int, int, int, int)'> (0x0000000085831c10) 
thrown [t:\workspace\open\src\hotspot\share\interpreter\linkResolver.cpp, line 766]
Event: 11.268 Thread 0x0000024d253bed40 Exception <a 'java/lang/NoSuchMethodError'{0x0000000085839470}: 'java.lang.Object java.lang.invoke.Invokers$Holder.linkToTargetMethod(java.lang.Object, java.lang.Object, int, int, int, int, int, java.lang.Object)'> (0x0000000085839470) 
thrown [t:\workspace\open\src\hotspot\share\interpreter\linkResolver.cpp, line 766]
Event: 17.127 Thread 0x0000024d253bed40 Exception <a 'java/lang/NoSuchMethodError'{0x00000000850aa418}: 'int java.lang.invoke.DirectMethodHandle$Holder.invokeSpecial(java.lang.Object, java.lang.Object, int)'> (0x00000000850aa418) 
thrown [t:\workspace\open\src\hotspot\share\interpreter\linkResolver.cpp, line 766]
Event: 23.837 Thread 0x0000024d253bed40 Exception <a 'java/io/FileNotFoundException'{0x0000000089284750}> (0x0000000089284750) 
thrown [t:\workspace\open\src\hotspot\share\prims\jni.cpp, line 516]
Event: 24.064 Thread 0x0000024d253bed40 Exception <a 'java/io/FileNotFoundException'{0x00000000892ef530}> (0x00000000892ef530) 
thrown [t:\workspace\open\src\hotspot\share\prims\jni.cpp, line 516]
Event: 24.268 Thread 0x0000024d253bed40 Exception <a 'java/io/FileNotFoundException'{0x0000000089156f98}> (0x0000000089156f98) 
thrown [t:\workspace\open\src\hotspot\share\prims\jni.cpp, line 516]
Event: 24.514 Thread 0x0000024d253bed40 Exception <a 'java/io/FileNotFoundException'{0x00000000891beca8}> (0x00000000891beca8) 
thrown [t:\workspace\open\src\hotspot\share\prims\jni.cpp, line 516]
Event: 24.973 Thread 0x0000024d253bed40 Exception <a 'java/io/FileNotFoundException'{0x000000008903cd18}> (0x000000008903cd18) 
thrown [t:\workspace\open\src\hotspot\share\prims\jni.cpp, line 516]
Event: 25.179 Thread 0x0000024d253bed40 Exception <a 'java/io/FileNotFoundException'{0x000000008ab20130}> (0x000000008ab20130) 
thrown [t:\workspace\open\src\hotspot\share\prims\jni.cpp, line 516]
Event: 25.445 Thread 0x0000024d253bed40 Exception <a 'java/io/FileNotFoundException'{0x000000008ab15d50}> (0x000000008ab15d50) 
thrown [t:\workspace\open\src\hotspot\share\prims\jni.cpp, line 516]
Event: 25.713 Thread 0x0000024d253bed40 Exception <a 'java/io/FileNotFoundException'{0x000000008ab14820}> (0x000000008ab14820) 
thrown [t:\workspace\open\src\hotspot\share\prims\jni.cpp, line 516]
Event: 25.951 Thread 0x0000024d253bed40 Exception <a 'java/io/FileNotFoundException'{0x000000008ab15510}> (0x000000008ab15510) 
thrown [t:\workspace\open\src\hotspot\share\prims\jni.cpp, line 516]
Event: 27.695 Thread 0x0000024d253bed40 Exception <a 'java/io/FileNotFoundException'{0x000000008ab68648}> (0x000000008ab68648) 
thrown [t:\workspace\open\src\hotspot\share\prims\jni.cpp, line 516]
Event: 28.029 Thread 0x0000024d253bed40 Exception <a 'java/io/FileNotFoundException'{0x000000008ab2dad0}> (0x000000008ab2dad0) 
thrown [t:\workspace\open\src\hotspot\share\prims\jni.cpp, line 516]
Event: 28.252 Thread 0x0000024d253bed40 Exception <a 'java/io/FileNotFoundException'{0x000000008ab13e40}> (0x000000008ab13e40) 
thrown [t:\workspace\open\src\hotspot\share\prims\jni.cpp, line 516]

VM Operations (20 events):
Event: 32.307 Executing VM operation: Cleanup
Event: 32.308 Executing VM operation: Cleanup done
Event: 34.308 Executing VM operation: Cleanup
Event: 34.308 Executing VM operation: Cleanup done
Event: 35.308 Executing VM operation: Cleanup
Event: 35.308 Executing VM operation: Cleanup done
Event: 36.196 Executing VM operation: G1TryInitiateConcMark
Event: 36.198 Executing VM operation: G1TryInitiateConcMark done
Event: 36.212 Executing VM operation: G1Concurrent
Event: 36.214 Executing VM operation: G1Concurrent done
Event: 36.221 Executing VM operation: G1Concurrent
Event: 36.221 Executing VM operation: G1Concurrent done
Event: 36.239 Executing VM operation: G1TryInitiateConcMark
Event: 36.241 Executing VM operation: G1TryInitiateConcMark done
Event: 36.260 Executing VM operation: G1Concurrent
Event: 36.262 Executing VM operation: G1Concurrent done
Event: 36.270 Executing VM operation: G1Concurrent
Event: 36.270 Executing VM operation: G1Concurrent done
Event: 36.292 Executing VM operation: HandshakeAllThreads
Event: 36.292 Executing VM operation: HandshakeAllThreads done

Events (20 events):
Event: 20.445 loading class sun/text/CompactByteArray
Event: 20.445 loading class sun/text/CompactByteArray done
Event: 20.445 loading class sun/text/SupplementaryCharacterData
Event: 20.445 loading class sun/text/SupplementaryCharacterData done
Event: 20.445 loading class java/text/BreakIterator$BreakIteratorCache
Event: 20.445 loading class java/text/BreakIterator$BreakIteratorCache done
Event: 20.994 Thread 0x0000024d2f975770 Thread exited: 0x0000024d2f975770
Event: 23.841 loading class java/lang/Math$RandomNumberGeneratorHolder
Event: 23.841 loading class java/lang/Math$RandomNumberGeneratorHolder done
Event: 24.853 Thread 0x0000024d25155bd0 Thread added: 0x0000024d25155bd0
Event: 25.695 Thread 0x0000024d25155bd0 Thread exited: 0x0000024d25155bd0
Event: 26.221 Thread 0x0000024d2497ed40 Thread added: 0x0000024d2497ed40
Event: 26.596 Thread 0x0000024d2497ed40 Thread exited: 0x0000024d2497ed40
Event: 33.168 Thread 0x0000024d2f6dbe50 Thread added: 0x0000024d2f6dbe50
Event: 33.168 Thread 0x0000024d2497ed40 Thread added: 0x0000024d2497ed40
Event: 34.498 Thread 0x0000024d2497ed40 Thread exited: 0x0000024d2497ed40
Event: 35.712 Thread 0x0000024d2f6dbe50 Thread exited: 0x0000024d2f6dbe50
Event: 36.241 Thread 0x0000024d260dc2f0 Thread exited: 0x0000024d260dc2f0
Event: 36.249 Thread 0x0000024d2517ecb0 Thread added: 0x0000024d2517ecb0
Event: 36.259 Thread 0x0000024d2f6dbe50 Thread added: 0x0000024d2f6dbe50


Dynamic libraries:
0x00007ff648520000 - 0x00007ff648530000 	C:\Program Files\Java\jdk-17.0.2\bin\java.exe
0x00007fff47010000 - 0x00007fff47205000 	C:\WINDOWS\SYSTEM32\ntdll.dll
0x00007fff450e0000 - 0x00007fff4519e000 	C:\WINDOWS\System32\KERNEL32.DLL
0x00007fff44940000 - 0x00007fff44c08000 	C:\WINDOWS\System32\KERNELBASE.dll
0x00007fff44cd0000 - 0x00007fff44dd0000 	C:\WINDOWS\System32\ucrtbase.dll
0x00007fff38ee0000 - 0x00007fff38efa000 	C:\Program Files\Java\jdk-17.0.2\bin\VCRUNTIME140.dll
0x00007fff38d10000 - 0x00007fff38d28000 	C:\Program Files\Java\jdk-17.0.2\bin\jli.dll
0x00007fff460b0000 - 0x00007fff4615e000 	C:\WINDOWS\System32\ADVAPI32.dll
0x00007fff45e40000 - 0x00007fff45ede000 	C:\WINDOWS\System32\msvcrt.dll
0x00007fff46960000 - 0x00007fff469fc000 	C:\WINDOWS\System32\sechost.dll
0x00007fff45ad0000 - 0x00007fff45bf5000 	C:\WINDOWS\System32\RPCRT4.dll
0x00007fff45610000 - 0x00007fff457b0000 	C:\WINDOWS\System32\USER32.dll
0x00007fff44800000 - 0x00007fff44822000 	C:\WINDOWS\System32\win32u.dll
0x00007fff1bf10000 - 0x00007fff1c1aa000 	C:\WINDOWS\WinSxS\amd64_microsoft.windows.common-controls_6595b64144ccf1df_6.0.19041.1110_none_60b5254171f9507e\COMCTL32.dll
0x00007fff45aa0000 - 0x00007fff45acb000 	C:\WINDOWS\System32\GDI32.dll
0x00007fff44830000 - 0x00007fff4493b000 	C:\WINDOWS\System32\gdi32full.dll
0x00007fff44730000 - 0x00007fff447cd000 	C:\WINDOWS\System32\msvcp_win.dll
0x00007fff38fa0000 - 0x00007fff38faa000 	C:\WINDOWS\SYSTEM32\VERSION.dll
0x00007fff45220000 - 0x00007fff45250000 	C:\WINDOWS\System32\IMM32.DLL
0x00007fff3ca80000 - 0x00007fff3ca8c000 	C:\Program Files\Java\jdk-17.0.2\bin\vcruntime140_1.dll
0x00007fff20540000 - 0x00007fff205cd000 	C:\Program Files\Java\jdk-17.0.2\bin\msvcp140.dll
0x00007ffeefc00000 - 0x00007ffef07c1000 	C:\Program Files\Java\jdk-17.0.2\bin\server\jvm.dll
0x00007fff450d0000 - 0x00007fff450d8000 	C:\WINDOWS\System32\PSAPI.DLL
0x00007fff30560000 - 0x00007fff30587000 	C:\WINDOWS\SYSTEM32\WINMM.dll
0x00007fff2b0c0000 - 0x00007fff2b0c9000 	C:\WINDOWS\SYSTEM32\WSOCK32.dll
0x00007fff45880000 - 0x00007fff458eb000 	C:\WINDOWS\System32\WS2_32.dll
0x00007fff42640000 - 0x00007fff42652000 	C:\WINDOWS\SYSTEM32\kernel.appcore.dll
0x00007fff3bb90000 - 0x00007fff3bb9a000 	C:\Program Files\Java\jdk-17.0.2\bin\jimage.dll
0x00007fff3eec0000 - 0x00007fff3f0a4000 	C:\WINDOWS\SYSTEM32\DBGHELP.DLL
0x00007fff3b150000 - 0x00007fff3b17c000 	C:\WINDOWS\SYSTEM32\dbgcore.DLL
0x00007fff44dd0000 - 0x00007fff44e52000 	C:\WINDOWS\System32\bcryptPrimitives.dll
0x00007fff2eca0000 - 0x00007fff2ecc5000 	C:\Program Files\Java\jdk-17.0.2\bin\java.dll
0x00007fff1ebd0000 - 0x00007fff1eca6000 	C:\Program Files\Java\jdk-17.0.2\bin\jsvml.dll
0x00007fff46210000 - 0x00007fff46954000 	C:\WINDOWS\System32\SHELL32.dll
0x00007fff42840000 - 0x00007fff42fd4000 	C:\WINDOWS\SYSTEM32\windows.storage.dll
0x00007fff45250000 - 0x00007fff455a4000 	C:\WINDOWS\System32\combase.dll
0x00007fff44190000 - 0x00007fff441bc000 	C:\WINDOWS\SYSTEM32\Wldp.dll
0x00007fff46000000 - 0x00007fff460ad000 	C:\WINDOWS\System32\SHCORE.dll
0x00007fff45dd0000 - 0x00007fff45e25000 	C:\WINDOWS\System32\shlwapi.dll
0x00007fff44670000 - 0x00007fff4468f000 	C:\WINDOWS\SYSTEM32\profapi.dll
0x00007fff366e0000 - 0x00007fff366f9000 	C:\Program Files\Java\jdk-17.0.2\bin\net.dll
0x00007fff37120000 - 0x00007fff37229000 	C:\WINDOWS\SYSTEM32\WINHTTP.dll
0x00007fff43ef0000 - 0x00007fff43f5a000 	C:\WINDOWS\system32\mswsock.dll
0x00007fff2ed40000 - 0x00007fff2ed56000 	C:\Program Files\Java\jdk-17.0.2\bin\nio.dll
0x00007fff2d620000 - 0x00007fff2d638000 	C:\Program Files\Java\jdk-17.0.2\bin\zip.dll
0x0000024d05b50000 - 0x0000024d05b53000 	C:\Users\alinv\OneDrive\Desktop\javafx-sdk-17.0.2\bin\api-ms-win-core-console-l1-1-0.dll
0x0000024d05b60000 - 0x0000024d05b63000 	C:\Users\alinv\OneDrive\Desktop\javafx-sdk-17.0.2\bin\api-ms-win-core-console-l1-2-0.dll
0x0000024d23d10000 - 0x0000024d23d13000 	C:\Users\alinv\OneDrive\Desktop\javafx-sdk-17.0.2\bin\api-ms-win-core-datetime-l1-1-0.dll
0x0000024d23d20000 - 0x0000024d23d23000 	C:\Users\alinv\OneDrive\Desktop\javafx-sdk-17.0.2\bin\api-ms-win-core-debug-l1-1-0.dll
0x0000024d23d30000 - 0x0000024d23d33000 	C:\Users\alinv\OneDrive\Desktop\javafx-sdk-17.0.2\bin\api-ms-win-core-errorhandling-l1-1-0.dll
0x0000024d23e60000 - 0x0000024d23e64000 	C:\Users\alinv\OneDrive\Desktop\javafx-sdk-17.0.2\bin\api-ms-win-core-file-l1-1-0.dll
0x0000024d23d40000 - 0x0000024d23d43000 	C:\Users\alinv\OneDrive\Desktop\javafx-sdk-17.0.2\bin\api-ms-win-core-file-l1-2-0.dll
0x0000024d23d50000 - 0x0000024d23d53000 	C:\Users\alinv\OneDrive\Desktop\javafx-sdk-17.0.2\bin\api-ms-win-core-file-l2-1-0.dll
0x0000024d23d60000 - 0x0000024d23d63000 	C:\Users\alinv\OneDrive\Desktop\javafx-sdk-17.0.2\bin\api-ms-win-core-handle-l1-1-0.dll
0x0000024d23d70000 - 0x0000024d23d73000 	C:\Users\alinv\OneDrive\Desktop\javafx-sdk-17.0.2\bin\api-ms-win-core-heap-l1-1-0.dll
0x0000024d23d80000 - 0x0000024d23d83000 	C:\Users\alinv\OneDrive\Desktop\javafx-sdk-17.0.2\bin\api-ms-win-core-interlocked-l1-1-0.dll
0x0000024d23d90000 - 0x0000024d23d93000 	C:\Users\alinv\OneDrive\Desktop\javafx-sdk-17.0.2\bin\api-ms-win-core-libraryloader-l1-1-0.dll
0x0000024d23da0000 - 0x0000024d23da3000 	C:\Users\alinv\OneDrive\Desktop\javafx-sdk-17.0.2\bin\api-ms-win-core-localization-l1-2-0.dll
0x0000024d23db0000 - 0x0000024d23db3000 	C:\Users\alinv\OneDrive\Desktop\javafx-sdk-17.0.2\bin\api-ms-win-core-memory-l1-1-0.dll
0x0000024d23dc0000 - 0x0000024d23dc3000 	C:\Users\alinv\OneDrive\Desktop\javafx-sdk-17.0.2\bin\api-ms-win-core-namedpipe-l1-1-0.dll
0x0000024d23dd0000 - 0x0000024d23dd3000 	C:\Users\alinv\OneDrive\Desktop\javafx-sdk-17.0.2\bin\api-ms-win-core-processenvironment-l1-1-0.dll
0x0000024d23de0000 - 0x0000024d23de3000 	C:\Users\alinv\OneDrive\Desktop\javafx-sdk-17.0.2\bin\api-ms-win-core-processthreads-l1-1-0.dll
0x0000024d23df0000 - 0x0000024d23df3000 	C:\Users\alinv\OneDrive\Desktop\javafx-sdk-17.0.2\bin\api-ms-win-core-processthreads-l1-1-1.dll
0x0000024d23e00000 - 0x0000024d23e03000 	C:\Users\alinv\OneDrive\Desktop\javafx-sdk-17.0.2\bin\api-ms-win-core-profile-l1-1-0.dll
0x0000024d23e10000 - 0x0000024d23e13000 	C:\Users\alinv\OneDrive\Desktop\javafx-sdk-17.0.2\bin\api-ms-win-core-rtlsupport-l1-1-0.dll
0x0000024d23e20000 - 0x0000024d23e23000 	C:\Users\alinv\OneDrive\Desktop\javafx-sdk-17.0.2\bin\api-ms-win-core-string-l1-1-0.dll
0x0000024d23e30000 - 0x0000024d23e33000 	C:\Users\alinv\OneDrive\Desktop\javafx-sdk-17.0.2\bin\api-ms-win-core-synch-l1-1-0.dll
0x0000024d23e40000 - 0x0000024d23e43000 	C:\Users\alinv\OneDrive\Desktop\javafx-sdk-17.0.2\bin\api-ms-win-core-synch-l1-2-0.dll
0x0000024d23e50000 - 0x0000024d23e53000 	C:\Users\alinv\OneDrive\Desktop\javafx-sdk-17.0.2\bin\api-ms-win-core-sysinfo-l1-1-0.dll
0x0000024d23ff0000 - 0x0000024d23ff3000 	C:\Users\alinv\OneDrive\Desktop\javafx-sdk-17.0.2\bin\api-ms-win-core-timezone-l1-1-0.dll
0x0000024d23e70000 - 0x0000024d23e73000 	C:\Users\alinv\OneDrive\Desktop\javafx-sdk-17.0.2\bin\api-ms-win-core-util-l1-1-0.dll
0x0000024d23e80000 - 0x0000024d23e83000 	C:\Users\alinv\OneDrive\Desktop\javafx-sdk-17.0.2\bin\api-ms-win-crt-conio-l1-1-0.dll
0x0000024d23e90000 - 0x0000024d23e94000 	C:\Users\alinv\OneDrive\Desktop\javafx-sdk-17.0.2\bin\api-ms-win-crt-convert-l1-1-0.dll
0x0000024d23ea0000 - 0x0000024d23ea3000 	C:\Users\alinv\OneDrive\Desktop\javafx-sdk-17.0.2\bin\api-ms-win-crt-environment-l1-1-0.dll
0x0000024d23eb0000 - 0x0000024d23eb3000 	C:\Users\alinv\OneDrive\Desktop\javafx-sdk-17.0.2\bin\api-ms-win-crt-filesystem-l1-1-0.dll
0x0000024d23ec0000 - 0x0000024d23ec3000 	C:\Users\alinv\OneDrive\Desktop\javafx-sdk-17.0.2\bin\api-ms-win-crt-heap-l1-1-0.dll
0x0000024d23ed0000 - 0x0000024d23ed3000 	C:\Users\alinv\OneDrive\Desktop\javafx-sdk-17.0.2\bin\api-ms-win-crt-locale-l1-1-0.dll
0x0000024d23ee0000 - 0x0000024d23ee5000 	C:\Users\alinv\OneDrive\Desktop\javafx-sdk-17.0.2\bin\api-ms-win-crt-math-l1-1-0.dll
0x0000024d23ef0000 - 0x0000024d23ef5000 	C:\Users\alinv\OneDrive\Desktop\javafx-sdk-17.0.2\bin\api-ms-win-crt-multibyte-l1-1-0.dll
0x0000024d23f00000 - 0x0000024d23f10000 	C:\Users\alinv\OneDrive\Desktop\javafx-sdk-17.0.2\bin\api-ms-win-crt-private-l1-1-0.dll
0x0000024d23f10000 - 0x0000024d23f13000 	C:\Users\alinv\OneDrive\Desktop\javafx-sdk-17.0.2\bin\api-ms-win-crt-process-l1-1-0.dll
0x0000024d23f20000 - 0x0000024d23f24000 	C:\Users\alinv\OneDrive\Desktop\javafx-sdk-17.0.2\bin\api-ms-win-crt-runtime-l1-1-0.dll
0x0000024d23f30000 - 0x0000024d23f34000 	C:\Users\alinv\OneDrive\Desktop\javafx-sdk-17.0.2\bin\api-ms-win-crt-stdio-l1-1-0.dll
0x0000024d23f40000 - 0x0000024d23f44000 	C:\Users\alinv\OneDrive\Desktop\javafx-sdk-17.0.2\bin\api-ms-win-crt-string-l1-1-0.dll
0x0000024d23f50000 - 0x0000024d23f53000 	C:\Users\alinv\OneDrive\Desktop\javafx-sdk-17.0.2\bin\api-ms-win-crt-time-l1-1-0.dll
0x0000024d23f60000 - 0x0000024d23f63000 	C:\Users\alinv\OneDrive\Desktop\javafx-sdk-17.0.2\bin\api-ms-win-crt-utility-l1-1-0.dll
0x00007fff114b0000 - 0x00007fff115ac000 	C:\Users\alinv\OneDrive\Desktop\javafx-sdk-17.0.2\bin\ucrtbase.dll
0x00007fff2f9a0000 - 0x00007fff2f9ba000 	C:\Users\alinv\OneDrive\Desktop\javafx-sdk-17.0.2\bin\vcruntime140.dll
0x00007fff3ce80000 - 0x00007fff3ce8c000 	C:\Users\alinv\OneDrive\Desktop\javafx-sdk-17.0.2\bin\vcruntime140_1.dll
0x00007fff1a760000 - 0x00007fff1a7ed000 	C:\Users\alinv\OneDrive\Desktop\javafx-sdk-17.0.2\bin\msvcp140.dll
0x00007fff2ed00000 - 0x00007fff2ed2a000 	C:\Users\alinv\OneDrive\Desktop\javafx-sdk-17.0.2\bin\prism_d3d.dll
0x00007fff0a570000 - 0x00007fff0a73f000 	C:\WINDOWS\system32\d3d9.dll
0x00007fff42460000 - 0x00007fff4248f000 	C:\WINDOWS\SYSTEM32\dwmapi.dll
0x00007fff3e7a0000 - 0x00007fff3e83e000 	C:\WINDOWS\system32\uxtheme.dll
0x00007fff0a800000 - 0x00007fff0a992000 	C:\WINDOWS\System32\DriverStore\FileRepository\iigd_dch.inf_amd64_d5116a57e81b0c34\igdumdim64.dll
0x00007fff331d0000 - 0x00007fff33323000 	C:\WINDOWS\System32\DriverStore\FileRepository\iigd_dch.inf_amd64_d5116a57e81b0c34\igdgmm64.dll
0x00007fff202c0000 - 0x00007fff20302000 	C:\Users\alinv\OneDrive\Desktop\javafx-sdk-17.0.2\bin\glass.dll
0x00007fff46ef0000 - 0x00007fff46fcb000 	C:\WINDOWS\System32\COMDLG32.dll
0x00007fff45c00000 - 0x00007fff45d2a000 	C:\WINDOWS\System32\ole32.dll
0x00007fff457b0000 - 0x00007fff4587d000 	C:\WINDOWS\System32\OLEAUT32.dll
0x00007fff45ee0000 - 0x00007fff45ff6000 	C:\WINDOWS\System32\MSCTF.dll
0x00007ffee2110000 - 0x00007ffee5d27000 	C:\WINDOWS\System32\DriverStore\FileRepository\iigd_dch.inf_amd64_d5116a57e81b0c34\igd9dxva64.dll
0x00007ffefec00000 - 0x00007ffefec22000 	C:\WINDOWS\System32\DriverStore\FileRepository\iigd_dch.inf_amd64_d5116a57e81b0c34\igdinfo64.dll
0x00007fff30e30000 - 0x00007fff331af000 	C:\WINDOWS\System32\DriverStore\FileRepository\iigd_dch.inf_amd64_d5116a57e81b0c34\igc64.dll
0x00007fff35370000 - 0x00007fff353ab000 	C:\WINDOWS\SYSTEM32\dxcore.dll
0x00007fff44c80000 - 0x00007fff44cce000 	C:\WINDOWS\System32\cfgmgr32.dll
0x00007fff3bb60000 - 0x00007fff3bb70000 	C:\Program Files\Java\jdk-17.0.2\bin\verify.dll
0x00007fff2ece0000 - 0x00007fff2ecf4000 	C:\Users\alinv\OneDrive\Desktop\javafx-sdk-17.0.2\bin\javafx_font.dll
0x00007fff28260000 - 0x00007fff284df000 	C:\WINDOWS\SYSTEM32\dwrite.dll
0x00007fff46160000 - 0x00007fff46209000 	C:\WINDOWS\System32\clbcatq.dll
0x00007fff3e300000 - 0x00007fff3e4b4000 	C:\WINDOWS\SYSTEM32\WindowsCodecs.dll
0x00007fff447d0000 - 0x00007fff447f7000 	C:\WINDOWS\System32\bcrypt.dll
0x00007fff16660000 - 0x00007fff1669e000 	C:\WINDOWS\system32\dataexchange.dll
0x00007fff39740000 - 0x00007fff399a4000 	C:\WINDOWS\system32\d3d11.dll
0x00007fff3a1c0000 - 0x00007fff3a3a5000 	C:\WINDOWS\system32\dcomp.dll
0x00007fff43040000 - 0x00007fff43133000 	C:\WINDOWS\system32\dxgi.dll
0x00007fff3ad50000 - 0x00007fff3af51000 	C:\WINDOWS\system32\twinapi.appcore.dll
0x00007fff20240000 - 0x00007fff20274000 	C:\Program Files\Common Files\Microsoft Shared\Ink\rtscom.dll
0x00007fff2b3d0000 - 0x00007fff2b4c9000 	C:\WINDOWS\SYSTEM32\textinputframework.dll
0x00007fff3a3b0000 - 0x00007fff3a70e000 	C:\WINDOWS\System32\CoreUIComponents.dll
0x00007fff3c0d0000 - 0x00007fff3c1c2000 	C:\WINDOWS\System32\CoreMessaging.dll
0x00007fff43430000 - 0x00007fff43463000 	C:\WINDOWS\SYSTEM32\ntmarta.dll
0x00007fff3dbd0000 - 0x00007fff3dd24000 	C:\WINDOWS\SYSTEM32\wintypes.dll
0x00007fff39b00000 - 0x00007fff3a0c0000 	C:\WINDOWS\SYSTEM32\d2d1.dll
0x00007fff35490000 - 0x00007fff35b86000 	C:\WINDOWS\SYSTEM32\D3D10Warp.dll
0x00007fff43bd0000 - 0x00007fff43c9a000 	C:\WINDOWS\SYSTEM32\DNSAPI.dll
0x00007fff43b90000 - 0x00007fff43bcb000 	C:\WINDOWS\SYSTEM32\IPHLPAPI.DLL
0x00007fff45d30000 - 0x00007fff45d38000 	C:\WINDOWS\System32\NSI.dll

dbghelp: loaded successfully - version: 4.0.5 - missing functions: none
symbol engine: initialized successfully - sym options: 0x614 - pdb path: .;C:\Program Files\Java\jdk-17.0.2\bin;C:\WINDOWS\SYSTEM32;C:\WINDOWS\WinSxS\amd64_microsoft.windows.common-controls_6595b64144ccf1df_6.0.19041.1110_none_60b5254171f9507e;C:\Program Files\Java\jdk-17.0.2\bin\server;C:\Users\alinv\OneDrive\Desktop\javafx-sdk-17.0.2\bin;C:\WINDOWS\System32\DriverStore\FileRepository\iigd_dch.inf_amd64_d5116a57e81b0c34;C:\Program Files\Common Files\Microsoft Shared\Ink

VM Arguments:
jvm_args: --module-path=C:\Users\alinv\OneDrive\Desktop\javafx-sdk-17.0.2\lib --add-modules=javafx.controls,javafx.fxml --module-path=C:\Users\alinv\OneDrive\Desktop\javafx-sdk-17.0.2\lib --add-modules=javafx.controls,javafx.fxml -Dfile.encoding=windows-1252 -Duser.country=US -Duser.language=en -Duser.variant 
java_command: client.Main
java_class_path (initial): C:\Users\alinv\OneDrive\Documents\gitNew\repository-template\client\build\classes\java\main;C:\Users\alinv\OneDrive\Documents\gitNew\repository-template\client\build\resources\main;C:\Users\alinv\OneDrive\Documents\gitNew\repository-template\commons\build\libs\commons-0.0.1-SNAPSHOT.jar;C:\Users\alinv\.gradle\caches\modules-2\files-2.1\org.apache.commons\commons-lang3\3.12.0\c6842c86792ff03b9f1d1fe2aab8dc23aa6c6f0e\commons-lang3-3.12.0.jar;C:\Users\alinv\.gradle\caches\modules-2\files-2.1\org.openjfx\javafx-fxml\17.0.2\5079f88d5345e988222c90a345ad682b7aaccad3\javafx-fxml-17.0.2-win.jar;C:\Users\alinv\.gradle\caches\modules-2\files-2.1\org.openjfx\javafx-fxml\17.0.2\445a173563974cb19549b35a615de4bd8b82be67\javafx-fxml-17.0.2.jar;C:\Users\alinv\.gradle\caches\modules-2\files-2.1\org.openjfx\javafx-controls\17.0.2\707f290bacde2738c0a7e1d0b4a8193002c29cf7\javafx-controls-17.0.2-win.jar;C:\Users\alinv\.gradle\caches\modules-2\files-2.1\org.openjfx\javafx-controls\17.0.2\f52640ea07a0d7fe2ac8b9f945ec58fa22ac1afd\javafx-controls-17.0.2.jar;C:\Users\alinv\.gradle\caches\modules-2\files-2.1\org.openjfx\javafx-graphics\17.0.2\6f95886c8fed3e1b21370a199c3937846ef6b3cc\javafx-graphics-17.0.2-win.jar;C:\Users\alinv\.gradle\caches\modules-2\files-2.1\org.openjfx\javafx-graphics\17.0.2\1eb7ce07e07ccc2fcb26103f07535e72069519d6\javafx-graphics-17.0.2.jar;C:\Users\alinv\.gradle\caches\modules-2\files-2.1\org.openjfx\javafx-base\17.0.2\1bd6dc88b180a6239a5067320c2f0d7f3526e1d2\javafx-base-17.0.2-win.jar;C:\Users\alinv\.gradle\caches\modules-2\files-2.1\org.openjfx\javafx-base\17.0.2\ca46f15a306175ac1513211e1d190a5baacd77cc\javafx-base-17.0.2.jar;C:\Users\alinv\.gradle\caches\modules-2\files-2.1\org.glassfish.jersey.core\jersey-client\3.0.3\8fcae2a641d41cf691d523e2e98a5fac9bdc04f2\jersey-client-3.0.3.jar;C:\Users\alinv\.gradle\caches\modules-2\files-2.1\org.glassfish.jersey.inject\jersey-hk2\3.0.3\6bb80de69e9c1bc869321aee672a865614132cc0\jersey-hk2-3.0.3.jar;C
Launcher Type: SUN_STANDARD

[Global flags]
     intx CICompilerCount                          = 4                                         {product} {ergonomic}
     uint ConcGCThreads                            = 2                                         {product} {ergonomic}
     uint G1ConcRefinementThreads                  = 8                                         {product} {ergonomic}
   size_t G1HeapRegionSize                         = 1048576                                   {product} {ergonomic}
    uintx GCDrainStackTargetSize                   = 64                                        {product} {ergonomic}
   size_t InitialHeapSize                          = 132120576                                 {product} {ergonomic}
   size_t MarkStackSize                            = 4194304                                   {product} {ergonomic}
   size_t MaxHeapSize                              = 2099249152                                {product} {ergonomic}
   size_t MaxNewSize                               = 1259339776                                {product} {ergonomic}
   size_t MinHeapDeltaBytes                        = 1048576                                   {product} {ergonomic}
   size_t MinHeapSize                              = 8388608                                   {product} {ergonomic}
    uintx NonNMethodCodeHeapSize                   = 5839372                                {pd product} {ergonomic}
    uintx NonProfiledCodeHeapSize                  = 122909434                              {pd product} {ergonomic}
    uintx ProfiledCodeHeapSize                     = 122909434                              {pd product} {ergonomic}
    uintx ReservedCodeCacheSize                    = 251658240                              {pd product} {ergonomic}
     bool SegmentedCodeCache                       = true                                      {product} {ergonomic}
   size_t SoftMaxHeapSize                          = 2099249152                             {manageable} {ergonomic}
     bool UseCompressedClassPointers               = true                           {product lp64_product} {ergonomic}
     bool UseCompressedOops                        = true                           {product lp64_product} {ergonomic}
     bool UseG1GC                                  = true                                      {product} {ergonomic}
     bool UseLargePagesIndividualAllocation        = false                                  {pd product} {ergonomic}

Logging:
Log output configuration:
 #0: stdout all=warning uptime,level,tags
 #1: stderr all=off uptime,level,tags

Environment Variables:
JAVA_HOME=C:\Program Files\Java\jdk-17.0.2
PATH=C:\Program Files\Common Files\Oracle\Java\javapath;C:\WINDOWS\system32;C:\WINDOWS;C:\WINDOWS\System32\Wbem;C:\WINDOWS\System32\WindowsPowerShell\v1.0\;C:\WINDOWS\System32\OpenSSH\;C:\Program Files\Git\cmd;C:\Users\alinv\AppData\Local\Microsoft\WindowsApps;C:\Users\alinv\AppData\Local\atom\bin;C:\Users\alinv\AppData\Local\Microsoft\WindowsApps;C:\Users\alinv\AppData\Local\gitkraken\bin
USERNAME=alinv
OS=Windows_NT
PROCESSOR_IDENTIFIER=Intel64 Family 6 Model 142 Stepping 12, GenuineIntel



---------------  S Y S T E M  ---------------

OS:
 Windows 10 , 64 bit Build 19041 (10.0.19041.1566)
OS uptime: 22 days 21:01 hours

CPU: total 8 (initial active 8) (4 cores per cpu, 2 threads per core) family 6 model 142 stepping 12 microcode 0xb8, cx8, cmov, fxsr, ht, mmx, 3dnowpref, sse, sse2, sse3, ssse3, sse4.1, sse4.2, popcnt, lzcnt, tsc, tscinvbit, avx, avx2, aes, erms, clmul, bmi1, bmi2, adx, fma, vzeroupper, clflush, clflushopt

Memory: 4k page, system-wide physical 8005M (932M free)
TotalPageFile size 31393M (AvailPageFile size 9M)
current process WorkingSet (physical memory assigned to process): 464M, peak: 482M
current process commit charge ("private bytes"): 546M, peak: 547M

vm_info: Java HotSpot(TM) 64-Bit Server VM (17.0.2+8-LTS-86) for windows-amd64 JRE (17.0.2+8-LTS-86), built on Dec  7 2021 21:51:03 by "mach5one" with MS VC++ 16.8 / 16.9 (VS2019)

END.
